[0.046s] Invoking command in '/home/rushiksaiii/Desktop/ROS/rpwr-assignments/06_navigation/ros2_ws/build/turtlebot4_gz_gui_plugins': CMAKE_PREFIX_PATH=${CMAKE_PREFIX_PATH}:/home/rushiksaiii/Desktop/ROS/rpwr-assignments/06_navigation/ros2_ws/install/collision_avoid_pkg:/home/rushiksaiii/ros2_ws/install/turtle_party:/opt/ros/jazzy DEBUGINFOD_URLS=https://debuginfod.ubuntu.com /usr/bin/cmake --build /home/rushiksaiii/Desktop/ROS/rpwr-assignments/06_navigation/ros2_ws/build/turtlebot4_gz_gui_plugins -- -j8 -l8
[0.136s] -- Found ament_cmake: 2.5.4 (/opt/ros/jazzy/share/ament_cmake/cmake)
[0.638s] -- Override CMake install command with custom implementation using symlinks instead of copying resources
[0.736s] -- Found gz_gui_vendor: 0.0.5 (/opt/ros/jazzy/share/gz_gui_vendor/cmake)
[0.831s] -- Looking for gz-gui8 -- found version 8.4.0
[0.907s] -- Searching for dependencies of gz-gui8
[1.192s] -- Checking for module 'tinyxml2'
[1.240s] --   Found tinyxml2, version 10.0.0
[1.299s] -- Looking for gz-utils2 -- found version 2.2.1
[1.299s] -- Searching for dependencies of gz-utils2
[1.304s] -- Looking for gz-math7 -- found version 7.5.2
[1.304s] -- Searching for dependencies of gz-math7
[1.304s] -- Looking for gz-utils2 -- found version 2.2.1
[1.310s] -- Looking for gz-common5 -- found version 5.7.1
[1.310s] -- Searching for dependencies of gz-common5
[1.310s] -- Looking for gz-utils2 -- found version 2.2.1
[1.311s] -- Looking for dlfcn.h - found
[1.311s] -- Looking for libdl - found
[1.318s] -- Checking for module 'uuid'
[1.345s] --   Found uuid, version 2.39.3
[1.405s] -- Searching for <gz-common5> component [profiler]
[1.421s] -- Looking for gz-common5-profiler -- found version 5.7.1
[1.421s] -- Searching for dependencies of gz-common5-profiler
[1.429s] -- Looking for gz-plugin2 -- found version 2.0.4
[1.429s] -- Searching for dependencies of gz-plugin2
[1.429s] -- Looking for gz-utils2 -- found version 2.2.1
[1.444s] -- Searching for dependencies of gz-utils2
[1.449s] -- Searching for <gz-utils2> component [cli]
[1.449s] -- Looking for gz-utils2-cli -- found version 2.2.1
[1.449s] -- Searching for dependencies of gz-utils2-cli
[1.459s] -- Searching for <gz-plugin2> component [loader]
[1.466s] -- Looking for gz-plugin2-loader -- found version 2.0.4
[1.466s] -- Searching for dependencies of gz-plugin2-loader
[1.468s] -- Searching for <gz-plugin2> component [register]
[1.478s] -- Looking for gz-plugin2-register -- found version 2.0.4
[1.478s] -- Searching for dependencies of gz-plugin2-register
[1.485s] -- Looking for gz-transport13 -- found version 13.4.1
[1.486s] -- Searching for dependencies of gz-transport13
[1.598s] -- Config-file not installed for ZeroMQ -- checking for pkg-config
[1.601s] -- Checking for module 'libzmq >= 4'
[1.639s] --   Found libzmq, version 4.3.5
[1.780s] -- Looking for gz-utils2 -- found version 2.2.1
[1.786s] -- Looking for gz-msgs10 -- found version 10.3.2
[1.786s] -- Searching for dependencies of gz-msgs10
[1.835s] -- Looking for gz-utils2 -- found version 2.2.1
[1.840s] -- Looking for gz-math7 -- found version 7.5.2
[1.859s] -- Looking for gz-rendering8 -- found version 8.2.2
[1.859s] -- Searching for dependencies of gz-rendering8
[1.859s] -- Looking for gz-math7 -- found version 7.5.2
[1.861s] -- Searching for dependencies of gz-math7
[1.861s] -- Looking for gz-utils2 -- found version 2.2.1
[1.861s] -- Searching for <gz-math7> component [eigen3]
[1.869s] -- Looking for gz-math7-eigen3 -- found version 7.5.2
[1.869s] -- Searching for dependencies of gz-math7-eigen3
[1.877s] -- Looking for gz-common5 -- found version 5.7.1
[1.877s] -- Searching for dependencies of gz-common5
[1.877s] -- Looking for gz-utils2 -- found version 2.2.1
[1.877s] -- Looking for dlfcn.h - found
[1.877s] -- Looking for libdl - found
[1.894s] -- Searching for <gz-common5> component [graphics]
[1.895s] -- Looking for gz-common5-graphics -- found version 5.7.1
[1.895s] -- Searching for dependencies of gz-common5-graphics
[1.896s] -- Looking for gz-math7 -- found version 7.5.2
[1.909s] -- Searching for <gz-common5> component [events]
[1.911s] -- Looking for gz-common5-events -- found version 5.7.1
[1.912s] -- Searching for dependencies of gz-common5-events
[1.912s] -- Looking for gz-math7 -- found version 7.5.2
[1.916s] -- Searching for <gz-common5> component [geospatial]
[1.919s] -- Looking for gz-common5-geospatial -- found version 5.7.1
[1.920s] -- Searching for dependencies of gz-common5-geospatial
[1.920s] -- Looking for gz-math7 -- found version 7.5.2
[1.925s] -- Looking for gz-common5 -- found version 5.7.1
[1.928s] -- Looking for gz-plugin2 -- found version 2.0.4
[1.930s] -- Searching for dependencies of gz-plugin2
[1.932s] -- Looking for gz-utils2 -- found version 2.2.1
[1.932s] -- Searching for <gz-plugin2> component [all]
[1.935s] -- Looking for all libraries of gz-plugin2 -- found version 2.0.4
[1.935s] -- Looking for gz-plugin2 -- found version 2.0.4
[1.937s] -- Looking for gz-utils2 -- found version 2.2.1
[1.964s] -- Looking for gz-msgs10 -- found version 10.3.2
[2.144s] -- Found ament_lint_auto: 0.17.2 (/opt/ros/jazzy/share/ament_lint_auto/cmake)
[2.354s] -- Looking for gz-gui8 -- found version 8.4.0
[2.359s] -- Looking for gz-common5 -- found version 5.7.1
[2.381s] -- Added test 'cppcheck' to perform static code analysis on C / C++ code
[2.383s] -- Configured cppcheck include dirs: 
[2.383s] -- Configured cppcheck exclude dirs and/or files: 
[2.385s] -- Added test 'cpplint' to check C / C++ code against the Google style
[2.385s] -- Configured cpplint exclude dirs and/or files: 
[2.389s] -- Added test 'lint_cmake' to check CMake code style
[2.391s] -- Added test 'xmllint' to check XML markup files
[2.402s] -- Configuring done (2.3s)
[2.502s] -- Generating done (0.0s)
[2.502s] -- Build files have been written to: /home/rushiksaiii/Desktop/ROS/rpwr-assignments/06_navigation/ros2_ws/build/turtlebot4_gz_gui_plugins
[2.552s] [  0%] Built target Turtlebot4Hmi_autogen_timestamp_deps
[2.614s] [ 14%] [34m[1mAutomatic MOC for target Turtlebot4Hmi[0m
[5.423s] [ 14%] Built target Turtlebot4Hmi_autogen
[5.439s] [ 28%] [34m[1mGenerating qrc_Turtlebot4Hmi.cpp[0m
[5.539s] [ 42%] [32mBuilding CXX object Turtlebot4Hmi/CMakeFiles/Turtlebot4Hmi.dir/Turtlebot4Hmi_autogen/mocs_compilation.cpp.o[0m
[5.550s] [ 57%] [32mBuilding CXX object Turtlebot4Hmi/CMakeFiles/Turtlebot4Hmi.dir/Turtlebot4Hmi.cc.o[0m
[5.568s] [ 71%] [32mBuilding CXX object Turtlebot4Hmi/CMakeFiles/Turtlebot4Hmi.dir/qrc_Turtlebot4Hmi.cpp.o[0m
[18.608s] [ 85%] [32m[1mLinking CXX shared library libTurtlebot4Hmi.so[0m
[19.312s] [100%] Built target Turtlebot4Hmi
[19.364s] Invoked command in '/home/rushiksaiii/Desktop/ROS/rpwr-assignments/06_navigation/ros2_ws/build/turtlebot4_gz_gui_plugins' returned '0': CMAKE_PREFIX_PATH=${CMAKE_PREFIX_PATH}:/home/rushiksaiii/Desktop/ROS/rpwr-assignments/06_navigation/ros2_ws/install/collision_avoid_pkg:/home/rushiksaiii/ros2_ws/install/turtle_party:/opt/ros/jazzy DEBUGINFOD_URLS=https://debuginfod.ubuntu.com /usr/bin/cmake --build /home/rushiksaiii/Desktop/ROS/rpwr-assignments/06_navigation/ros2_ws/build/turtlebot4_gz_gui_plugins -- -j8 -l8
[19.379s] Invoking command in '/home/rushiksaiii/Desktop/ROS/rpwr-assignments/06_navigation/ros2_ws/build/turtlebot4_gz_gui_plugins': CMAKE_PREFIX_PATH=${CMAKE_PREFIX_PATH}:/home/rushiksaiii/Desktop/ROS/rpwr-assignments/06_navigation/ros2_ws/install/collision_avoid_pkg:/home/rushiksaiii/ros2_ws/install/turtle_party:/opt/ros/jazzy DEBUGINFOD_URLS=https://debuginfod.ubuntu.com /usr/bin/cmake --install /home/rushiksaiii/Desktop/ROS/rpwr-assignments/06_navigation/ros2_ws/build/turtlebot4_gz_gui_plugins
[19.397s] -- Install configuration: ""
[19.399s] -- Execute custom install script
[19.401s] -- Up-to-date symlink: /home/rushiksaiii/Desktop/ROS/rpwr-assignments/06_navigation/ros2_ws/install/turtlebot4_gz_gui_plugins/share/turtlebot4_gz_gui_plugins/lib/libTurtlebot4Hmi.so
[19.404s] -- Up-to-date symlink: /home/rushiksaiii/Desktop/ROS/rpwr-assignments/06_navigation/ros2_ws/install/turtlebot4_gz_gui_plugins/share/ament_index/resource_index/package_run_dependencies/turtlebot4_gz_gui_plugins
[19.404s] -- Up-to-date symlink: /home/rushiksaiii/Desktop/ROS/rpwr-assignments/06_navigation/ros2_ws/install/turtlebot4_gz_gui_plugins/share/ament_index/resource_index/parent_prefix_path/turtlebot4_gz_gui_plugins
[19.412s] -- Up-to-date symlink: /home/rushiksaiii/Desktop/ROS/rpwr-assignments/06_navigation/ros2_ws/install/turtlebot4_gz_gui_plugins/share/turtlebot4_gz_gui_plugins/environment/ament_prefix_path.sh
[19.415s] -- Up-to-date symlink: /home/rushiksaiii/Desktop/ROS/rpwr-assignments/06_navigation/ros2_ws/install/turtlebot4_gz_gui_plugins/share/turtlebot4_gz_gui_plugins/environment/ament_prefix_path.dsv
[19.415s] -- Up-to-date symlink: /home/rushiksaiii/Desktop/ROS/rpwr-assignments/06_navigation/ros2_ws/install/turtlebot4_gz_gui_plugins/share/turtlebot4_gz_gui_plugins/environment/path.sh
[19.416s] -- Up-to-date symlink: /home/rushiksaiii/Desktop/ROS/rpwr-assignments/06_navigation/ros2_ws/install/turtlebot4_gz_gui_plugins/share/turtlebot4_gz_gui_plugins/environment/path.dsv
[19.420s] -- Up-to-date symlink: /home/rushiksaiii/Desktop/ROS/rpwr-assignments/06_navigation/ros2_ws/install/turtlebot4_gz_gui_plugins/share/turtlebot4_gz_gui_plugins/local_setup.bash
[19.420s] -- Up-to-date symlink: /home/rushiksaiii/Desktop/ROS/rpwr-assignments/06_navigation/ros2_ws/install/turtlebot4_gz_gui_plugins/share/turtlebot4_gz_gui_plugins/local_setup.sh
[19.420s] -- Up-to-date symlink: /home/rushiksaiii/Desktop/ROS/rpwr-assignments/06_navigation/ros2_ws/install/turtlebot4_gz_gui_plugins/share/turtlebot4_gz_gui_plugins/local_setup.zsh
[19.420s] -- Up-to-date symlink: /home/rushiksaiii/Desktop/ROS/rpwr-assignments/06_navigation/ros2_ws/install/turtlebot4_gz_gui_plugins/share/turtlebot4_gz_gui_plugins/local_setup.dsv
[19.421s] -- Symlinking: /home/rushiksaiii/Desktop/ROS/rpwr-assignments/06_navigation/ros2_ws/install/turtlebot4_gz_gui_plugins/share/turtlebot4_gz_gui_plugins/package.dsv
[19.433s] -- Up-to-date symlink: /home/rushiksaiii/Desktop/ROS/rpwr-assignments/06_navigation/ros2_ws/install/turtlebot4_gz_gui_plugins/share/ament_index/resource_index/packages/turtlebot4_gz_gui_plugins
[19.435s] -- Up-to-date symlink: /home/rushiksaiii/Desktop/ROS/rpwr-assignments/06_navigation/ros2_ws/install/turtlebot4_gz_gui_plugins/share/turtlebot4_gz_gui_plugins/cmake/turtlebot4_gz_gui_pluginsConfig.cmake
[19.435s] -- Up-to-date symlink: /home/rushiksaiii/Desktop/ROS/rpwr-assignments/06_navigation/ros2_ws/install/turtlebot4_gz_gui_plugins/share/turtlebot4_gz_gui_plugins/cmake/turtlebot4_gz_gui_pluginsConfig-version.cmake
[19.435s] -- Up-to-date symlink: /home/rushiksaiii/Desktop/ROS/rpwr-assignments/06_navigation/ros2_ws/install/turtlebot4_gz_gui_plugins/share/turtlebot4_gz_gui_plugins/package.xml
[19.447s] Invoked command in '/home/rushiksaiii/Desktop/ROS/rpwr-assignments/06_navigation/ros2_ws/build/turtlebot4_gz_gui_plugins' returned '0': CMAKE_PREFIX_PATH=${CMAKE_PREFIX_PATH}:/home/rushiksaiii/Desktop/ROS/rpwr-assignments/06_navigation/ros2_ws/install/collision_avoid_pkg:/home/rushiksaiii/ros2_ws/install/turtle_party:/opt/ros/jazzy DEBUGINFOD_URLS=https://debuginfod.ubuntu.com /usr/bin/cmake --install /home/rushiksaiii/Desktop/ROS/rpwr-assignments/06_navigation/ros2_ws/build/turtlebot4_gz_gui_plugins
