[0.038s] Invoking command in '/home/rushiksaiii/Desktop/ROS/rpwr-assignments/06_navigation/ros2_ws/build/turtlebot4_gz_gui_plugins': CMAKE_PREFIX_PATH=${CMAKE_PREFIX_PATH}:/home/rushiksaiii/Desktop/ROS/rpwr-assignments/03_ros/install/turtle_party:/home/rushiksaiii/Desktop/ROS/rpwr-assignments/03_ros/install/turtle_new:/home/rushiksaiii/ros2_ws/install/turtle_party:/opt/ros/jazzy DEBUGINFOD_URLS=https://debuginfod.ubuntu.com /usr/bin/cmake --build /home/rushiksaiii/Desktop/ROS/rpwr-assignments/06_navigation/ros2_ws/build/turtlebot4_gz_gui_plugins -- -j8 -l8
[0.138s] [  0%] Built target Turtlebot4Hmi_autogen_timestamp_deps
[0.231s] [ 14%] Built target Turtlebot4Hmi_autogen
[0.294s] [100%] Built target Turtlebot4Hmi
[0.325s] Invoked command in '/home/rushiksaiii/Desktop/ROS/rpwr-assignments/06_navigation/ros2_ws/build/turtlebot4_gz_gui_plugins' returned '0': CMAKE_PREFIX_PATH=${CMAKE_PREFIX_PATH}:/home/rushiksaiii/Desktop/ROS/rpwr-assignments/03_ros/install/turtle_party:/home/rushiksaiii/Desktop/ROS/rpwr-assignments/03_ros/install/turtle_new:/home/rushiksaiii/ros2_ws/install/turtle_party:/opt/ros/jazzy DEBUGINFOD_URLS=https://debuginfod.ubuntu.com /usr/bin/cmake --build /home/rushiksaiii/Desktop/ROS/rpwr-assignments/06_navigation/ros2_ws/build/turtlebot4_gz_gui_plugins -- -j8 -l8
[0.329s] Invoking command in '/home/rushiksaiii/Desktop/ROS/rpwr-assignments/06_navigation/ros2_ws/build/turtlebot4_gz_gui_plugins': CMAKE_PREFIX_PATH=${CMAKE_PREFIX_PATH}:/home/rushiksaiii/Desktop/ROS/rpwr-assignments/03_ros/install/turtle_party:/home/rushiksaiii/Desktop/ROS/rpwr-assignments/03_ros/install/turtle_new:/home/rushiksaiii/ros2_ws/install/turtle_party:/opt/ros/jazzy DEBUGINFOD_URLS=https://debuginfod.ubuntu.com /usr/bin/cmake --install /home/rushiksaiii/Desktop/ROS/rpwr-assignments/06_navigation/ros2_ws/build/turtlebot4_gz_gui_plugins
[0.341s] -- Install configuration: ""
[0.343s] -- Execute custom install script
[0.349s] -- Up-to-date symlink: /home/rushiksaiii/Desktop/ROS/rpwr-assignments/06_navigation/ros2_ws/install/turtlebot4_gz_gui_plugins/share/turtlebot4_gz_gui_plugins/lib/libTurtlebot4Hmi.so
[0.349s] -- Up-to-date symlink: /home/rushiksaiii/Desktop/ROS/rpwr-assignments/06_navigation/ros2_ws/install/turtlebot4_gz_gui_plugins/share/ament_index/resource_index/package_run_dependencies/turtlebot4_gz_gui_plugins
[0.349s] -- Up-to-date symlink: /home/rushiksaiii/Desktop/ROS/rpwr-assignments/06_navigation/ros2_ws/install/turtlebot4_gz_gui_plugins/share/ament_index/resource_index/parent_prefix_path/turtlebot4_gz_gui_plugins
[0.351s] -- Up-to-date symlink: /home/rushiksaiii/Desktop/ROS/rpwr-assignments/06_navigation/ros2_ws/install/turtlebot4_gz_gui_plugins/share/turtlebot4_gz_gui_plugins/environment/ament_prefix_path.sh
[0.351s] -- Up-to-date symlink: /home/rushiksaiii/Desktop/ROS/rpwr-assignments/06_navigation/ros2_ws/install/turtlebot4_gz_gui_plugins/share/turtlebot4_gz_gui_plugins/environment/ament_prefix_path.dsv
[0.351s] -- Up-to-date symlink: /home/rushiksaiii/Desktop/ROS/rpwr-assignments/06_navigation/ros2_ws/install/turtlebot4_gz_gui_plugins/share/turtlebot4_gz_gui_plugins/environment/path.sh
[0.351s] -- Up-to-date symlink: /home/rushiksaiii/Desktop/ROS/rpwr-assignments/06_navigation/ros2_ws/install/turtlebot4_gz_gui_plugins/share/turtlebot4_gz_gui_plugins/environment/path.dsv
[0.351s] -- Up-to-date symlink: /home/rushiksaiii/Desktop/ROS/rpwr-assignments/06_navigation/ros2_ws/install/turtlebot4_gz_gui_plugins/share/turtlebot4_gz_gui_plugins/local_setup.bash
[0.352s] -- Up-to-date symlink: /home/rushiksaiii/Desktop/ROS/rpwr-assignments/06_navigation/ros2_ws/install/turtlebot4_gz_gui_plugins/share/turtlebot4_gz_gui_plugins/local_setup.sh
[0.352s] -- Up-to-date symlink: /home/rushiksaiii/Desktop/ROS/rpwr-assignments/06_navigation/ros2_ws/install/turtlebot4_gz_gui_plugins/share/turtlebot4_gz_gui_plugins/local_setup.zsh
[0.352s] -- Up-to-date symlink: /home/rushiksaiii/Desktop/ROS/rpwr-assignments/06_navigation/ros2_ws/install/turtlebot4_gz_gui_plugins/share/turtlebot4_gz_gui_plugins/local_setup.dsv
[0.352s] -- Symlinking: /home/rushiksaiii/Desktop/ROS/rpwr-assignments/06_navigation/ros2_ws/install/turtlebot4_gz_gui_plugins/share/turtlebot4_gz_gui_plugins/package.dsv
[0.364s] -- Up-to-date symlink: /home/rushiksaiii/Desktop/ROS/rpwr-assignments/06_navigation/ros2_ws/install/turtlebot4_gz_gui_plugins/share/ament_index/resource_index/packages/turtlebot4_gz_gui_plugins
[0.364s] -- Up-to-date symlink: /home/rushiksaiii/Desktop/ROS/rpwr-assignments/06_navigation/ros2_ws/install/turtlebot4_gz_gui_plugins/share/turtlebot4_gz_gui_plugins/cmake/turtlebot4_gz_gui_pluginsConfig.cmake
[0.364s] -- Up-to-date symlink: /home/rushiksaiii/Desktop/ROS/rpwr-assignments/06_navigation/ros2_ws/install/turtlebot4_gz_gui_plugins/share/turtlebot4_gz_gui_plugins/cmake/turtlebot4_gz_gui_pluginsConfig-version.cmake
[0.364s] -- Up-to-date symlink: /home/rushiksaiii/Desktop/ROS/rpwr-assignments/06_navigation/ros2_ws/install/turtlebot4_gz_gui_plugins/share/turtlebot4_gz_gui_plugins/package.xml
[0.369s] Invoked command in '/home/rushiksaiii/Desktop/ROS/rpwr-assignments/06_navigation/ros2_ws/build/turtlebot4_gz_gui_plugins' returned '0': CMAKE_PREFIX_PATH=${CMAKE_PREFIX_PATH}:/home/rushiksaiii/Desktop/ROS/rpwr-assignments/03_ros/install/turtle_party:/home/rushiksaiii/Desktop/ROS/rpwr-assignments/03_ros/install/turtle_new:/home/rushiksaiii/ros2_ws/install/turtle_party:/opt/ros/jazzy DEBUGINFOD_URLS=https://debuginfod.ubuntu.com /usr/bin/cmake --install /home/rushiksaiii/Desktop/ROS/rpwr-assignments/06_navigation/ros2_ws/build/turtlebot4_gz_gui_plugins
