[0.500s] Invoking command in '/home/rushiksaiii/Desktop/ROS/rpwr-assignments/internship/group5_ws/src/door_control_pkg': DEBUGINFOD_URLS=https://debuginfod.ubuntu.com PYTHONPATH=/home/rushiksaiii/Desktop/ROS/rpwr-assignments/internship/group5_ws/build/door_control_pkg/prefix_override:/usr/lib/python3/dist-packages/colcon_core/task/python/colcon_distutils_commands:/home/rushiksaiii/Desktop/ROS/rpwr-assignments/internship/group5_ws/install/door_control_pkg/lib/python3.12/site-packages:${PYTHONPATH} /usr/bin/python3 -W ignore:setup.py install is deprecated -W ignore:easy_install command is deprecated setup.py egg_info --egg-base ../../build/door_control_pkg build --build-base /home/rushiksaiii/Desktop/ROS/rpwr-assignments/internship/group5_ws/build/door_control_pkg/build install --record /home/rushiksaiii/Desktop/ROS/rpwr-assignments/internship/group5_ws/build/door_control_pkg/install.log --single-version-externally-managed
[0.736s] running egg_info
[0.740s] creating ../../build/door_control_pkg/door_control_pkg.egg-info
[0.750s] writing ../../build/door_control_pkg/door_control_pkg.egg-info/PKG-INFO
[0.750s] writing dependency_links to ../../build/door_control_pkg/door_control_pkg.egg-info/dependency_links.txt
[0.750s] writing entry points to ../../build/door_control_pkg/door_control_pkg.egg-info/entry_points.txt
[0.750s] writing requirements to ../../build/door_control_pkg/door_control_pkg.egg-info/requires.txt
[0.750s] writing top-level names to ../../build/door_control_pkg/door_control_pkg.egg-info/top_level.txt
[0.750s] writing manifest file '../../build/door_control_pkg/door_control_pkg.egg-info/SOURCES.txt'
[0.780s] reading manifest file '../../build/door_control_pkg/door_control_pkg.egg-info/SOURCES.txt'
[0.780s] writing manifest file '../../build/door_control_pkg/door_control_pkg.egg-info/SOURCES.txt'
[0.781s] running build
[0.781s] running build_py
[0.783s] creating /home/rushiksaiii/Desktop/ROS/rpwr-assignments/internship/group5_ws/build/door_control_pkg/build
[0.783s] creating /home/rushiksaiii/Desktop/ROS/rpwr-assignments/internship/group5_ws/build/door_control_pkg/build/lib
[0.783s] creating /home/rushiksaiii/Desktop/ROS/rpwr-assignments/internship/group5_ws/build/door_control_pkg/build/lib/door_control_pkg
[0.783s] copying door_control_pkg/__init__.py -> /home/rushiksaiii/Desktop/ROS/rpwr-assignments/internship/group5_ws/build/door_control_pkg/build/lib/door_control_pkg
[0.783s] copying door_control_pkg/door_logic_node.py -> /home/rushiksaiii/Desktop/ROS/rpwr-assignments/internship/group5_ws/build/door_control_pkg/build/lib/door_control_pkg
[0.783s] running install
[0.788s] running install_lib
[0.802s] creating /home/rushiksaiii/Desktop/ROS/rpwr-assignments/internship/group5_ws/install/door_control_pkg/lib/python3.12/site-packages/door_control_pkg
[0.803s] copying /home/rushiksaiii/Desktop/ROS/rpwr-assignments/internship/group5_ws/build/door_control_pkg/build/lib/door_control_pkg/__init__.py -> /home/rushiksaiii/Desktop/ROS/rpwr-assignments/internship/group5_ws/install/door_control_pkg/lib/python3.12/site-packages/door_control_pkg
[0.803s] copying /home/rushiksaiii/Desktop/ROS/rpwr-assignments/internship/group5_ws/build/door_control_pkg/build/lib/door_control_pkg/door_logic_node.py -> /home/rushiksaiii/Desktop/ROS/rpwr-assignments/internship/group5_ws/install/door_control_pkg/lib/python3.12/site-packages/door_control_pkg
[0.803s] byte-compiling /home/rushiksaiii/Desktop/ROS/rpwr-assignments/internship/group5_ws/install/door_control_pkg/lib/python3.12/site-packages/door_control_pkg/__init__.py to __init__.cpython-312.pyc
[0.803s] byte-compiling /home/rushiksaiii/Desktop/ROS/rpwr-assignments/internship/group5_ws/install/door_control_pkg/lib/python3.12/site-packages/door_control_pkg/door_logic_node.py to door_logic_node.cpython-312.pyc
[0.804s] running install_egg_info
[0.819s] Copying ../../build/door_control_pkg/door_control_pkg.egg-info to /home/rushiksaiii/Desktop/ROS/rpwr-assignments/internship/group5_ws/install/door_control_pkg/lib/python3.12/site-packages/door_control_pkg-0.0.0-py3.12.egg-info
[0.820s] running install_scripts
[0.926s] Installing door_logic_node script to /home/rushiksaiii/Desktop/ROS/rpwr-assignments/internship/group5_ws/install/door_control_pkg/lib/door_control_pkg
[0.926s] writing list of installed files to '/home/rushiksaiii/Desktop/ROS/rpwr-assignments/internship/group5_ws/build/door_control_pkg/install.log'
[0.944s] Invoked command in '/home/rushiksaiii/Desktop/ROS/rpwr-assignments/internship/group5_ws/src/door_control_pkg' returned '0': DEBUGINFOD_URLS=https://debuginfod.ubuntu.com PYTHONPATH=/home/rushiksaiii/Desktop/ROS/rpwr-assignments/internship/group5_ws/build/door_control_pkg/prefix_override:/usr/lib/python3/dist-packages/colcon_core/task/python/colcon_distutils_commands:/home/rushiksaiii/Desktop/ROS/rpwr-assignments/internship/group5_ws/install/door_control_pkg/lib/python3.12/site-packages:${PYTHONPATH} /usr/bin/python3 -W ignore:setup.py install is deprecated -W ignore:easy_install command is deprecated setup.py egg_info --egg-base ../../build/door_control_pkg build --build-base /home/rushiksaiii/Desktop/ROS/rpwr-assignments/internship/group5_ws/build/door_control_pkg/build install --record /home/rushiksaiii/Desktop/ROS/rpwr-assignments/internship/group5_ws/build/door_control_pkg/install.log --single-version-externally-managed
