-- The C compiler identification is GNU 13.3.0
-- The CXX compiler identification is GNU 13.3.0
-- Detecting C compiler ABI info
-- Detecting C compiler ABI info - done
-- Check for working C compiler: /usr/bin/cc - skipped
-- Detecting C compile features
-- Detecting C compile features - done
-- Detecting CXX compiler ABI info
-- Detecting CXX compiler ABI info - done
-- Check for working CXX compiler: /usr/bin/c++ - skipped
-- Detecting CXX compile features
-- Detecting CXX compile features - done
-- Found ament_cmake: 2.5.4 (/opt/ros/jazzy/share/ament_cmake/cmake)
-- Found Python3: /usr/bin/python3 (found version "3.12.3") found components: Interpreter 
-- Override CMake install command with custom implementation using symlinks instead of copying resources
-- Found gz_gui_vendor: 0.0.5 (/opt/ros/jazzy/share/gz_gui_vendor/cmake)
-- Looking for gz-gui8 -- found version 8.4.0
-- Searching for dependencies of gz-gui8
-- Found Protobuf: /usr/lib/aarch64-linux-gnu/libprotobuf.so (found version "3.21.12") 
-- Checking for module 'tinyxml2'
--   Found tinyxml2, version 10.0.0
-- Looking for gz-utils2 -- found version 2.2.1
-- Searching for dependencies of gz-utils2
-- Looking for gz-math7 -- found version 7.5.2
-- Searching for dependencies of gz-math7
-- Looking for gz-utils2 -- found version 2.2.1
-- Looking for gz-common5 -- found version 5.7.1
-- Searching for dependencies of gz-common5
-- Looking for gz-utils2 -- found version 2.2.1
-- Looking for dlfcn.h - found
-- Looking for libdl - found
-- Found DL: TRUE  
-- Checking for module 'uuid'
--   Found uuid, version 2.39.3
-- Found UUID: TRUE  
-- Searching for <gz-common5> component [profiler]
-- Looking for gz-common5-profiler -- found version 5.7.1
-- Searching for dependencies of gz-common5-profiler
-- Looking for gz-plugin2 -- found version 2.0.4
-- Searching for dependencies of gz-plugin2
-- Looking for gz-utils2 -- found version 2.2.1
-- Searching for dependencies of gz-utils2
-- Searching for <gz-utils2> component [cli]
-- Looking for gz-utils2-cli -- found version 2.2.1
-- Searching for dependencies of gz-utils2-cli
-- Searching for <gz-plugin2> component [loader]
-- Looking for gz-plugin2-loader -- found version 2.0.4
-- Searching for dependencies of gz-plugin2-loader
-- Searching for <gz-plugin2> component [register]
-- Looking for gz-plugin2-register -- found version 2.0.4
-- Searching for dependencies of gz-plugin2-register
-- Looking for gz-transport13 -- found version 13.4.1
-- Searching for dependencies of gz-transport13
-- Config-file not installed for ZeroMQ -- checking for pkg-config
-- Checking for module 'libzmq >= 4'
--   Found libzmq, version 4.3.5
-- Found ZeroMQ: TRUE (Required is at least version "4") 
-- Looking for gz-utils2 -- found version 2.2.1
-- Looking for gz-msgs10 -- found version 10.3.2
-- Searching for dependencies of gz-msgs10
-- Looking for gz-utils2 -- found version 2.2.1
-- Looking for gz-math7 -- found version 7.5.2
-- Looking for gz-rendering8 -- found version 8.2.2
-- Searching for dependencies of gz-rendering8
-- Looking for gz-math7 -- found version 7.5.2
-- Searching for dependencies of gz-math7
-- Looking for gz-utils2 -- found version 2.2.1
-- Searching for <gz-math7> component [eigen3]
-- Looking for gz-math7-eigen3 -- found version 7.5.2
-- Searching for dependencies of gz-math7-eigen3
-- Looking for gz-common5 -- found version 5.7.1
-- Searching for dependencies of gz-common5
-- Looking for gz-utils2 -- found version 2.2.1
-- Looking for dlfcn.h - found
-- Looking for libdl - found
-- Searching for <gz-common5> component [graphics]
-- Looking for gz-common5-graphics -- found version 5.7.1
-- Searching for dependencies of gz-common5-graphics
-- Looking for gz-math7 -- found version 7.5.2
-- Found GzAssimp: TRUE (found version "5.3.0") 
-- Searching for <gz-common5> component [events]
-- Looking for gz-common5-events -- found version 5.7.1
-- Searching for dependencies of gz-common5-events
-- Looking for gz-math7 -- found version 7.5.2
-- Searching for <gz-common5> component [geospatial]
-- Looking for gz-common5-geospatial -- found version 5.7.1
-- Searching for dependencies of gz-common5-geospatial
-- Looking for gz-math7 -- found version 7.5.2
-- Looking for gz-common5 -- found version 5.7.1
-- Looking for gz-plugin2 -- found version 2.0.4
-- Searching for dependencies of gz-plugin2
-- Looking for gz-utils2 -- found version 2.2.1
-- Searching for <gz-plugin2> component [all]
-- Looking for all libraries of gz-plugin2 -- found version 2.0.4
-- Looking for gz-plugin2 -- found version 2.0.4
-- Looking for gz-utils2 -- found version 2.2.1
-- Found OpenGL: /usr/lib/aarch64-linux-gnu/libOpenGL.so  found components: OpenGL 
-- Looking for gz-msgs10 -- found version 10.3.2
-- Found ament_lint_auto: 0.17.2 (/opt/ros/jazzy/share/ament_lint_auto/cmake)
-- Added test 'cppcheck' to perform static code analysis on C / C++ code
-- Configured cppcheck include dirs: 
-- Configured cppcheck exclude dirs and/or files: 
-- Added test 'cpplint' to check C / C++ code against the Google style
-- Configured cpplint exclude dirs and/or files: 
-- Added test 'lint_cmake' to check CMake code style
-- Added test 'xmllint' to check XML markup files
-- Configuring done (1.7s)
-- Generating done (0.0s)
-- Build files have been written to: /home/rushiksaiii/Desktop/ROS/rpwr-assignments/06_navigation/ros2_ws/build/irobot_create_gz_plugins
[  0%] Built target Create3Hmi_autogen_timestamp_deps
[ 14%] [34m[1mAutomatic MOC for target Create3Hmi[0m
[ 14%] Built target Create3Hmi_autogen
[ 28%] [34m[1mGenerating qrc_Create3Hmi.cpp[0m
[ 42%] [32mBuilding CXX object Create3Hmi/CMakeFiles/Create3Hmi.dir/Create3Hmi_autogen/mocs_compilation.cpp.o[0m
[ 57%] [32mBuilding CXX object Create3Hmi/CMakeFiles/Create3Hmi.dir/Create3Hmi.cc.o[0m
[ 71%] [32mBuilding CXX object Create3Hmi/CMakeFiles/Create3Hmi.dir/qrc_Create3Hmi.cpp.o[0m
