[0.035s] Invoking command in '/home/rushiksaiii/Desktop/ROS/rpwr-assignments/06_navigation/ros2_ws/build/irobot_create_gz_plugins': CMAKE_PREFIX_PATH=${CMAKE_PREFIX_PATH}:/home/rushiksaiii/Desktop/ROS/rpwr-assignments/03_ros/install/turtle_party:/home/rushiksaiii/Desktop/ROS/rpwr-assignments/03_ros/install/turtle_new:/home/rushiksaiii/ros2_ws/install/turtle_party:/opt/ros/jazzy DEBUGINFOD_URLS=https://debuginfod.ubuntu.com /usr/bin/cmake /home/rushiksaiii/Desktop/ROS/rpwr-assignments/06_navigation/ros2_ws/src/create3_sim/irobot_create_gz/irobot_create_gz_plugins -DAMENT_CMAKE_SYMLINK_INSTALL=1 -DCMAKE_INSTALL_PREFIX=/home/rushiksaiii/Desktop/ROS/rpwr-assignments/06_navigation/ros2_ws/install/irobot_create_gz_plugins
[0.217s] -- The C compiler identification is GNU 13.3.0
[0.277s] -- The CXX compiler identification is GNU 13.3.0
[0.305s] -- Detecting C compiler ABI info
[0.397s] -- Detecting C compiler ABI info - done
[0.404s] -- Check for working C compiler: /usr/bin/cc - skipped
[0.405s] -- Detecting C compile features
[0.405s] -- Detecting C compile features - done
[0.417s] -- Detecting CXX compiler ABI info
[0.516s] -- Detecting CXX compiler ABI info - done
[0.524s] -- Check for working CXX compiler: /usr/bin/c++ - skipped
[0.528s] -- Detecting CXX compile features
[0.528s] -- Detecting CXX compile features - done
[0.554s] -- Found ament_cmake: 2.5.4 (/opt/ros/jazzy/share/ament_cmake/cmake)
[0.713s] -- Found Python3: /usr/bin/python3 (found version "3.12.3") found components: Interpreter 
[0.787s] -- Override CMake install command with custom implementation using symlinks instead of copying resources
[0.854s] -- Found gz_gui_vendor: 0.0.5 (/opt/ros/jazzy/share/gz_gui_vendor/cmake)
[0.926s] -- Looking for gz-gui8 -- found version 8.4.0
[0.934s] -- Searching for dependencies of gz-gui8
[1.125s] -- Found Protobuf: /usr/lib/aarch64-linux-gnu/libprotobuf.so (found version "3.21.12") 
[1.138s] -- Checking for module 'tinyxml2'
[1.161s] --   Found tinyxml2, version 10.0.0
[1.188s] -- Looking for gz-utils2 -- found version 2.2.1
[1.189s] -- Searching for dependencies of gz-utils2
[1.195s] -- Looking for gz-math7 -- found version 7.5.2
[1.195s] -- Searching for dependencies of gz-math7
[1.195s] -- Looking for gz-utils2 -- found version 2.2.1
[1.199s] -- Looking for gz-common5 -- found version 5.7.1
[1.199s] -- Searching for dependencies of gz-common5
[1.199s] -- Looking for gz-utils2 -- found version 2.2.1
[1.203s] -- Looking for dlfcn.h - found
[1.203s] -- Looking for libdl - found
[1.203s] -- Found DL: TRUE  
[1.206s] -- Checking for module 'uuid'
[1.228s] --   Found uuid, version 2.39.3
[1.273s] -- Found UUID: TRUE  
[1.274s] -- Searching for <gz-common5> component [profiler]
[1.278s] -- Looking for gz-common5-profiler -- found version 5.7.1
[1.280s] -- Searching for dependencies of gz-common5-profiler
[1.284s] -- Looking for gz-plugin2 -- found version 2.0.4
[1.285s] -- Searching for dependencies of gz-plugin2
[1.285s] -- Looking for gz-utils2 -- found version 2.2.1
[1.285s] -- Searching for dependencies of gz-utils2
[1.285s] -- Searching for <gz-utils2> component [cli]
[1.290s] -- Looking for gz-utils2-cli -- found version 2.2.1
[1.290s] -- Searching for dependencies of gz-utils2-cli
[1.293s] -- Searching for <gz-plugin2> component [loader]
[1.296s] -- Looking for gz-plugin2-loader -- found version 2.0.4
[1.297s] -- Searching for dependencies of gz-plugin2-loader
[1.300s] -- Searching for <gz-plugin2> component [register]
[1.303s] -- Looking for gz-plugin2-register -- found version 2.0.4
[1.303s] -- Searching for dependencies of gz-plugin2-register
[1.308s] -- Looking for gz-transport13 -- found version 13.4.1
[1.308s] -- Searching for dependencies of gz-transport13
[1.336s] -- Config-file not installed for ZeroMQ -- checking for pkg-config
[1.340s] -- Checking for module 'libzmq >= 4'
[1.357s] --   Found libzmq, version 4.3.5
[1.401s] -- Found ZeroMQ: TRUE (Required is at least version "4") 
[1.410s] -- Looking for gz-utils2 -- found version 2.2.1
[1.414s] -- Looking for gz-msgs10 -- found version 10.3.2
[1.414s] -- Searching for dependencies of gz-msgs10
[1.434s] -- Looking for gz-utils2 -- found version 2.2.1
[1.434s] -- Looking for gz-math7 -- found version 7.5.2
[1.453s] -- Looking for gz-rendering8 -- found version 8.2.2
[1.453s] -- Searching for dependencies of gz-rendering8
[1.453s] -- Looking for gz-math7 -- found version 7.5.2
[1.453s] -- Searching for dependencies of gz-math7
[1.453s] -- Looking for gz-utils2 -- found version 2.2.1
[1.453s] -- Searching for <gz-math7> component [eigen3]
[1.454s] -- Looking for gz-math7-eigen3 -- found version 7.5.2
[1.454s] -- Searching for dependencies of gz-math7-eigen3
[1.469s] -- Looking for gz-common5 -- found version 5.7.1
[1.469s] -- Searching for dependencies of gz-common5
[1.469s] -- Looking for gz-utils2 -- found version 2.2.1
[1.469s] -- Looking for dlfcn.h - found
[1.469s] -- Looking for libdl - found
[1.477s] -- Searching for <gz-common5> component [graphics]
[1.481s] -- Looking for gz-common5-graphics -- found version 5.7.1
[1.481s] -- Searching for dependencies of gz-common5-graphics
[1.481s] -- Looking for gz-math7 -- found version 7.5.2
[1.488s] -- Found GzAssimp: TRUE (found version "5.3.0") 
[1.490s] -- Searching for <gz-common5> component [events]
[1.494s] -- Looking for gz-common5-events -- found version 5.7.1
[1.494s] -- Searching for dependencies of gz-common5-events
[1.494s] -- Looking for gz-math7 -- found version 7.5.2
[1.498s] -- Searching for <gz-common5> component [geospatial]
[1.502s] -- Looking for gz-common5-geospatial -- found version 5.7.1
[1.502s] -- Searching for dependencies of gz-common5-geospatial
[1.502s] -- Looking for gz-math7 -- found version 7.5.2
[1.503s] -- Looking for gz-common5 -- found version 5.7.1
[1.503s] -- Looking for gz-plugin2 -- found version 2.0.4
[1.503s] -- Searching for dependencies of gz-plugin2
[1.504s] -- Looking for gz-utils2 -- found version 2.2.1
[1.504s] -- Searching for <gz-plugin2> component [all]
[1.514s] -- Looking for all libraries of gz-plugin2 -- found version 2.0.4
[1.514s] -- Looking for gz-plugin2 -- found version 2.0.4
[1.517s] -- Looking for gz-utils2 -- found version 2.2.1
[1.542s] -- Found OpenGL: /usr/lib/aarch64-linux-gnu/libOpenGL.so  found components: OpenGL 
[1.542s] -- Looking for gz-msgs10 -- found version 10.3.2
[1.633s] -- Found ament_lint_auto: 0.17.2 (/opt/ros/jazzy/share/ament_lint_auto/cmake)
[1.744s] -- Added test 'cppcheck' to perform static code analysis on C / C++ code
[1.744s] -- Configured cppcheck include dirs: 
[1.744s] -- Configured cppcheck exclude dirs and/or files: 
[1.746s] -- Added test 'cpplint' to check C / C++ code against the Google style
[1.746s] -- Configured cpplint exclude dirs and/or files: 
[1.747s] -- Added test 'lint_cmake' to check CMake code style
[1.747s] -- Added test 'xmllint' to check XML markup files
[1.749s] -- Configuring done (1.7s)
[1.790s] -- Generating done (0.0s)
[1.791s] -- Build files have been written to: /home/rushiksaiii/Desktop/ROS/rpwr-assignments/06_navigation/ros2_ws/build/irobot_create_gz_plugins
[1.809s] Invoked command in '/home/rushiksaiii/Desktop/ROS/rpwr-assignments/06_navigation/ros2_ws/build/irobot_create_gz_plugins' returned '0': CMAKE_PREFIX_PATH=${CMAKE_PREFIX_PATH}:/home/rushiksaiii/Desktop/ROS/rpwr-assignments/03_ros/install/turtle_party:/home/rushiksaiii/Desktop/ROS/rpwr-assignments/03_ros/install/turtle_new:/home/rushiksaiii/ros2_ws/install/turtle_party:/opt/ros/jazzy DEBUGINFOD_URLS=https://debuginfod.ubuntu.com /usr/bin/cmake /home/rushiksaiii/Desktop/ROS/rpwr-assignments/06_navigation/ros2_ws/src/create3_sim/irobot_create_gz/irobot_create_gz_plugins -DAMENT_CMAKE_SYMLINK_INSTALL=1 -DCMAKE_INSTALL_PREFIX=/home/rushiksaiii/Desktop/ROS/rpwr-assignments/06_navigation/ros2_ws/install/irobot_create_gz_plugins
[1.810s] Invoking command in '/home/rushiksaiii/Desktop/ROS/rpwr-assignments/06_navigation/ros2_ws/build/irobot_create_gz_plugins': CMAKE_PREFIX_PATH=${CMAKE_PREFIX_PATH}:/home/rushiksaiii/Desktop/ROS/rpwr-assignments/03_ros/install/turtle_party:/home/rushiksaiii/Desktop/ROS/rpwr-assignments/03_ros/install/turtle_new:/home/rushiksaiii/ros2_ws/install/turtle_party:/opt/ros/jazzy DEBUGINFOD_URLS=https://debuginfod.ubuntu.com /usr/bin/cmake --build /home/rushiksaiii/Desktop/ROS/rpwr-assignments/06_navigation/ros2_ws/build/irobot_create_gz_plugins -- -j8 -l8
[1.864s] [  0%] Built target Create3Hmi_autogen_timestamp_deps
[1.883s] [ 14%] [34m[1mAutomatic MOC for target Create3Hmi[0m
[2.470s] [ 14%] Built target Create3Hmi_autogen
[2.473s] [ 28%] [34m[1mGenerating qrc_Create3Hmi.cpp[0m
[2.521s] [ 42%] [32mBuilding CXX object Create3Hmi/CMakeFiles/Create3Hmi.dir/Create3Hmi_autogen/mocs_compilation.cpp.o[0m
[2.528s] [ 57%] [32mBuilding CXX object Create3Hmi/CMakeFiles/Create3Hmi.dir/Create3Hmi.cc.o[0m
[2.532s] [ 71%] [32mBuilding CXX object Create3Hmi/CMakeFiles/Create3Hmi.dir/qrc_Create3Hmi.cpp.o[0m
[44.807s] [01m[Kc++:[m[K [01;31m[Kfatal error: [m[KKilled signal terminated program cc1plus
[44.819s] compilation terminated.
[44.864s] gmake[2]: *** [Create3Hmi/CMakeFiles/Create3Hmi.dir/build.make:105: Create3Hmi/CMakeFiles/Create3Hmi.dir/Create3Hmi.cc.o] Error 1
[44.875s] gmake[2]: *** Waiting for unfinished jobs....
[75.250s] [01m[Kc++:[m[K [01;31m[Kfatal error: [m[KKilled signal terminated program cc1plus
[75.252s] compilation terminated.
[75.277s] gmake[2]: *** [Create3Hmi/CMakeFiles/Create3Hmi.dir/build.make:91: Create3Hmi/CMakeFiles/Create3Hmi.dir/Create3Hmi_autogen/mocs_compilation.cpp.o] Error 1
[75.760s] gmake[1]: *** [CMakeFiles/Makefile2:155: Create3Hmi/CMakeFiles/Create3Hmi.dir/all] Error 2
[76.002s] gmake: *** [Makefile:146: all] Error 2
[77.069s] Invoked command in '/home/rushiksaiii/Desktop/ROS/rpwr-assignments/06_navigation/ros2_ws/build/irobot_create_gz_plugins' returned '2': CMAKE_PREFIX_PATH=${CMAKE_PREFIX_PATH}:/home/rushiksaiii/Desktop/ROS/rpwr-assignments/03_ros/install/turtle_party:/home/rushiksaiii/Desktop/ROS/rpwr-assignments/03_ros/install/turtle_new:/home/rushiksaiii/ros2_ws/install/turtle_party:/opt/ros/jazzy DEBUGINFOD_URLS=https://debuginfod.ubuntu.com /usr/bin/cmake --build /home/rushiksaiii/Desktop/ROS/rpwr-assignments/06_navigation/ros2_ws/build/irobot_create_gz_plugins -- -j8 -l8
