-- Found ament_cmake: 2.5.4 (/opt/ros/jazzy/share/ament_cmake/cmake)
-- Override CMake install command with custom implementation using symlinks instead of copying resources
-- Found ament_lint_auto: 0.17.2 (/opt/ros/jazzy/share/ament_lint_auto/cmake)
-- Added test 'flake8' to check Python code syntax and style conventions
-- Configured 'flake8' exclude dirs and/or files: 
-- Added test 'lint_cmake' to check CMake code style
-- Added test 'pep257' to check Python code against some of the docstring style conventions in PEP 257
-- Added test 'xmllint' to check XML markup files
-- Configuring done (0.3s)
-- Generating done (0.0s)
-- Build files have been written to: /home/rushiksaiii/Desktop/ROS/rpwr-assignments/06_navigation/ros2_ws/build/irobot_create_control
-- Install configuration: ""
-- Execute custom install script
-- Up-to-date symlink: /home/rushiksaiii/Desktop/ROS/rpwr-assignments/06_navigation/ros2_ws/install/irobot_create_control/share/irobot_create_control//launch/include/control.py
-- Up-to-date symlink: /home/rushiksaiii/Desktop/ROS/rpwr-assignments/06_navigation/ros2_ws/install/irobot_create_control/share/irobot_create_control//config/control.yaml
-- Up-to-date symlink: /home/rushiksaiii/Desktop/ROS/rpwr-assignments/06_navigation/ros2_ws/install/irobot_create_control/share/ament_index/resource_index/package_run_dependencies/irobot_create_control
-- Up-to-date symlink: /home/rushiksaiii/Desktop/ROS/rpwr-assignments/06_navigation/ros2_ws/install/irobot_create_control/share/ament_index/resource_index/parent_prefix_path/irobot_create_control
-- Up-to-date symlink: /home/rushiksaiii/Desktop/ROS/rpwr-assignments/06_navigation/ros2_ws/install/irobot_create_control/share/irobot_create_control/environment/ament_prefix_path.sh
-- Up-to-date symlink: /home/rushiksaiii/Desktop/ROS/rpwr-assignments/06_navigation/ros2_ws/install/irobot_create_control/share/irobot_create_control/environment/ament_prefix_path.dsv
-- Up-to-date symlink: /home/rushiksaiii/Desktop/ROS/rpwr-assignments/06_navigation/ros2_ws/install/irobot_create_control/share/irobot_create_control/environment/path.sh
-- Up-to-date symlink: /home/rushiksaiii/Desktop/ROS/rpwr-assignments/06_navigation/ros2_ws/install/irobot_create_control/share/irobot_create_control/environment/path.dsv
-- Up-to-date symlink: /home/rushiksaiii/Desktop/ROS/rpwr-assignments/06_navigation/ros2_ws/install/irobot_create_control/share/irobot_create_control/local_setup.bash
-- Up-to-date symlink: /home/rushiksaiii/Desktop/ROS/rpwr-assignments/06_navigation/ros2_ws/install/irobot_create_control/share/irobot_create_control/local_setup.sh
-- Up-to-date symlink: /home/rushiksaiii/Desktop/ROS/rpwr-assignments/06_navigation/ros2_ws/install/irobot_create_control/share/irobot_create_control/local_setup.zsh
-- Up-to-date symlink: /home/rushiksaiii/Desktop/ROS/rpwr-assignments/06_navigation/ros2_ws/install/irobot_create_control/share/irobot_create_control/local_setup.dsv
-- Symlinking: /home/rushiksaiii/Desktop/ROS/rpwr-assignments/06_navigation/ros2_ws/install/irobot_create_control/share/irobot_create_control/package.dsv
-- Up-to-date symlink: /home/rushiksaiii/Desktop/ROS/rpwr-assignments/06_navigation/ros2_ws/install/irobot_create_control/share/ament_index/resource_index/packages/irobot_create_control
-- Up-to-date symlink: /home/rushiksaiii/Desktop/ROS/rpwr-assignments/06_navigation/ros2_ws/install/irobot_create_control/share/irobot_create_control/cmake/irobot_create_controlConfig.cmake
-- Up-to-date symlink: /home/rushiksaiii/Desktop/ROS/rpwr-assignments/06_navigation/ros2_ws/install/irobot_create_control/share/irobot_create_control/cmake/irobot_create_controlConfig-version.cmake
-- Up-to-date symlink: /home/rushiksaiii/Desktop/ROS/rpwr-assignments/06_navigation/ros2_ws/install/irobot_create_control/share/irobot_create_control/package.xml
