-- Found ament_cmake: 2.5.4 (/opt/ros/jazzy/share/ament_cmake/cmake)
-- Override CMake install command with custom implementation using symlinks instead of copying resources
-- Found rclcpp: 28.1.9 (/opt/ros/jazzy/share/rclcpp/cmake)
-- Found rosidl_generator_c: 4.6.5 (/opt/ros/jazzy/share/rosidl_generator_c/cmake)
-- Found rosidl_generator_cpp: 4.6.5 (/opt/ros/jazzy/share/rosidl_generator_cpp/cmake)
-- Using all available rosidl_typesupport_c: rosidl_typesupport_fastrtps_c;rosidl_typesupport_introspection_c
-- Using all available rosidl_typesupport_cpp: rosidl_typesupport_fastrtps_cpp;rosidl_typesupport_introspection_cpp
-- Found rmw_implementation_cmake: 7.3.2 (/opt/ros/jazzy/share/rmw_implementation_cmake/cmake)
-- Found rmw_fastrtps_cpp: 8.4.2 (/opt/ros/jazzy/share/rmw_fastrtps_cpp/cmake)
-- Using RMW implementation 'rmw_fastrtps_cpp' as default
-- Found rclcpp_action: 28.1.9 (/opt/ros/jazzy/share/rclcpp_action/cmake)
-- Found std_msgs: 5.3.6 (/opt/ros/jazzy/share/std_msgs/cmake)
-- Found std_srvs: 5.3.6 (/opt/ros/jazzy/share/std_srvs/cmake)
-- Found sensor_msgs: 5.3.6 (/opt/ros/jazzy/share/sensor_msgs/cmake)
-- Found irobot_create_msgs: 3.0.0 (/opt/ros/jazzy/share/irobot_create_msgs/cmake)
-- Found turtlebot4_msgs: 2.0.1 (/home/rushiksaiii/Desktop/ROS/rpwr-assignments/06_navigation/ros2_ws/install/turtlebot4_msgs/share/turtlebot4_msgs/cmake)
-- Found ament_lint_auto: 0.17.2 (/opt/ros/jazzy/share/ament_lint_auto/cmake)
-- Added test 'cppcheck' to perform static code analysis on C / C++ code
-- Configured cppcheck include dirs: /home/rushiksaiii/Desktop/ROS/rpwr-assignments/06_navigation/ros2_ws/src/turtlebot4/turtlebot4_node/include
-- Configured cppcheck exclude dirs and/or files: 
-- Added test 'cpplint' to check C / C++ code against the Google style
-- Configured cpplint exclude dirs and/or files: 
-- Added test 'lint_cmake' to check CMake code style
-- Added test 'uncrustify' to check C / C++ code style
-- Configured uncrustify additional arguments: 
-- Added test 'xmllint' to check XML markup files
-- Configuring done (0.6s)
-- Generating done (0.1s)
-- Build files have been written to: /home/rushiksaiii/Desktop/ROS/rpwr-assignments/06_navigation/ros2_ws/build/turtlebot4_node
[ 75%] Built target turtlebot4_node_lib
[100%] Built target turtlebot4_node
-- Install configuration: ""
-- Execute custom install script
-- Up-to-date symlink: /home/rushiksaiii/Desktop/ROS/rpwr-assignments/06_navigation/ros2_ws/install/turtlebot4_node/lib/turtlebot4_node/turtlebot4_node
-- Up-to-date symlink: /home/rushiksaiii/Desktop/ROS/rpwr-assignments/06_navigation/ros2_ws/install/turtlebot4_node/include/turtlebot4_node/action.hpp
-- Up-to-date symlink: /home/rushiksaiii/Desktop/ROS/rpwr-assignments/06_navigation/ros2_ws/install/turtlebot4_node/include/turtlebot4_node/buttons.hpp
-- Up-to-date symlink: /home/rushiksaiii/Desktop/ROS/rpwr-assignments/06_navigation/ros2_ws/install/turtlebot4_node/include/turtlebot4_node/display.hpp
-- Up-to-date symlink: /home/rushiksaiii/Desktop/ROS/rpwr-assignments/06_navigation/ros2_ws/install/turtlebot4_node/include/turtlebot4_node/leds.hpp
-- Up-to-date symlink: /home/rushiksaiii/Desktop/ROS/rpwr-assignments/06_navigation/ros2_ws/install/turtlebot4_node/include/turtlebot4_node/service.hpp
-- Up-to-date symlink: /home/rushiksaiii/Desktop/ROS/rpwr-assignments/06_navigation/ros2_ws/install/turtlebot4_node/include/turtlebot4_node/turtlebot4.hpp
-- Up-to-date symlink: /home/rushiksaiii/Desktop/ROS/rpwr-assignments/06_navigation/ros2_ws/install/turtlebot4_node/include/turtlebot4_node/utils.hpp
-- Up-to-date symlink: /home/rushiksaiii/Desktop/ROS/rpwr-assignments/06_navigation/ros2_ws/install/turtlebot4_node/share/ament_index/resource_index/package_run_dependencies/turtlebot4_node
-- Up-to-date symlink: /home/rushiksaiii/Desktop/ROS/rpwr-assignments/06_navigation/ros2_ws/install/turtlebot4_node/share/ament_index/resource_index/parent_prefix_path/turtlebot4_node
-- Up-to-date symlink: /home/rushiksaiii/Desktop/ROS/rpwr-assignments/06_navigation/ros2_ws/install/turtlebot4_node/share/turtlebot4_node/environment/ament_prefix_path.sh
-- Up-to-date symlink: /home/rushiksaiii/Desktop/ROS/rpwr-assignments/06_navigation/ros2_ws/install/turtlebot4_node/share/turtlebot4_node/environment/ament_prefix_path.dsv
-- Up-to-date symlink: /home/rushiksaiii/Desktop/ROS/rpwr-assignments/06_navigation/ros2_ws/install/turtlebot4_node/share/turtlebot4_node/environment/path.sh
-- Up-to-date symlink: /home/rushiksaiii/Desktop/ROS/rpwr-assignments/06_navigation/ros2_ws/install/turtlebot4_node/share/turtlebot4_node/environment/path.dsv
-- Up-to-date symlink: /home/rushiksaiii/Desktop/ROS/rpwr-assignments/06_navigation/ros2_ws/install/turtlebot4_node/share/turtlebot4_node/local_setup.bash
-- Up-to-date symlink: /home/rushiksaiii/Desktop/ROS/rpwr-assignments/06_navigation/ros2_ws/install/turtlebot4_node/share/turtlebot4_node/local_setup.sh
-- Up-to-date symlink: /home/rushiksaiii/Desktop/ROS/rpwr-assignments/06_navigation/ros2_ws/install/turtlebot4_node/share/turtlebot4_node/local_setup.zsh
-- Up-to-date symlink: /home/rushiksaiii/Desktop/ROS/rpwr-assignments/06_navigation/ros2_ws/install/turtlebot4_node/share/turtlebot4_node/local_setup.dsv
-- Symlinking: /home/rushiksaiii/Desktop/ROS/rpwr-assignments/06_navigation/ros2_ws/install/turtlebot4_node/share/turtlebot4_node/package.dsv
-- Up-to-date symlink: /home/rushiksaiii/Desktop/ROS/rpwr-assignments/06_navigation/ros2_ws/install/turtlebot4_node/share/ament_index/resource_index/packages/turtlebot4_node
-- Up-to-date symlink: /home/rushiksaiii/Desktop/ROS/rpwr-assignments/06_navigation/ros2_ws/install/turtlebot4_node/share/turtlebot4_node/cmake/ament_cmake_export_include_directories-extras.cmake
-- Up-to-date symlink: /home/rushiksaiii/Desktop/ROS/rpwr-assignments/06_navigation/ros2_ws/install/turtlebot4_node/share/turtlebot4_node/cmake/turtlebot4_nodeConfig.cmake
-- Up-to-date symlink: /home/rushiksaiii/Desktop/ROS/rpwr-assignments/06_navigation/ros2_ws/install/turtlebot4_node/share/turtlebot4_node/cmake/turtlebot4_nodeConfig-version.cmake
-- Up-to-date symlink: /home/rushiksaiii/Desktop/ROS/rpwr-assignments/06_navigation/ros2_ws/install/turtlebot4_node/share/turtlebot4_node/package.xml
