[0.038s] Invoking command in '/home/rushiksaiii/Desktop/ROS/rpwr-assignments/06_navigation/ros2_ws/build/turtlebot4_navigation': CMAKE_PREFIX_PATH=${CMAKE_PREFIX_PATH}:/home/rushiksaiii/Desktop/ROS/rpwr-assignments/06_navigation/ros2_ws/install/collision_avoid_pkg:/home/rushiksaiii/ros2_ws/install/turtle_party:/opt/ros/jazzy DEBUGINFOD_URLS=https://debuginfod.ubuntu.com /usr/bin/cmake --build /home/rushiksaiii/Desktop/ROS/rpwr-assignments/06_navigation/ros2_ws/build/turtlebot4_navigation -- -j8 -l8
[0.355s] Built target ament_cmake_python_symlink_turtlebot4_navigation
[0.439s] running egg_info
[0.461s] writing turtlebot4_navigation.egg-info/PKG-INFO
[0.461s] writing dependency_links to turtlebot4_navigation.egg-info/dependency_links.txt
[0.462s] writing top-level names to turtlebot4_navigation.egg-info/top_level.txt
[0.520s] reading manifest file 'turtlebot4_navigation.egg-info/SOURCES.txt'
[0.520s] writing manifest file 'turtlebot4_navigation.egg-info/SOURCES.txt'
[0.568s] Built target ament_cmake_python_build_turtlebot4_navigation_egg
[0.610s] Invoked command in '/home/rushiksaiii/Desktop/ROS/rpwr-assignments/06_navigation/ros2_ws/build/turtlebot4_navigation' returned '0': CMAKE_PREFIX_PATH=${CMAKE_PREFIX_PATH}:/home/rushiksaiii/Desktop/ROS/rpwr-assignments/06_navigation/ros2_ws/install/collision_avoid_pkg:/home/rushiksaiii/ros2_ws/install/turtle_party:/opt/ros/jazzy DEBUGINFOD_URLS=https://debuginfod.ubuntu.com /usr/bin/cmake --build /home/rushiksaiii/Desktop/ROS/rpwr-assignments/06_navigation/ros2_ws/build/turtlebot4_navigation -- -j8 -l8
[0.613s] Invoking command in '/home/rushiksaiii/Desktop/ROS/rpwr-assignments/06_navigation/ros2_ws/build/turtlebot4_navigation': CMAKE_PREFIX_PATH=${CMAKE_PREFIX_PATH}:/home/rushiksaiii/Desktop/ROS/rpwr-assignments/06_navigation/ros2_ws/install/collision_avoid_pkg:/home/rushiksaiii/ros2_ws/install/turtle_party:/opt/ros/jazzy DEBUGINFOD_URLS=https://debuginfod.ubuntu.com /usr/bin/cmake --install /home/rushiksaiii/Desktop/ROS/rpwr-assignments/06_navigation/ros2_ws/build/turtlebot4_navigation
[0.627s] -- Install configuration: ""
[0.627s] -- Execute custom install script
[0.628s] -- Up-to-date symlink: /home/rushiksaiii/Desktop/ROS/rpwr-assignments/06_navigation/ros2_ws/install/turtlebot4_navigation/share/turtlebot4_navigation/config/localization.yaml
[0.629s] -- Up-to-date symlink: /home/rushiksaiii/Desktop/ROS/rpwr-assignments/06_navigation/ros2_ws/install/turtlebot4_navigation/share/turtlebot4_navigation/config/nav2.yaml
[0.629s] -- Up-to-date symlink: /home/rushiksaiii/Desktop/ROS/rpwr-assignments/06_navigation/ros2_ws/install/turtlebot4_navigation/share/turtlebot4_navigation/config/slam.yaml
[0.629s] -- Up-to-date symlink: /home/rushiksaiii/Desktop/ROS/rpwr-assignments/06_navigation/ros2_ws/install/turtlebot4_navigation/share/turtlebot4_navigation/launch/localization.launch.py
[0.629s] -- Up-to-date symlink: /home/rushiksaiii/Desktop/ROS/rpwr-assignments/06_navigation/ros2_ws/install/turtlebot4_navigation/share/turtlebot4_navigation/launch/nav2.launch.py
[0.629s] -- Up-to-date symlink: /home/rushiksaiii/Desktop/ROS/rpwr-assignments/06_navigation/ros2_ws/install/turtlebot4_navigation/share/turtlebot4_navigation/launch/slam.launch.py
[0.629s] -- Up-to-date symlink: /home/rushiksaiii/Desktop/ROS/rpwr-assignments/06_navigation/ros2_ws/install/turtlebot4_navigation/share/turtlebot4_navigation/maps/depot.pgm
[0.629s] -- Up-to-date symlink: /home/rushiksaiii/Desktop/ROS/rpwr-assignments/06_navigation/ros2_ws/install/turtlebot4_navigation/share/turtlebot4_navigation/maps/depot.yaml
[0.629s] -- Up-to-date symlink: /home/rushiksaiii/Desktop/ROS/rpwr-assignments/06_navigation/ros2_ws/install/turtlebot4_navigation/share/turtlebot4_navigation/maps/maze.pgm
[0.629s] -- Up-to-date symlink: /home/rushiksaiii/Desktop/ROS/rpwr-assignments/06_navigation/ros2_ws/install/turtlebot4_navigation/share/turtlebot4_navigation/maps/maze.yaml
[0.629s] -- Up-to-date symlink: /home/rushiksaiii/Desktop/ROS/rpwr-assignments/06_navigation/ros2_ws/install/turtlebot4_navigation/share/turtlebot4_navigation/maps/warehouse.pgm
[0.629s] -- Up-to-date symlink: /home/rushiksaiii/Desktop/ROS/rpwr-assignments/06_navigation/ros2_ws/install/turtlebot4_navigation/share/turtlebot4_navigation/maps/warehouse.yaml
[0.629s] -- Up-to-date symlink: /home/rushiksaiii/Desktop/ROS/rpwr-assignments/06_navigation/ros2_ws/install/turtlebot4_navigation/share/turtlebot4_navigation/environment/pythonpath.sh
[0.629s] -- Up-to-date symlink: /home/rushiksaiii/Desktop/ROS/rpwr-assignments/06_navigation/ros2_ws/install/turtlebot4_navigation/share/turtlebot4_navigation/environment/pythonpath.dsv
[0.629s] -- Up-to-date symlink: /home/rushiksaiii/Desktop/ROS/rpwr-assignments/06_navigation/ros2_ws/install/turtlebot4_navigation/lib/python3.12/site-packages/turtlebot4_navigation-2.0.1-py3.12.egg-info/PKG-INFO
[0.629s] -- Up-to-date symlink: /home/rushiksaiii/Desktop/ROS/rpwr-assignments/06_navigation/ros2_ws/install/turtlebot4_navigation/lib/python3.12/site-packages/turtlebot4_navigation-2.0.1-py3.12.egg-info/SOURCES.txt
[0.629s] -- Up-to-date symlink: /home/rushiksaiii/Desktop/ROS/rpwr-assignments/06_navigation/ros2_ws/install/turtlebot4_navigation/lib/python3.12/site-packages/turtlebot4_navigation-2.0.1-py3.12.egg-info/dependency_links.txt
[0.630s] -- Up-to-date symlink: /home/rushiksaiii/Desktop/ROS/rpwr-assignments/06_navigation/ros2_ws/install/turtlebot4_navigation/lib/python3.12/site-packages/turtlebot4_navigation-2.0.1-py3.12.egg-info/top_level.txt
[0.631s] -- Up-to-date symlink: /home/rushiksaiii/Desktop/ROS/rpwr-assignments/06_navigation/ros2_ws/install/turtlebot4_navigation/lib/python3.12/site-packages/turtlebot4_navigation/__init__.py
[0.631s] -- Up-to-date symlink: /home/rushiksaiii/Desktop/ROS/rpwr-assignments/06_navigation/ros2_ws/install/turtlebot4_navigation/lib/python3.12/site-packages/turtlebot4_navigation/turtlebot4_navigator.py
[0.631s] -- Up-to-date symlink: /home/rushiksaiii/Desktop/ROS/rpwr-assignments/06_navigation/ros2_ws/install/turtlebot4_navigation/lib/python3.12/site-packages/turtlebot4_navigator.py
[0.631s] -- Up-to-date symlink: /home/rushiksaiii/Desktop/ROS/rpwr-assignments/06_navigation/ros2_ws/install/turtlebot4_navigation/share/ament_index/resource_index/package_run_dependencies/turtlebot4_navigation
[0.631s] -- Up-to-date symlink: /home/rushiksaiii/Desktop/ROS/rpwr-assignments/06_navigation/ros2_ws/install/turtlebot4_navigation/share/ament_index/resource_index/parent_prefix_path/turtlebot4_navigation
[0.631s] -- Up-to-date symlink: /home/rushiksaiii/Desktop/ROS/rpwr-assignments/06_navigation/ros2_ws/install/turtlebot4_navigation/share/turtlebot4_navigation/environment/ament_prefix_path.sh
[0.631s] -- Up-to-date symlink: /home/rushiksaiii/Desktop/ROS/rpwr-assignments/06_navigation/ros2_ws/install/turtlebot4_navigation/share/turtlebot4_navigation/environment/ament_prefix_path.dsv
[0.631s] -- Up-to-date symlink: /home/rushiksaiii/Desktop/ROS/rpwr-assignments/06_navigation/ros2_ws/install/turtlebot4_navigation/share/turtlebot4_navigation/environment/path.sh
[0.631s] -- Up-to-date symlink: /home/rushiksaiii/Desktop/ROS/rpwr-assignments/06_navigation/ros2_ws/install/turtlebot4_navigation/share/turtlebot4_navigation/environment/path.dsv
[0.631s] -- Up-to-date symlink: /home/rushiksaiii/Desktop/ROS/rpwr-assignments/06_navigation/ros2_ws/install/turtlebot4_navigation/share/turtlebot4_navigation/local_setup.bash
[0.633s] -- Up-to-date symlink: /home/rushiksaiii/Desktop/ROS/rpwr-assignments/06_navigation/ros2_ws/install/turtlebot4_navigation/share/turtlebot4_navigation/local_setup.sh
[0.634s] -- Up-to-date symlink: /home/rushiksaiii/Desktop/ROS/rpwr-assignments/06_navigation/ros2_ws/install/turtlebot4_navigation/share/turtlebot4_navigation/local_setup.zsh
[0.634s] -- Up-to-date symlink: /home/rushiksaiii/Desktop/ROS/rpwr-assignments/06_navigation/ros2_ws/install/turtlebot4_navigation/share/turtlebot4_navigation/local_setup.dsv
[0.634s] -- Symlinking: /home/rushiksaiii/Desktop/ROS/rpwr-assignments/06_navigation/ros2_ws/install/turtlebot4_navigation/share/turtlebot4_navigation/package.dsv
[0.646s] -- Up-to-date symlink: /home/rushiksaiii/Desktop/ROS/rpwr-assignments/06_navigation/ros2_ws/install/turtlebot4_navigation/share/ament_index/resource_index/packages/turtlebot4_navigation
[0.646s] -- Up-to-date symlink: /home/rushiksaiii/Desktop/ROS/rpwr-assignments/06_navigation/ros2_ws/install/turtlebot4_navigation/share/turtlebot4_navigation/cmake/turtlebot4_navigationConfig.cmake
[0.647s] -- Up-to-date symlink: /home/rushiksaiii/Desktop/ROS/rpwr-assignments/06_navigation/ros2_ws/install/turtlebot4_navigation/share/turtlebot4_navigation/cmake/turtlebot4_navigationConfig-version.cmake
[0.648s] -- Up-to-date symlink: /home/rushiksaiii/Desktop/ROS/rpwr-assignments/06_navigation/ros2_ws/install/turtlebot4_navigation/share/turtlebot4_navigation/package.xml
[0.768s] Listing '/home/rushiksaiii/Desktop/ROS/rpwr-assignments/06_navigation/ros2_ws/install/turtlebot4_navigation/lib/python3.12/site-packages/turtlebot4_navigation'...
[0.911s] Invoked command in '/home/rushiksaiii/Desktop/ROS/rpwr-assignments/06_navigation/ros2_ws/build/turtlebot4_navigation' returned '0': CMAKE_PREFIX_PATH=${CMAKE_PREFIX_PATH}:/home/rushiksaiii/Desktop/ROS/rpwr-assignments/06_navigation/ros2_ws/install/collision_avoid_pkg:/home/rushiksaiii/ros2_ws/install/turtle_party:/opt/ros/jazzy DEBUGINFOD_URLS=https://debuginfod.ubuntu.com /usr/bin/cmake --install /home/rushiksaiii/Desktop/ROS/rpwr-assignments/06_navigation/ros2_ws/build/turtlebot4_navigation
