[0.041s] Invoking command in '/home/rushiksaiii/Desktop/ROS/rpwr-assignments/06_navigation/build/turtlebot4_gz_gui_plugins': CMAKE_PREFIX_PATH=${CMAKE_PREFIX_PATH}:/home/rushiksaiii/ros2_ws/install/turtle_party:/opt/ros/jazzy DEBUGINFOD_URLS=https://debuginfod.ubuntu.com /usr/bin/cmake /home/rushiksaiii/Desktop/ROS/rpwr-assignments/06_navigation/ros2_ws/src/turtlebot4_simulator/turtlebot4_gz_gui_plugins -DCMAKE_INSTALL_PREFIX=/home/rushiksaiii/Desktop/ROS/rpwr-assignments/06_navigation/install/turtlebot4_gz_gui_plugins
[0.357s] -- The C compiler identification is GNU 13.3.0
[0.553s] -- The CXX compiler identification is GNU 13.3.0
[0.573s] -- Detecting C compiler ABI info
[0.699s] -- Detecting C compiler ABI info - done
[0.715s] -- Check for working C compiler: /usr/bin/cc - skipped
[0.715s] -- Detecting C compile features
[0.715s] -- Detecting C compile features - done
[0.724s] -- Detecting CXX compiler ABI info
[0.851s] -- Detecting CXX compiler ABI info - done
[0.872s] -- Check for working CXX compiler: /usr/bin/c++ - skipped
[0.873s] -- Detecting CXX compile features
[0.874s] -- Detecting CXX compile features - done
[0.928s] -- Found ament_cmake: 2.5.4 (/opt/ros/jazzy/share/ament_cmake/cmake)
[1.178s] -- Found Python3: /usr/bin/python3 (found version "3.12.3") found components: Interpreter 
[1.377s] -- Found gz_gui_vendor: 0.0.5 (/opt/ros/jazzy/share/gz_gui_vendor/cmake)
[1.486s] -- Looking for gz-gui8 -- found version 8.4.0
[1.494s] -- Searching for dependencies of gz-gui8
[1.748s] -- Found Protobuf: /usr/lib/aarch64-linux-gnu/libprotobuf.so (found version "3.21.12") 
[1.763s] -- Checking for module 'tinyxml2'
[1.792s] --   Found tinyxml2, version 10.0.0
[1.834s] -- Looking for gz-utils2 -- found version 2.2.1
[1.834s] -- Searching for dependencies of gz-utils2
[1.837s] -- Looking for gz-math7 -- found version 7.5.2
[1.838s] -- Searching for dependencies of gz-math7
[1.838s] -- Looking for gz-utils2 -- found version 2.2.1
[1.842s] -- Looking for gz-common5 -- found version 5.7.1
[1.844s] -- Searching for dependencies of gz-common5
[1.844s] -- Looking for gz-utils2 -- found version 2.2.1
[1.844s] -- Looking for dlfcn.h - found
[1.846s] -- Looking for libdl - found
[1.849s] -- Found DL: TRUE  
[1.856s] -- Checking for module 'uuid'
[1.869s] --   Found uuid, version 2.39.3
[1.910s] -- Found UUID: TRUE  
[1.910s] -- Searching for <gz-common5> component [profiler]
[1.914s] -- Looking for gz-common5-profiler -- found version 5.7.1
[1.915s] -- Searching for dependencies of gz-common5-profiler
[1.916s] -- Looking for gz-plugin2 -- found version 2.0.4
[1.917s] -- Searching for dependencies of gz-plugin2
[1.918s] -- Looking for gz-utils2 -- found version 2.2.1
[1.918s] -- Searching for dependencies of gz-utils2
[1.918s] -- Searching for <gz-utils2> component [cli]
[1.924s] -- Looking for gz-utils2-cli -- found version 2.2.1
[1.924s] -- Searching for dependencies of gz-utils2-cli
[1.924s] -- Searching for <gz-plugin2> component [loader]
[1.926s] -- Looking for gz-plugin2-loader -- found version 2.0.4
[1.926s] -- Searching for dependencies of gz-plugin2-loader
[1.928s] -- Searching for <gz-plugin2> component [register]
[1.931s] -- Looking for gz-plugin2-register -- found version 2.0.4
[1.931s] -- Searching for dependencies of gz-plugin2-register
[1.939s] -- Looking for gz-transport13 -- found version 13.4.1
[1.940s] -- Searching for dependencies of gz-transport13
[1.973s] -- Config-file not installed for ZeroMQ -- checking for pkg-config
[1.977s] -- Checking for module 'libzmq >= 4'
[2.000s] --   Found libzmq, version 4.3.5
[2.050s] -- Found ZeroMQ: TRUE (Required is at least version "4") 
[2.058s] -- Looking for gz-utils2 -- found version 2.2.1
[2.059s] -- Looking for gz-msgs10 -- found version 10.3.2
[2.059s] -- Searching for dependencies of gz-msgs10
[2.092s] -- Looking for gz-utils2 -- found version 2.2.1
[2.092s] -- Looking for gz-math7 -- found version 7.5.2
[2.118s] -- Looking for gz-rendering8 -- found version 8.2.2
[2.118s] -- Searching for dependencies of gz-rendering8
[2.118s] -- Looking for gz-math7 -- found version 7.5.2
[2.118s] -- Searching for dependencies of gz-math7
[2.119s] -- Looking for gz-utils2 -- found version 2.2.1
[2.119s] -- Searching for <gz-math7> component [eigen3]
[2.122s] -- Looking for gz-math7-eigen3 -- found version 7.5.2
[2.125s] -- Searching for dependencies of gz-math7-eigen3
[2.138s] -- Looking for gz-common5 -- found version 5.7.1
[2.138s] -- Searching for dependencies of gz-common5
[2.138s] -- Looking for gz-utils2 -- found version 2.2.1
[2.140s] -- Looking for dlfcn.h - found
[2.140s] -- Looking for libdl - found
[2.147s] -- Searching for <gz-common5> component [graphics]
[2.152s] -- Looking for gz-common5-graphics -- found version 5.7.1
[2.152s] -- Searching for dependencies of gz-common5-graphics
[2.152s] -- Looking for gz-math7 -- found version 7.5.2
[2.163s] -- Found GzAssimp: TRUE (found version "5.3.0") 
[2.163s] -- Searching for <gz-common5> component [events]
[2.168s] -- Looking for gz-common5-events -- found version 5.7.1
[2.168s] -- Searching for dependencies of gz-common5-events
[2.168s] -- Looking for gz-math7 -- found version 7.5.2
[2.169s] -- Searching for <gz-common5> component [geospatial]
[2.173s] -- Looking for gz-common5-geospatial -- found version 5.7.1
[2.173s] -- Searching for dependencies of gz-common5-geospatial
[2.175s] -- Looking for gz-math7 -- found version 7.5.2
[2.175s] -- Looking for gz-common5 -- found version 5.7.1
[2.176s] -- Looking for gz-plugin2 -- found version 2.0.4
[2.176s] -- Searching for dependencies of gz-plugin2
[2.179s] -- Looking for gz-utils2 -- found version 2.2.1
[2.179s] -- Searching for <gz-plugin2> component [all]
[2.179s] -- Looking for all libraries of gz-plugin2 -- found version 2.0.4
[2.180s] -- Looking for gz-plugin2 -- found version 2.0.4
[2.182s] -- Looking for gz-utils2 -- found version 2.2.1
[2.214s] -- Found OpenGL: /usr/lib/aarch64-linux-gnu/libOpenGL.so  found components: OpenGL 
[2.220s] -- Looking for gz-msgs10 -- found version 10.3.2
[2.328s] -- Found ament_lint_auto: 0.17.2 (/opt/ros/jazzy/share/ament_lint_auto/cmake)
[2.475s] -- Looking for gz-gui8 -- found version 8.4.0
[2.483s] -- Looking for gz-common5 -- found version 5.7.1
[2.484s] -- Added test 'cppcheck' to perform static code analysis on C / C++ code
[2.486s] -- Configured cppcheck include dirs: 
[2.486s] -- Configured cppcheck exclude dirs and/or files: 
[2.487s] -- Added test 'cpplint' to check C / C++ code against the Google style
[2.488s] -- Configured cpplint exclude dirs and/or files: 
[2.489s] -- Added test 'lint_cmake' to check CMake code style
[2.491s] -- Added test 'xmllint' to check XML markup files
[2.495s] -- Configuring done (2.4s)
[2.521s] -- Generating done (0.0s)
[2.530s] -- Build files have been written to: /home/rushiksaiii/Desktop/ROS/rpwr-assignments/06_navigation/build/turtlebot4_gz_gui_plugins
[2.537s] Invoked command in '/home/rushiksaiii/Desktop/ROS/rpwr-assignments/06_navigation/build/turtlebot4_gz_gui_plugins' returned '0': CMAKE_PREFIX_PATH=${CMAKE_PREFIX_PATH}:/home/rushiksaiii/ros2_ws/install/turtle_party:/opt/ros/jazzy DEBUGINFOD_URLS=https://debuginfod.ubuntu.com /usr/bin/cmake /home/rushiksaiii/Desktop/ROS/rpwr-assignments/06_navigation/ros2_ws/src/turtlebot4_simulator/turtlebot4_gz_gui_plugins -DCMAKE_INSTALL_PREFIX=/home/rushiksaiii/Desktop/ROS/rpwr-assignments/06_navigation/install/turtlebot4_gz_gui_plugins
[2.539s] Invoking command in '/home/rushiksaiii/Desktop/ROS/rpwr-assignments/06_navigation/build/turtlebot4_gz_gui_plugins': CMAKE_PREFIX_PATH=${CMAKE_PREFIX_PATH}:/home/rushiksaiii/ros2_ws/install/turtle_party:/opt/ros/jazzy DEBUGINFOD_URLS=https://debuginfod.ubuntu.com /usr/bin/cmake --build /home/rushiksaiii/Desktop/ROS/rpwr-assignments/06_navigation/build/turtlebot4_gz_gui_plugins -- -j8 -l8
[2.598s] [  0%] Built target Turtlebot4Hmi_autogen_timestamp_deps
[2.617s] [ 14%] [34m[1mAutomatic MOC for target Turtlebot4Hmi[0m
[4.640s] [ 14%] Built target Turtlebot4Hmi_autogen
[4.651s] [ 28%] [34m[1mGenerating qrc_Turtlebot4Hmi.cpp[0m
[4.700s] [ 42%] [32mBuilding CXX object Turtlebot4Hmi/CMakeFiles/Turtlebot4Hmi.dir/Turtlebot4Hmi_autogen/mocs_compilation.cpp.o[0m
[4.700s] [ 57%] [32mBuilding CXX object Turtlebot4Hmi/CMakeFiles/Turtlebot4Hmi.dir/Turtlebot4Hmi.cc.o[0m
[4.716s] [ 71%] [32mBuilding CXX object Turtlebot4Hmi/CMakeFiles/Turtlebot4Hmi.dir/qrc_Turtlebot4Hmi.cpp.o[0m
[30.673s] [01m[Kc++:[m[K [01;31m[Kfatal error: [m[KKilled signal terminated program cc1plus
[30.692s] compilation terminated.
[30.692s] gmake[2]: *** [Turtlebot4Hmi/CMakeFiles/Turtlebot4Hmi.dir/build.make:105: Turtlebot4Hmi/CMakeFiles/Turtlebot4Hmi.dir/Turtlebot4Hmi.cc.o] Error 1
[30.697s] gmake[2]: *** Waiting for unfinished jobs....
[41.602s] [01m[Kc++:[m[K [01;31m[Kfatal error: [m[KKilled signal terminated program cc1plus
[41.605s] compilation terminated.
[41.611s] gmake[2]: *** [Turtlebot4Hmi/CMakeFiles/Turtlebot4Hmi.dir/build.make:91: Turtlebot4Hmi/CMakeFiles/Turtlebot4Hmi.dir/Turtlebot4Hmi_autogen/mocs_compilation.cpp.o] Error 1
[41.614s] gmake[1]: *** [CMakeFiles/Makefile2:155: Turtlebot4Hmi/CMakeFiles/Turtlebot4Hmi.dir/all] Error 2
[41.677s] gmake: *** [Makefile:146: all] Error 2
[43.735s] Invoked command in '/home/rushiksaiii/Desktop/ROS/rpwr-assignments/06_navigation/build/turtlebot4_gz_gui_plugins' returned '2': CMAKE_PREFIX_PATH=${CMAKE_PREFIX_PATH}:/home/rushiksaiii/ros2_ws/install/turtle_party:/opt/ros/jazzy DEBUGINFOD_URLS=https://debuginfod.ubuntu.com /usr/bin/cmake --build /home/rushiksaiii/Desktop/ROS/rpwr-assignments/06_navigation/build/turtlebot4_gz_gui_plugins -- -j8 -l8
