[0.040s] Invoking command in '/home/rushiksaiii/Desktop/ROS/rpwr-assignments/06_navigation/build/turtlebot4_msgs': CMAKE_PREFIX_PATH=${CMAKE_PREFIX_PATH}:/home/rushiksaiii/ros2_ws/install/turtle_party:/opt/ros/jazzy DEBUGINFOD_URLS=https://debuginfod.ubuntu.com /usr/bin/cmake /home/rushiksaiii/Desktop/ROS/rpwr-assignments/06_navigation/ros2_ws/src/turtlebot4/turtlebot4_msgs -DCMAKE_INSTALL_PREFIX=/home/rushiksaiii/Desktop/ROS/rpwr-assignments/06_navigation/install/turtlebot4_msgs
[0.365s] -- The C compiler identification is GNU 13.3.0
[0.557s] -- The CXX compiler identification is GNU 13.3.0
[0.586s] -- Detecting C compiler ABI info
[0.708s] -- Detecting C compiler ABI info - done
[0.723s] -- Check for working C compiler: /usr/bin/cc - skipped
[0.723s] -- Detecting C compile features
[0.724s] -- Detecting C compile features - done
[0.740s] -- Detecting CXX compiler ABI info
[0.870s] -- Detecting CXX compiler ABI info - done
[0.881s] -- Check for working CXX compiler: /usr/bin/c++ - skipped
[0.881s] -- Detecting CXX compile features
[0.882s] -- Detecting CXX compile features - done
[0.938s] -- Found ament_cmake: 2.5.4 (/opt/ros/jazzy/share/ament_cmake/cmake)
[1.205s] -- Found Python3: /usr/bin/python3 (found version "3.12.3") found components: Interpreter 
[1.392s] -- Found ament_lint_auto: 0.17.2 (/opt/ros/jazzy/share/ament_lint_auto/cmake)
[1.556s] -- Found rosidl_default_generators: 1.6.0 (/opt/ros/jazzy/share/rosidl_default_generators/cmake)
[1.589s] -- Using all available rosidl_typesupport_c: rosidl_typesupport_fastrtps_c;rosidl_typesupport_introspection_c
[1.714s] -- Using all available rosidl_typesupport_cpp: rosidl_typesupport_fastrtps_cpp;rosidl_typesupport_introspection_cpp
[1.807s] -- Found rosidl_adapter: 4.6.5 (/opt/ros/jazzy/share/rosidl_adapter/cmake)
[1.824s] -- Found std_msgs: 5.3.6 (/opt/ros/jazzy/share/std_msgs/cmake)
[2.408s] -- Found ament_cmake_ros: 0.12.0 (/opt/ros/jazzy/share/ament_cmake_ros/cmake)
[2.891s] -- Using all available rosidl_typesupport_c: rosidl_typesupport_fastrtps_c;rosidl_typesupport_introspection_c
[3.412s] -- Using all available rosidl_typesupport_cpp: rosidl_typesupport_fastrtps_cpp;rosidl_typesupport_introspection_cpp
[3.417s] -- Found python_cmake_module: 0.11.1 (/opt/ros/jazzy/share/python_cmake_module/cmake)
[3.558s] -- Found PythonExtra: /usr/bin/python3  
[4.832s] -- Found Python3: /usr/bin/python3 (found version "3.12.3") found components: Interpreter Development NumPy Development.Module Development.Embed 
[4.899s] -- Added test 'copyright' to check source files copyright and LICENSE
[4.911s] -- Added test 'lint_cmake' to check CMake code style
[4.925s] -- Added test 'xmllint' to check XML markup files
[4.962s] -- Configuring done (4.8s)
[5.048s] -- Generating done (0.1s)
[5.072s] -- Build files have been written to: /home/rushiksaiii/Desktop/ROS/rpwr-assignments/06_navigation/build/turtlebot4_msgs
[5.113s] Invoked command in '/home/rushiksaiii/Desktop/ROS/rpwr-assignments/06_navigation/build/turtlebot4_msgs' returned '0': CMAKE_PREFIX_PATH=${CMAKE_PREFIX_PATH}:/home/rushiksaiii/ros2_ws/install/turtle_party:/opt/ros/jazzy DEBUGINFOD_URLS=https://debuginfod.ubuntu.com /usr/bin/cmake /home/rushiksaiii/Desktop/ROS/rpwr-assignments/06_navigation/ros2_ws/src/turtlebot4/turtlebot4_msgs -DCMAKE_INSTALL_PREFIX=/home/rushiksaiii/Desktop/ROS/rpwr-assignments/06_navigation/install/turtlebot4_msgs
[5.113s] Invoking command in '/home/rushiksaiii/Desktop/ROS/rpwr-assignments/06_navigation/build/turtlebot4_msgs': CMAKE_PREFIX_PATH=${CMAKE_PREFIX_PATH}:/home/rushiksaiii/ros2_ws/install/turtle_party:/opt/ros/jazzy DEBUGINFOD_URLS=https://debuginfod.ubuntu.com /usr/bin/cmake --build /home/rushiksaiii/Desktop/ROS/rpwr-assignments/06_navigation/build/turtlebot4_msgs -- -j8 -l8
[5.225s] [  1%] [34m[1mGenerating type hashes for ROS interfaces[0m
[5.253s] [  1%] Built target ament_cmake_python_copy_turtlebot4_msgs
[5.974s] [  1%] Built target turtlebot4_msgs__rosidl_generator_type_description
[6.020s] [  3%] [34m[1mGenerating C code for ROS interfaces[0m
[6.213s] [  5%] [34m[1mGenerating C++ code for ROS interfaces[0m
[6.846s] running egg_info
[6.847s] creating turtlebot4_msgs.egg-info
[6.880s] writing turtlebot4_msgs.egg-info/PKG-INFO
[6.880s] writing dependency_links to turtlebot4_msgs.egg-info/dependency_links.txt
[6.880s] writing top-level names to turtlebot4_msgs.egg-info/top_level.txt
[6.880s] writing manifest file 'turtlebot4_msgs.egg-info/SOURCES.txt'
[7.114s] reading manifest file 'turtlebot4_msgs.egg-info/SOURCES.txt'
[7.115s] writing manifest file 'turtlebot4_msgs.egg-info/SOURCES.txt'
[7.158s] [  7%] [32mBuilding C object CMakeFiles/turtlebot4_msgs__rosidl_generator_c.dir/rosidl_generator_c/turtlebot4_msgs/msg/detail/user_led__description.c.o[0m
[7.159s] [  9%] [32mBuilding C object CMakeFiles/turtlebot4_msgs__rosidl_generator_c.dir/rosidl_generator_c/turtlebot4_msgs/msg/detail/user_led__functions.c.o[0m
[7.172s] [ 11%] [32mBuilding C object CMakeFiles/turtlebot4_msgs__rosidl_generator_c.dir/rosidl_generator_c/turtlebot4_msgs/msg/detail/user_led__type_support.c.o[0m
[7.173s] [ 12%] [32mBuilding C object CMakeFiles/turtlebot4_msgs__rosidl_generator_c.dir/rosidl_generator_c/turtlebot4_msgs/msg/detail/user_button__description.c.o[0m
[7.176s] [ 14%] [32mBuilding C object CMakeFiles/turtlebot4_msgs__rosidl_generator_c.dir/rosidl_generator_c/turtlebot4_msgs/msg/detail/user_button__type_support.c.o[0m
[7.181s] [ 16%] [32mBuilding C object CMakeFiles/turtlebot4_msgs__rosidl_generator_c.dir/rosidl_generator_c/turtlebot4_msgs/msg/detail/user_button__functions.c.o[0m
[7.208s] [ 16%] Built target ament_cmake_python_build_turtlebot4_msgs_egg
[7.219s] [ 18%] [32mBuilding C object CMakeFiles/turtlebot4_msgs__rosidl_generator_c.dir/rosidl_generator_c/turtlebot4_msgs/msg/detail/user_display__description.c.o[0m
[7.355s] [ 20%] [32mBuilding C object CMakeFiles/turtlebot4_msgs__rosidl_generator_c.dir/rosidl_generator_c/turtlebot4_msgs/msg/detail/user_display__functions.c.o[0m
[7.377s] [ 22%] [32mBuilding C object CMakeFiles/turtlebot4_msgs__rosidl_generator_c.dir/rosidl_generator_c/turtlebot4_msgs/msg/detail/user_display__type_support.c.o[0m
[7.407s] [ 22%] Built target turtlebot4_msgs__cpp
[7.450s] [ 24%] [32m[1mLinking C shared library libturtlebot4_msgs__rosidl_generator_c.so[0m
[7.559s] [ 24%] Built target turtlebot4_msgs__rosidl_generator_c
[7.592s] [ 25%] [34m[1mGenerating C type support for eProsima Fast-RTPS[0m
[7.592s] [ 27%] [34m[1mGenerating C++ type support for eProsima Fast-RTPS[0m
[7.595s] [ 31%] [34m[1mGenerating C introspection for ROS interfaces[0m
[7.595s] [ 31%] [34m[1mGenerating C type support dispatch for ROS interfaces[0m
[7.599s] [ 33%] [34m[1mGenerating C++ introspection for ROS interfaces[0m
[7.601s] [ 35%] [34m[1mGenerating C++ type support dispatch for ROS interfaces[0m
[8.530s] [ 37%] [32mBuilding CXX object CMakeFiles/turtlebot4_msgs__rosidl_typesupport_c.dir/rosidl_typesupport_c/turtlebot4_msgs/msg/user_button__type_support.cpp.o[0m
[8.549s] [ 38%] [32mBuilding CXX object CMakeFiles/turtlebot4_msgs__rosidl_typesupport_c.dir/rosidl_typesupport_c/turtlebot4_msgs/msg/user_led__type_support.cpp.o[0m
[8.556s] [ 40%] [32mBuilding CXX object CMakeFiles/turtlebot4_msgs__rosidl_typesupport_c.dir/rosidl_typesupport_c/turtlebot4_msgs/msg/user_display__type_support.cpp.o[0m
[8.605s] [ 42%] [32mBuilding CXX object CMakeFiles/turtlebot4_msgs__rosidl_typesupport_cpp.dir/rosidl_typesupport_cpp/turtlebot4_msgs/msg/user_led__type_support.cpp.o[0m
[8.656s] [ 44%] [32mBuilding CXX object CMakeFiles/turtlebot4_msgs__rosidl_typesupport_cpp.dir/rosidl_typesupport_cpp/turtlebot4_msgs/msg/user_button__type_support.cpp.o[0m
[8.685s] [ 46%] [32m[1mLinking CXX shared library libturtlebot4_msgs__rosidl_typesupport_c.so[0m
[8.699s] [ 48%] [32mBuilding CXX object CMakeFiles/turtlebot4_msgs__rosidl_typesupport_cpp.dir/rosidl_typesupport_cpp/turtlebot4_msgs/msg/user_display__type_support.cpp.o[0m
[8.728s] [ 50%] [32mBuilding CXX object CMakeFiles/turtlebot4_msgs__rosidl_typesupport_introspection_cpp.dir/rosidl_typesupport_introspection_cpp/turtlebot4_msgs/msg/detail/user_led__type_support.cpp.o[0m
[8.856s] [ 50%] Built target turtlebot4_msgs__rosidl_typesupport_c
[8.873s] [ 51%] [32mBuilding C object CMakeFiles/turtlebot4_msgs__rosidl_typesupport_introspection_c.dir/rosidl_typesupport_introspection_c/turtlebot4_msgs/msg/detail/user_led__type_support.c.o[0m
[8.889s] [ 53%] [32mBuilding CXX object CMakeFiles/turtlebot4_msgs__rosidl_typesupport_introspection_cpp.dir/rosidl_typesupport_introspection_cpp/turtlebot4_msgs/msg/detail/user_button__type_support.cpp.o[0m
[8.920s] [ 55%] [32mBuilding CXX object CMakeFiles/turtlebot4_msgs__rosidl_typesupport_fastrtps_c.dir/rosidl_typesupport_fastrtps_c/turtlebot4_msgs/msg/detail/user_led__type_support_c.cpp.o[0m
[8.988s] [ 57%] [32mBuilding C object CMakeFiles/turtlebot4_msgs__rosidl_typesupport_introspection_c.dir/rosidl_typesupport_introspection_c/turtlebot4_msgs/msg/detail/user_button__type_support.c.o[0m
[9.045s] [ 59%] [32mBuilding CXX object CMakeFiles/turtlebot4_msgs__rosidl_typesupport_fastrtps_cpp.dir/rosidl_typesupport_fastrtps_cpp/turtlebot4_msgs/msg/detail/dds_fastrtps/user_led__type_support.cpp.o[0m
[9.113s] [ 61%] [32mBuilding C object CMakeFiles/turtlebot4_msgs__rosidl_typesupport_introspection_c.dir/rosidl_typesupport_introspection_c/turtlebot4_msgs/msg/detail/user_display__type_support.c.o[0m
[9.231s] [ 62%] [32m[1mLinking C shared library libturtlebot4_msgs__rosidl_typesupport_introspection_c.so[0m
[9.332s] [ 62%] Built target turtlebot4_msgs__rosidl_typesupport_introspection_c
[9.351s] [ 64%] [32mBuilding CXX object CMakeFiles/turtlebot4_msgs__rosidl_typesupport_introspection_cpp.dir/rosidl_typesupport_introspection_cpp/turtlebot4_msgs/msg/detail/user_display__type_support.cpp.o[0m
[9.486s] [ 66%] [32mBuilding CXX object CMakeFiles/turtlebot4_msgs__rosidl_typesupport_fastrtps_cpp.dir/rosidl_typesupport_fastrtps_cpp/turtlebot4_msgs/msg/detail/dds_fastrtps/user_button__type_support.cpp.o[0m
[9.500s] [ 68%] [32mBuilding CXX object CMakeFiles/turtlebot4_msgs__rosidl_typesupport_fastrtps_c.dir/rosidl_typesupport_fastrtps_c/turtlebot4_msgs/msg/detail/user_button__type_support_c.cpp.o[0m
[9.564s] [ 70%] [32mBuilding CXX object CMakeFiles/turtlebot4_msgs__rosidl_typesupport_fastrtps_cpp.dir/rosidl_typesupport_fastrtps_cpp/turtlebot4_msgs/msg/detail/dds_fastrtps/user_display__type_support.cpp.o[0m
[9.608s] [ 72%] [32m[1mLinking CXX shared library libturtlebot4_msgs__rosidl_typesupport_cpp.so[0m
[9.744s] [ 72%] Built target turtlebot4_msgs__rosidl_typesupport_cpp
[9.776s] [ 74%] [32mBuilding CXX object CMakeFiles/turtlebot4_msgs__rosidl_typesupport_fastrtps_c.dir/rosidl_typesupport_fastrtps_c/turtlebot4_msgs/msg/detail/user_display__type_support_c.cpp.o[0m
[10.553s] [ 75%] [32m[1mLinking CXX shared library libturtlebot4_msgs__rosidl_typesupport_introspection_cpp.so[0m
[10.942s] [ 75%] Built target turtlebot4_msgs__rosidl_typesupport_introspection_cpp
[11.728s] [ 77%] [32m[1mLinking CXX shared library libturtlebot4_msgs__rosidl_typesupport_fastrtps_c.so[0m
[12.077s] [ 79%] [32m[1mLinking CXX shared library libturtlebot4_msgs__rosidl_typesupport_fastrtps_cpp.so[0m
[12.114s] [ 79%] Built target turtlebot4_msgs__rosidl_typesupport_fastrtps_c
[12.863s] [ 79%] Built target turtlebot4_msgs__rosidl_typesupport_fastrtps_cpp
[13.099s] [ 79%] Built target turtlebot4_msgs
[13.270s] [ 81%] [34m[1mGenerating Python code for ROS interfaces[0m
[23.327s] [ 81%] Built target turtlebot4_msgs__py
[25.260s] [ 83%] [32mBuilding C object CMakeFiles/turtlebot4_msgs__rosidl_generator_py.dir/rosidl_generator_py/turtlebot4_msgs/msg/_user_led_s.c.o[0m
[33.320s] [ 85%] [32mBuilding C object CMakeFiles/turtlebot4_msgs__rosidl_generator_py.dir/rosidl_generator_py/turtlebot4_msgs/msg/_user_display_s.c.o[0m
[36.171s] [ 87%] [32mBuilding C object CMakeFiles/turtlebot4_msgs__rosidl_generator_py.dir/rosidl_generator_py/turtlebot4_msgs/msg/_user_button_s.c.o[0m
[44.451s] [ 88%] [32m[1mLinking C shared library libturtlebot4_msgs__rosidl_generator_py.so[0m
[44.949s] [ 88%] Built target turtlebot4_msgs__rosidl_generator_py
[45.025s] [ 90%] [32mBuilding C object CMakeFiles/turtlebot4_msgs_s__rosidl_typesupport_fastrtps_c.dir/rosidl_generator_py/turtlebot4_msgs/_turtlebot4_msgs_s.ep.rosidl_typesupport_fastrtps_c.c.o[0m
[48.068s] [ 92%] [32m[1mLinking C shared module rosidl_generator_py/turtlebot4_msgs/turtlebot4_msgs_s__rosidl_typesupport_fastrtps_c.so[0m
[48.889s] [ 92%] Built target turtlebot4_msgs_s__rosidl_typesupport_fastrtps_c
[49.377s] [ 94%] [32mBuilding C object CMakeFiles/turtlebot4_msgs_s__rosidl_typesupport_c.dir/rosidl_generator_py/turtlebot4_msgs/_turtlebot4_msgs_s.ep.rosidl_typesupport_c.c.o[0m
[55.895s] [ 96%] [32m[1mLinking C shared module rosidl_generator_py/turtlebot4_msgs/turtlebot4_msgs_s__rosidl_typesupport_c.so[0m
[56.300s] [ 96%] Built target turtlebot4_msgs_s__rosidl_typesupport_c
[56.542s] [ 98%] [32mBuilding C object CMakeFiles/turtlebot4_msgs_s__rosidl_typesupport_introspection_c.dir/rosidl_generator_py/turtlebot4_msgs/_turtlebot4_msgs_s.ep.rosidl_typesupport_introspection_c.c.o[0m
[57.885s] [100%] [32m[1mLinking C shared module rosidl_generator_py/turtlebot4_msgs/turtlebot4_msgs_s__rosidl_typesupport_introspection_c.so[0m
[57.948s] [100%] Built target turtlebot4_msgs_s__rosidl_typesupport_introspection_c
