-- The C compiler identification is GNU 13.3.0
-- The CXX compiler identification is GNU 13.3.0
-- Detecting C compiler ABI info
-- Detecting C compiler ABI info - done
-- Check for working C compiler: /usr/bin/cc - skipped
-- Detecting C compile features
-- Detecting C compile features - done
-- Detecting CXX compiler ABI info
-- Detecting CXX compiler ABI info - done
-- Check for working CXX compiler: /usr/bin/c++ - skipped
-- Detecting CXX compile features
-- Detecting CXX compile features - done
-- Found ament_cmake: 2.5.4 (/opt/ros/jazzy/share/ament_cmake/cmake)
-- Found Python3: /usr/bin/python3 (found version "3.12.3") found components: Interpreter 
-- Override CMake install command with custom implementation using symlinks instead of copying resources
-- Found angles: 1.16.0 (/opt/ros/jazzy/share/angles/cmake)
-- Found control_msgs: 5.4.0 (/opt/ros/jazzy/share/control_msgs/cmake)
-- Found rosidl_generator_c: 4.6.5 (/opt/ros/jazzy/share/rosidl_generator_c/cmake)
-- Found rosidl_generator_cpp: 4.6.5 (/opt/ros/jazzy/share/rosidl_generator_cpp/cmake)
-- Using all available rosidl_typesupport_c: rosidl_typesupport_fastrtps_c;rosidl_typesupport_introspection_c
-- Using all available rosidl_typesupport_cpp: rosidl_typesupport_fastrtps_cpp;rosidl_typesupport_introspection_cpp
-- Found nav_msgs: 5.3.6 (/opt/ros/jazzy/share/nav_msgs/cmake)
-- Found irobot_create_msgs: 3.0.0 (/opt/ros/jazzy/share/irobot_create_msgs/cmake)
-- Found irobot_create_toolbox: 3.0.4 (/home/rushiksaiii/Desktop/ROS/rpwr-assignments/06_navigation/ros2_ws/install/irobot_create_toolbox/share/irobot_create_toolbox/cmake)
-- Looking for gz-math7 -- found version 7.5.2
-- Searching for dependencies of gz-math7
-- Looking for gz-utils2 -- found version 2.2.1
-- Searching for dependencies of gz-utils2
-- Found rmw_implementation_cmake: 7.3.2 (/opt/ros/jazzy/share/rmw_implementation_cmake/cmake)
-- Found rmw_fastrtps_cpp: 8.4.2 (/opt/ros/jazzy/share/rmw_fastrtps_cpp/cmake)
-- Found OpenSSL: /usr/lib/aarch64-linux-gnu/libcrypto.so (found version "3.0.13")  
-- Found FastRTPS: /opt/ros/jazzy/include (Required is at least version "2.13") 
-- Using RMW implementation 'rmw_fastrtps_cpp' as default
-- Found rclcpp_action: 28.1.9 (/opt/ros/jazzy/share/rclcpp_action/cmake)
-- Found rclcpp_components: 28.1.9 (/opt/ros/jazzy/share/rclcpp_components/cmake)
-- Found tf2: 0.36.10 (/opt/ros/jazzy/share/tf2/cmake)
-- Found tf2_geometry_msgs: 0.36.10 (/opt/ros/jazzy/share/tf2_geometry_msgs/cmake)
-- Found eigen3_cmake_module: 0.3.0 (/opt/ros/jazzy/share/eigen3_cmake_module/cmake)
-- Found Eigen3: TRUE (found version "3.4.0") 
-- Ensuring Eigen3 include directory is part of orocos-kdl CMake target
-- Found Boost: /usr/lib/aarch64-linux-gnu/cmake/Boost-1.83.0/BoostConfig.cmake (found version "1.83.0")  
-- Found ament_lint_auto: 0.17.2 (/opt/ros/jazzy/share/ament_lint_auto/cmake)
-- Added test 'cppcheck' to perform static code analysis on C / C++ code
-- Configured cppcheck include dirs: /home/rushiksaiii/Desktop/ROS/rpwr-assignments/06_navigation/ros2_ws/src/create3_sim/irobot_create_common/irobot_create_nodes/include
-- Configured cppcheck exclude dirs and/or files: 
-- Added test 'cpplint' to check C / C++ code against the Google style
-- Configured cpplint exclude dirs and/or files: 
-- Added test 'lint_cmake' to check CMake code style
-- Added test 'uncrustify' to check C / C++ code style
-- Configured uncrustify additional arguments: 
-- Added test 'xmllint' to check XML markup files
-- Configuring done (2.7s)
-- Generating done (0.1s)
-- Build files have been written to: /home/rushiksaiii/Desktop/ROS/rpwr-assignments/06_navigation/ros2_ws/build/irobot_create_nodes
[  2%] [32mBuilding CXX object CMakeFiles/hazard_publisher_lib.dir/src/hazards_vector_publisher.cpp.o[0m
[  5%] [32mBuilding CXX object CMakeFiles/hazards_vector_publisher.dir/rclcpp_components/node_main_hazards_vector_publisher.cpp.o[0m
[  8%] [32mBuilding CXX object CMakeFiles/ir_intensity_publisher_lib.dir/src/ir_intensity_vector_publisher.cpp.o[0m
[ 10%] [32mBuilding CXX object CMakeFiles/wheel_status_publisher.dir/rclcpp_components/node_main_wheel_status_publisher.cpp.o[0m
[ 13%] [32mBuilding CXX object CMakeFiles/wheel_status_publisher_lib.dir/src/wheels_publisher.cpp.o[0m
[ 16%] [32mBuilding CXX object CMakeFiles/ir_intensity_vector_publisher.dir/rclcpp_components/node_main_ir_intensity_vector_publisher.cpp.o[0m
[ 18%] [32mBuilding CXX object CMakeFiles/motion_control_lib.dir/src/motion_control_node.cpp.o[0m
[ 21%] [32mBuilding CXX object CMakeFiles/motion_control.dir/rclcpp_components/node_main_motion_control.cpp.o[0m
[ 24%] [32m[1mLinking CXX executable motion_control[0m
[ 24%] Built target motion_control
[ 27%] [32m[1mLinking CXX executable ir_intensity_vector_publisher[0m
[ 27%] Built target ir_intensity_vector_publisher
[ 29%] [32m[1mLinking CXX executable wheel_status_publisher[0m
[ 29%] Built target wheel_status_publisher
[ 32%] [32m[1mLinking CXX executable hazards_vector_publisher[0m
[ 32%] Built target hazards_vector_publisher
[ 35%] [32m[1mLinking CXX shared library libir_intensity_publisher_lib.so[0m
[ 37%] [32m[1mLinking CXX shared library libwheel_status_publisher_lib.so[0m
[ 37%] Built target ir_intensity_publisher_lib
[ 37%] Built target wheel_status_publisher_lib
[ 40%] [32m[1mLinking CXX shared library libhazard_publisher_lib.so[0m
[ 40%] Built target hazard_publisher_lib
[ 43%] [32mBuilding CXX object CMakeFiles/motion_control_lib.dir/src/motion_control/reflex_behavior.cpp.o[0m
[ 45%] [32mBuilding CXX object CMakeFiles/motion_control_lib.dir/src/motion_control/drive_goal_behaviors.cpp.o[0m
[ 48%] [32mBuilding CXX object CMakeFiles/motion_control_lib.dir/src/motion_control/docking_behavior.cpp.o[0m
[ 54%] [32mBuilding CXX object CMakeFiles/mock_publisher.dir/rclcpp_components/node_main_mock_publisher.cpp.o[0m
[ 54%] [32mBuilding CXX object CMakeFiles/kidnap_estimator_publisher_lib.dir/src/kidnap_estimator_publisher.cpp.o[0m
[ 56%] [32mBuilding CXX object CMakeFiles/motion_control_lib.dir/src/motion_control/wall_follow_behavior.cpp.o[0m
[ 59%] [32mBuilding CXX object CMakeFiles/mock_publisher_lib.dir/src/mock_publisher.cpp.o[0m
[ 62%] [32m[1mLinking CXX executable mock_publisher[0m
[ 62%] Built target mock_publisher
[ 64%] [32mBuilding CXX object CMakeFiles/ui_mgr.dir/rclcpp_components/node_main_ui_mgr.cpp.o[0m
[ 67%] [32mBuilding CXX object CMakeFiles/motion_control_lib.dir/src/motion_control/wall_follow_states.cpp.o[0m
[ 70%] [32mBuilding CXX object CMakeFiles/ui_mgr_lib.dir/src/ui_mgr.cpp.o[0m
[ 72%] [32mBuilding CXX object CMakeFiles/robot_state.dir/rclcpp_components/node_main_robot_state.cpp.o[0m
[ 75%] [32mBuilding CXX object CMakeFiles/robot_state_lib.dir/src/robot_state.cpp.o[0m
[ 78%] [32m[1mLinking CXX executable ui_mgr[0m
[ 81%] [32m[1mLinking CXX shared library libmock_publisher_lib.so[0m
[ 81%] Built target ui_mgr
[ 81%] Built target mock_publisher_lib
[ 83%] [32m[1mLinking CXX executable robot_state[0m
[ 83%] Built target robot_state
[ 86%] [32m[1mLinking CXX shared library libkidnap_estimator_publisher_lib.so[0m
[ 86%] Built target kidnap_estimator_publisher_lib
[ 89%] [32mBuilding CXX object CMakeFiles/kidnap_estimator_publisher.dir/rclcpp_components/node_main_kidnap_estimator_publisher.cpp.o[0m
[ 91%] [32m[1mLinking CXX shared library libmotion_control_lib.so[0m
[ 91%] Built target motion_control_lib
[ 94%] [32m[1mLinking CXX executable kidnap_estimator_publisher[0m
[ 94%] Built target kidnap_estimator_publisher
[ 97%] [32m[1mLinking CXX shared library libui_mgr_lib.so[0m
[100%] [32m[1mLinking CXX shared library librobot_state_lib.so[0m
[100%] Built target ui_mgr_lib
[100%] Built target robot_state_lib
