[  0%] Built target Create3Hmi_autogen_timestamp_deps
[ 14%] Built target Create3Hmi_autogen
[100%] Built target Create3Hmi
-- Install configuration: ""
-- Execute custom install script
-- Up-to-date symlink: /home/rushiksaiii/Desktop/ROS/rpwr-assignments/06_navigation/ros2_ws/install/irobot_create_gz_plugins/share/irobot_create_gz_plugins/lib/libCreate3Hmi.so
-- Up-to-date symlink: /home/rushiksaiii/Desktop/ROS/rpwr-assignments/06_navigation/ros2_ws/install/irobot_create_gz_plugins/share/ament_index/resource_index/package_run_dependencies/irobot_create_gz_plugins
-- Up-to-date symlink: /home/rushiksaiii/Desktop/ROS/rpwr-assignments/06_navigation/ros2_ws/install/irobot_create_gz_plugins/share/ament_index/resource_index/parent_prefix_path/irobot_create_gz_plugins
-- Up-to-date symlink: /home/rushiksaiii/Desktop/ROS/rpwr-assignments/06_navigation/ros2_ws/install/irobot_create_gz_plugins/share/irobot_create_gz_plugins/environment/ament_prefix_path.sh
-- Up-to-date symlink: /home/rushiksaiii/Desktop/ROS/rpwr-assignments/06_navigation/ros2_ws/install/irobot_create_gz_plugins/share/irobot_create_gz_plugins/environment/ament_prefix_path.dsv
-- Up-to-date symlink: /home/rushiksaiii/Desktop/ROS/rpwr-assignments/06_navigation/ros2_ws/install/irobot_create_gz_plugins/share/irobot_create_gz_plugins/environment/path.sh
-- Up-to-date symlink: /home/rushiksaiii/Desktop/ROS/rpwr-assignments/06_navigation/ros2_ws/install/irobot_create_gz_plugins/share/irobot_create_gz_plugins/environment/path.dsv
-- Up-to-date symlink: /home/rushiksaiii/Desktop/ROS/rpwr-assignments/06_navigation/ros2_ws/install/irobot_create_gz_plugins/share/irobot_create_gz_plugins/local_setup.bash
-- Up-to-date symlink: /home/rushiksaiii/Desktop/ROS/rpwr-assignments/06_navigation/ros2_ws/install/irobot_create_gz_plugins/share/irobot_create_gz_plugins/local_setup.sh
-- Up-to-date symlink: /home/rushiksaiii/Desktop/ROS/rpwr-assignments/06_navigation/ros2_ws/install/irobot_create_gz_plugins/share/irobot_create_gz_plugins/local_setup.zsh
-- Up-to-date symlink: /home/rushiksaiii/Desktop/ROS/rpwr-assignments/06_navigation/ros2_ws/install/irobot_create_gz_plugins/share/irobot_create_gz_plugins/local_setup.dsv
-- Symlinking: /home/rushiksaiii/Desktop/ROS/rpwr-assignments/06_navigation/ros2_ws/install/irobot_create_gz_plugins/share/irobot_create_gz_plugins/package.dsv
-- Up-to-date symlink: /home/rushiksaiii/Desktop/ROS/rpwr-assignments/06_navigation/ros2_ws/install/irobot_create_gz_plugins/share/ament_index/resource_index/packages/irobot_create_gz_plugins
-- Up-to-date symlink: /home/rushiksaiii/Desktop/ROS/rpwr-assignments/06_navigation/ros2_ws/install/irobot_create_gz_plugins/share/irobot_create_gz_plugins/cmake/irobot_create_gz_pluginsConfig.cmake
-- Up-to-date symlink: /home/rushiksaiii/Desktop/ROS/rpwr-assignments/06_navigation/ros2_ws/install/irobot_create_gz_plugins/share/irobot_create_gz_plugins/cmake/irobot_create_gz_pluginsConfig-version.cmake
-- Up-to-date symlink: /home/rushiksaiii/Desktop/ROS/rpwr-assignments/06_navigation/ros2_ws/install/irobot_create_gz_plugins/share/irobot_create_gz_plugins/package.xml
