[0.051s] Invoking command in '/home/rushiksaiii/Desktop/ROS/rpwr-assignments/06_navigation/ros2_ws/build/turtlebot4_gz_gui_plugins': CMAKE_PREFIX_PATH=${CMAKE_PREFIX_PATH}:/home/rushiksaiii/ros2_ws/install/turtle_party:/opt/ros/jazzy DEBUGINFOD_URLS=https://debuginfod.ubuntu.com /usr/bin/cmake /home/rushiksaiii/Desktop/ROS/rpwr-assignments/06_navigation/ros2_ws/src/turtlebot4_simulator/turtlebot4_gz_gui_plugins -DCMAKE_INSTALL_PREFIX=/home/rushiksaiii/Desktop/ROS/rpwr-assignments/06_navigation/ros2_ws/install/turtlebot4_gz_gui_plugins
[0.121s] -- Found ament_cmake: 2.5.4 (/opt/ros/jazzy/share/ament_cmake/cmake)
[0.319s] -- Override CMake install command with custom implementation using symlinks instead of copying resources
[0.328s] -- Found gz_gui_vendor: 0.0.5 (/opt/ros/jazzy/share/gz_gui_vendor/cmake)
[0.359s] -- Looking for gz-gui8 -- found version 8.4.0
[0.363s] -- Searching for dependencies of gz-gui8
[0.445s] -- Checking for module 'tinyxml2'
[0.471s] --   Found tinyxml2, version 10.0.0
[0.499s] -- Looking for gz-utils2 -- found version 2.2.1
[0.499s] -- Searching for dependencies of gz-utils2
[0.500s] -- Looking for gz-math7 -- found version 7.5.2
[0.500s] -- Searching for dependencies of gz-math7
[0.500s] -- Looking for gz-utils2 -- found version 2.2.1
[0.500s] -- Looking for gz-common5 -- found version 5.7.1
[0.501s] -- Searching for dependencies of gz-common5
[0.501s] -- Looking for gz-utils2 -- found version 2.2.1
[0.501s] -- Looking for dlfcn.h - found
[0.501s] -- Looking for libdl - found
[0.506s] -- Checking for module 'uuid'
[0.518s] --   Found uuid, version 2.39.3
[0.544s] -- Searching for <gz-common5> component [profiler]
[0.547s] -- Looking for gz-common5-profiler -- found version 5.7.1
[0.547s] -- Searching for dependencies of gz-common5-profiler
[0.550s] -- Looking for gz-plugin2 -- found version 2.0.4
[0.556s] -- Searching for dependencies of gz-plugin2
[0.557s] -- Looking for gz-utils2 -- found version 2.2.1
[0.557s] -- Searching for dependencies of gz-utils2
[0.557s] -- Searching for <gz-utils2> component [cli]
[0.557s] -- Looking for gz-utils2-cli -- found version 2.2.1
[0.557s] -- Searching for dependencies of gz-utils2-cli
[0.558s] -- Searching for <gz-plugin2> component [loader]
[0.560s] -- Looking for gz-plugin2-loader -- found version 2.0.4
[0.561s] -- Searching for dependencies of gz-plugin2-loader
[0.561s] -- Searching for <gz-plugin2> component [register]
[0.561s] -- Looking for gz-plugin2-register -- found version 2.0.4
[0.561s] -- Searching for dependencies of gz-plugin2-register
[0.562s] -- Looking for gz-transport13 -- found version 13.4.1
[0.562s] -- Searching for dependencies of gz-transport13
[0.604s] -- Config-file not installed for ZeroMQ -- checking for pkg-config
[0.607s] -- Checking for module 'libzmq >= 4'
[0.620s] --   Found libzmq, version 4.3.5
[0.670s] -- Looking for gz-utils2 -- found version 2.2.1
[0.670s] -- Looking for gz-msgs10 -- found version 10.3.2
[0.671s] -- Searching for dependencies of gz-msgs10
[0.693s] -- Looking for gz-utils2 -- found version 2.2.1
[0.693s] -- Looking for gz-math7 -- found version 7.5.2
[0.712s] -- Looking for gz-rendering8 -- found version 8.2.2
[0.713s] -- Searching for dependencies of gz-rendering8
[0.713s] -- Looking for gz-math7 -- found version 7.5.2
[0.713s] -- Searching for dependencies of gz-math7
[0.713s] -- Looking for gz-utils2 -- found version 2.2.1
[0.713s] -- Searching for <gz-math7> component [eigen3]
[0.715s] -- Looking for gz-math7-eigen3 -- found version 7.5.2
[0.715s] -- Searching for dependencies of gz-math7-eigen3
[0.721s] -- Looking for gz-common5 -- found version 5.7.1
[0.722s] -- Searching for dependencies of gz-common5
[0.722s] -- Looking for gz-utils2 -- found version 2.2.1
[0.723s] -- Looking for dlfcn.h - found
[0.723s] -- Looking for libdl - found
[0.729s] -- Searching for <gz-common5> component [graphics]
[0.731s] -- Looking for gz-common5-graphics -- found version 5.7.1
[0.731s] -- Searching for dependencies of gz-common5-graphics
[0.731s] -- Looking for gz-math7 -- found version 7.5.2
[0.737s] -- Searching for <gz-common5> component [events]
[0.738s] -- Looking for gz-common5-events -- found version 5.7.1
[0.738s] -- Searching for dependencies of gz-common5-events
[0.739s] -- Looking for gz-math7 -- found version 7.5.2
[0.740s] -- Searching for <gz-common5> component [geospatial]
[0.741s] -- Looking for gz-common5-geospatial -- found version 5.7.1
[0.741s] -- Searching for dependencies of gz-common5-geospatial
[0.741s] -- Looking for gz-math7 -- found version 7.5.2
[0.741s] -- Looking for gz-common5 -- found version 5.7.1
[0.742s] -- Looking for gz-plugin2 -- found version 2.0.4
[0.743s] -- Searching for dependencies of gz-plugin2
[0.743s] -- Looking for gz-utils2 -- found version 2.2.1
[0.743s] -- Searching for <gz-plugin2> component [all]
[0.745s] -- Looking for all libraries of gz-plugin2 -- found version 2.0.4
[0.745s] -- Looking for gz-plugin2 -- found version 2.0.4
[0.746s] -- Looking for gz-utils2 -- found version 2.2.1
[0.760s] -- Looking for gz-msgs10 -- found version 10.3.2
[0.843s] -- Found ament_lint_auto: 0.17.2 (/opt/ros/jazzy/share/ament_lint_auto/cmake)
[0.931s] -- Looking for gz-gui8 -- found version 8.4.0
[0.935s] -- Looking for gz-common5 -- found version 5.7.1
[0.945s] -- Added test 'cppcheck' to perform static code analysis on C / C++ code
[0.945s] -- Configured cppcheck include dirs: 
[0.945s] -- Configured cppcheck exclude dirs and/or files: 
[0.947s] -- Added test 'cpplint' to check C / C++ code against the Google style
[0.947s] -- Configured cpplint exclude dirs and/or files: 
[0.947s] -- Added test 'lint_cmake' to check CMake code style
[0.947s] -- Added test 'xmllint' to check XML markup files
[0.950s] -- Configuring done (0.9s)
[1.005s] -- Generating done (0.0s)
[1.007s] -- Build files have been written to: /home/rushiksaiii/Desktop/ROS/rpwr-assignments/06_navigation/ros2_ws/build/turtlebot4_gz_gui_plugins
[1.019s] Invoked command in '/home/rushiksaiii/Desktop/ROS/rpwr-assignments/06_navigation/ros2_ws/build/turtlebot4_gz_gui_plugins' returned '0': CMAKE_PREFIX_PATH=${CMAKE_PREFIX_PATH}:/home/rushiksaiii/ros2_ws/install/turtle_party:/opt/ros/jazzy DEBUGINFOD_URLS=https://debuginfod.ubuntu.com /usr/bin/cmake /home/rushiksaiii/Desktop/ROS/rpwr-assignments/06_navigation/ros2_ws/src/turtlebot4_simulator/turtlebot4_gz_gui_plugins -DCMAKE_INSTALL_PREFIX=/home/rushiksaiii/Desktop/ROS/rpwr-assignments/06_navigation/ros2_ws/install/turtlebot4_gz_gui_plugins
[1.020s] Invoking command in '/home/rushiksaiii/Desktop/ROS/rpwr-assignments/06_navigation/ros2_ws/build/turtlebot4_gz_gui_plugins': CMAKE_PREFIX_PATH=${CMAKE_PREFIX_PATH}:/home/rushiksaiii/ros2_ws/install/turtle_party:/opt/ros/jazzy DEBUGINFOD_URLS=https://debuginfod.ubuntu.com /usr/bin/cmake --build /home/rushiksaiii/Desktop/ROS/rpwr-assignments/06_navigation/ros2_ws/build/turtlebot4_gz_gui_plugins -- -j8 -l8
[1.079s] [  0%] Built target Turtlebot4Hmi_autogen_timestamp_deps
[1.144s] [ 14%] Built target Turtlebot4Hmi_autogen
[1.202s] [100%] Built target Turtlebot4Hmi
[1.254s] Invoked command in '/home/rushiksaiii/Desktop/ROS/rpwr-assignments/06_navigation/ros2_ws/build/turtlebot4_gz_gui_plugins' returned '0': CMAKE_PREFIX_PATH=${CMAKE_PREFIX_PATH}:/home/rushiksaiii/ros2_ws/install/turtle_party:/opt/ros/jazzy DEBUGINFOD_URLS=https://debuginfod.ubuntu.com /usr/bin/cmake --build /home/rushiksaiii/Desktop/ROS/rpwr-assignments/06_navigation/ros2_ws/build/turtlebot4_gz_gui_plugins -- -j8 -l8
[1.254s] Invoking command in '/home/rushiksaiii/Desktop/ROS/rpwr-assignments/06_navigation/ros2_ws/build/turtlebot4_gz_gui_plugins': CMAKE_PREFIX_PATH=${CMAKE_PREFIX_PATH}:/home/rushiksaiii/ros2_ws/install/turtle_party:/opt/ros/jazzy DEBUGINFOD_URLS=https://debuginfod.ubuntu.com /usr/bin/cmake --install /home/rushiksaiii/Desktop/ROS/rpwr-assignments/06_navigation/ros2_ws/build/turtlebot4_gz_gui_plugins
[1.270s] -- Install configuration: ""
[1.270s] -- Execute custom install script
[1.276s] -- Up-to-date symlink: /home/rushiksaiii/Desktop/ROS/rpwr-assignments/06_navigation/ros2_ws/install/turtlebot4_gz_gui_plugins/share/turtlebot4_gz_gui_plugins/lib/libTurtlebot4Hmi.so
[1.276s] -- Up-to-date symlink: /home/rushiksaiii/Desktop/ROS/rpwr-assignments/06_navigation/ros2_ws/install/turtlebot4_gz_gui_plugins/share/ament_index/resource_index/package_run_dependencies/turtlebot4_gz_gui_plugins
[1.278s] -- Up-to-date symlink: /home/rushiksaiii/Desktop/ROS/rpwr-assignments/06_navigation/ros2_ws/install/turtlebot4_gz_gui_plugins/share/ament_index/resource_index/parent_prefix_path/turtlebot4_gz_gui_plugins
[1.279s] -- Up-to-date symlink: /home/rushiksaiii/Desktop/ROS/rpwr-assignments/06_navigation/ros2_ws/install/turtlebot4_gz_gui_plugins/share/turtlebot4_gz_gui_plugins/environment/ament_prefix_path.sh
[1.281s] -- Up-to-date symlink: /home/rushiksaiii/Desktop/ROS/rpwr-assignments/06_navigation/ros2_ws/install/turtlebot4_gz_gui_plugins/share/turtlebot4_gz_gui_plugins/environment/ament_prefix_path.dsv
[1.282s] -- Up-to-date symlink: /home/rushiksaiii/Desktop/ROS/rpwr-assignments/06_navigation/ros2_ws/install/turtlebot4_gz_gui_plugins/share/turtlebot4_gz_gui_plugins/environment/path.sh
[1.288s] -- Up-to-date symlink: /home/rushiksaiii/Desktop/ROS/rpwr-assignments/06_navigation/ros2_ws/install/turtlebot4_gz_gui_plugins/share/turtlebot4_gz_gui_plugins/environment/path.dsv
[1.288s] -- Up-to-date symlink: /home/rushiksaiii/Desktop/ROS/rpwr-assignments/06_navigation/ros2_ws/install/turtlebot4_gz_gui_plugins/share/turtlebot4_gz_gui_plugins/local_setup.bash
[1.292s] -- Up-to-date symlink: /home/rushiksaiii/Desktop/ROS/rpwr-assignments/06_navigation/ros2_ws/install/turtlebot4_gz_gui_plugins/share/turtlebot4_gz_gui_plugins/local_setup.sh
[1.292s] -- Up-to-date symlink: /home/rushiksaiii/Desktop/ROS/rpwr-assignments/06_navigation/ros2_ws/install/turtlebot4_gz_gui_plugins/share/turtlebot4_gz_gui_plugins/local_setup.zsh
[1.295s] -- Up-to-date symlink: /home/rushiksaiii/Desktop/ROS/rpwr-assignments/06_navigation/ros2_ws/install/turtlebot4_gz_gui_plugins/share/turtlebot4_gz_gui_plugins/local_setup.dsv
[1.295s] -- Symlinking: /home/rushiksaiii/Desktop/ROS/rpwr-assignments/06_navigation/ros2_ws/install/turtlebot4_gz_gui_plugins/share/turtlebot4_gz_gui_plugins/package.dsv
[1.312s] -- Up-to-date symlink: /home/rushiksaiii/Desktop/ROS/rpwr-assignments/06_navigation/ros2_ws/install/turtlebot4_gz_gui_plugins/share/ament_index/resource_index/packages/turtlebot4_gz_gui_plugins
[1.312s] -- Up-to-date symlink: /home/rushiksaiii/Desktop/ROS/rpwr-assignments/06_navigation/ros2_ws/install/turtlebot4_gz_gui_plugins/share/turtlebot4_gz_gui_plugins/cmake/turtlebot4_gz_gui_pluginsConfig.cmake
[1.314s] -- Up-to-date symlink: /home/rushiksaiii/Desktop/ROS/rpwr-assignments/06_navigation/ros2_ws/install/turtlebot4_gz_gui_plugins/share/turtlebot4_gz_gui_plugins/cmake/turtlebot4_gz_gui_pluginsConfig-version.cmake
[1.324s] -- Up-to-date symlink: /home/rushiksaiii/Desktop/ROS/rpwr-assignments/06_navigation/ros2_ws/install/turtlebot4_gz_gui_plugins/share/turtlebot4_gz_gui_plugins/package.xml
[1.331s] Invoked command in '/home/rushiksaiii/Desktop/ROS/rpwr-assignments/06_navigation/ros2_ws/build/turtlebot4_gz_gui_plugins' returned '0': CMAKE_PREFIX_PATH=${CMAKE_PREFIX_PATH}:/home/rushiksaiii/ros2_ws/install/turtle_party:/opt/ros/jazzy DEBUGINFOD_URLS=https://debuginfod.ubuntu.com /usr/bin/cmake --install /home/rushiksaiii/Desktop/ROS/rpwr-assignments/06_navigation/ros2_ws/build/turtlebot4_gz_gui_plugins
