[0.053s] Invoking command in '/home/rushiksaiii/Desktop/ROS/rpwr-assignments/06_navigation/ros2_ws/build/turtlebot4_navigation': CMAKE_PREFIX_PATH=${CMAKE_PREFIX_PATH}:/home/rushiksaiii/Desktop/ROS/rpwr-assignments/03_ros/install/turtle_party:/home/rushiksaiii/Desktop/ROS/rpwr-assignments/03_ros/install/turtle_new:/home/rushiksaiii/ros2_ws/install/turtle_party:/opt/ros/jazzy DEBUGINFOD_URLS=https://debuginfod.ubuntu.com /usr/bin/cmake /home/rushiksaiii/Desktop/ROS/rpwr-assignments/06_navigation/ros2_ws/src/turtlebot4/turtlebot4_navigation -DAMENT_CMAKE_SYMLINK_INSTALL=1 -DCMAKE_INSTALL_PREFIX=/home/rushiksaiii/Desktop/ROS/rpwr-assignments/06_navigation/ros2_ws/install/turtlebot4_navigation
[0.215s] -- The C compiler identification is GNU 13.3.0
[0.277s] -- The CXX compiler identification is GNU 13.3.0
[0.301s] -- Detecting C compiler ABI info
[0.397s] -- Detecting C compiler ABI info - done
[0.413s] -- Check for working C compiler: /usr/bin/cc - skipped
[0.415s] -- Detecting C compile features
[0.415s] -- Detecting C compile features - done
[0.423s] -- Detecting CXX compiler ABI info
[0.522s] -- Detecting CXX compiler ABI info - done
[0.526s] -- Check for working CXX compiler: /usr/bin/c++ - skipped
[0.526s] -- Detecting CXX compile features
[0.526s] -- Detecting CXX compile features - done
[0.548s] -- Found ament_cmake: 2.5.4 (/opt/ros/jazzy/share/ament_cmake/cmake)
[0.691s] -- Found Python3: /usr/bin/python3 (found version "3.12.3") found components: Interpreter 
[0.781s] -- Override CMake install command with custom implementation using symlinks instead of copying resources
[0.945s] -- Found ament_lint_auto: 0.17.2 (/opt/ros/jazzy/share/ament_lint_auto/cmake)
[1.045s] -- Added test 'copyright' to check source files copyright and LICENSE
[1.051s] -- Added test 'flake8' to check Python code syntax and style conventions
[1.051s] -- Configured 'flake8' exclude dirs and/or files: 
[1.051s] -- Added test 'lint_cmake' to check CMake code style
[1.052s] -- Added test 'pep257' to check Python code against some of the docstring style conventions in PEP 257
[1.054s] -- Added test 'xmllint' to check XML markup files
[1.056s] -- Configuring done (1.0s)
[1.059s] -- Generating done (0.0s)
[1.061s] -- Build files have been written to: /home/rushiksaiii/Desktop/ROS/rpwr-assignments/06_navigation/ros2_ws/build/turtlebot4_navigation
[1.065s] Invoked command in '/home/rushiksaiii/Desktop/ROS/rpwr-assignments/06_navigation/ros2_ws/build/turtlebot4_navigation' returned '0': CMAKE_PREFIX_PATH=${CMAKE_PREFIX_PATH}:/home/rushiksaiii/Desktop/ROS/rpwr-assignments/03_ros/install/turtle_party:/home/rushiksaiii/Desktop/ROS/rpwr-assignments/03_ros/install/turtle_new:/home/rushiksaiii/ros2_ws/install/turtle_party:/opt/ros/jazzy DEBUGINFOD_URLS=https://debuginfod.ubuntu.com /usr/bin/cmake /home/rushiksaiii/Desktop/ROS/rpwr-assignments/06_navigation/ros2_ws/src/turtlebot4/turtlebot4_navigation -DAMENT_CMAKE_SYMLINK_INSTALL=1 -DCMAKE_INSTALL_PREFIX=/home/rushiksaiii/Desktop/ROS/rpwr-assignments/06_navigation/ros2_ws/install/turtlebot4_navigation
[1.066s] Invoking command in '/home/rushiksaiii/Desktop/ROS/rpwr-assignments/06_navigation/ros2_ws/build/turtlebot4_navigation': CMAKE_PREFIX_PATH=${CMAKE_PREFIX_PATH}:/home/rushiksaiii/Desktop/ROS/rpwr-assignments/03_ros/install/turtle_party:/home/rushiksaiii/Desktop/ROS/rpwr-assignments/03_ros/install/turtle_new:/home/rushiksaiii/ros2_ws/install/turtle_party:/opt/ros/jazzy DEBUGINFOD_URLS=https://debuginfod.ubuntu.com /usr/bin/cmake --build /home/rushiksaiii/Desktop/ROS/rpwr-assignments/06_navigation/ros2_ws/build/turtlebot4_navigation -- -j8 -l8
[1.114s] Built target ament_cmake_python_symlink_turtlebot4_navigation
[1.322s] running egg_info
[1.323s] creating turtlebot4_navigation.egg-info
[1.339s] writing turtlebot4_navigation.egg-info/PKG-INFO
[1.339s] writing dependency_links to turtlebot4_navigation.egg-info/dependency_links.txt
[1.339s] writing top-level names to turtlebot4_navigation.egg-info/top_level.txt
[1.339s] writing manifest file 'turtlebot4_navigation.egg-info/SOURCES.txt'
[1.386s] reading manifest file 'turtlebot4_navigation.egg-info/SOURCES.txt'
[1.386s] writing manifest file 'turtlebot4_navigation.egg-info/SOURCES.txt'
[1.417s] Built target ament_cmake_python_build_turtlebot4_navigation_egg
[1.432s] Invoked command in '/home/rushiksaiii/Desktop/ROS/rpwr-assignments/06_navigation/ros2_ws/build/turtlebot4_navigation' returned '0': CMAKE_PREFIX_PATH=${CMAKE_PREFIX_PATH}:/home/rushiksaiii/Desktop/ROS/rpwr-assignments/03_ros/install/turtle_party:/home/rushiksaiii/Desktop/ROS/rpwr-assignments/03_ros/install/turtle_new:/home/rushiksaiii/ros2_ws/install/turtle_party:/opt/ros/jazzy DEBUGINFOD_URLS=https://debuginfod.ubuntu.com /usr/bin/cmake --build /home/rushiksaiii/Desktop/ROS/rpwr-assignments/06_navigation/ros2_ws/build/turtlebot4_navigation -- -j8 -l8
[1.433s] Invoking command in '/home/rushiksaiii/Desktop/ROS/rpwr-assignments/06_navigation/ros2_ws/build/turtlebot4_navigation': CMAKE_PREFIX_PATH=${CMAKE_PREFIX_PATH}:/home/rushiksaiii/Desktop/ROS/rpwr-assignments/03_ros/install/turtle_party:/home/rushiksaiii/Desktop/ROS/rpwr-assignments/03_ros/install/turtle_new:/home/rushiksaiii/ros2_ws/install/turtle_party:/opt/ros/jazzy DEBUGINFOD_URLS=https://debuginfod.ubuntu.com /usr/bin/cmake --install /home/rushiksaiii/Desktop/ROS/rpwr-assignments/06_navigation/ros2_ws/build/turtlebot4_navigation
[1.438s] -- Install configuration: ""
[1.440s] -- Execute custom install script
[1.440s] -- Symlinking: /home/rushiksaiii/Desktop/ROS/rpwr-assignments/06_navigation/ros2_ws/install/turtlebot4_navigation/share/turtlebot4_navigation/config/localization.yaml
[1.448s] -- Symlinking: /home/rushiksaiii/Desktop/ROS/rpwr-assignments/06_navigation/ros2_ws/install/turtlebot4_navigation/share/turtlebot4_navigation/config/nav2.yaml
[1.452s] -- Symlinking: /home/rushiksaiii/Desktop/ROS/rpwr-assignments/06_navigation/ros2_ws/install/turtlebot4_navigation/share/turtlebot4_navigation/config/slam.yaml
[1.459s] -- Symlinking: /home/rushiksaiii/Desktop/ROS/rpwr-assignments/06_navigation/ros2_ws/install/turtlebot4_navigation/share/turtlebot4_navigation/launch/localization.launch.py
[1.465s] -- Symlinking: /home/rushiksaiii/Desktop/ROS/rpwr-assignments/06_navigation/ros2_ws/install/turtlebot4_navigation/share/turtlebot4_navigation/launch/nav2.launch.py
[1.472s] -- Symlinking: /home/rushiksaiii/Desktop/ROS/rpwr-assignments/06_navigation/ros2_ws/install/turtlebot4_navigation/share/turtlebot4_navigation/launch/slam.launch.py
[1.478s] -- Symlinking: /home/rushiksaiii/Desktop/ROS/rpwr-assignments/06_navigation/ros2_ws/install/turtlebot4_navigation/share/turtlebot4_navigation/maps/depot.pgm
[1.483s] -- Symlinking: /home/rushiksaiii/Desktop/ROS/rpwr-assignments/06_navigation/ros2_ws/install/turtlebot4_navigation/share/turtlebot4_navigation/maps/depot.yaml
[1.495s] -- Symlinking: /home/rushiksaiii/Desktop/ROS/rpwr-assignments/06_navigation/ros2_ws/install/turtlebot4_navigation/share/turtlebot4_navigation/maps/maze.pgm
[1.503s] -- Symlinking: /home/rushiksaiii/Desktop/ROS/rpwr-assignments/06_navigation/ros2_ws/install/turtlebot4_navigation/share/turtlebot4_navigation/maps/maze.yaml
[1.508s] -- Symlinking: /home/rushiksaiii/Desktop/ROS/rpwr-assignments/06_navigation/ros2_ws/install/turtlebot4_navigation/share/turtlebot4_navigation/maps/warehouse.pgm
[1.513s] -- Symlinking: /home/rushiksaiii/Desktop/ROS/rpwr-assignments/06_navigation/ros2_ws/install/turtlebot4_navigation/share/turtlebot4_navigation/maps/warehouse.yaml
[1.519s] -- Symlinking: /home/rushiksaiii/Desktop/ROS/rpwr-assignments/06_navigation/ros2_ws/install/turtlebot4_navigation/share/turtlebot4_navigation/environment/pythonpath.sh
[1.527s] -- Symlinking: /home/rushiksaiii/Desktop/ROS/rpwr-assignments/06_navigation/ros2_ws/install/turtlebot4_navigation/share/turtlebot4_navigation/environment/pythonpath.dsv
[1.535s] -- Symlinking: /home/rushiksaiii/Desktop/ROS/rpwr-assignments/06_navigation/ros2_ws/install/turtlebot4_navigation/lib/python3.12/site-packages/turtlebot4_navigation-2.0.1-py3.12.egg-info/PKG-INFO
[1.542s] -- Symlinking: /home/rushiksaiii/Desktop/ROS/rpwr-assignments/06_navigation/ros2_ws/install/turtlebot4_navigation/lib/python3.12/site-packages/turtlebot4_navigation-2.0.1-py3.12.egg-info/SOURCES.txt
[1.549s] -- Symlinking: /home/rushiksaiii/Desktop/ROS/rpwr-assignments/06_navigation/ros2_ws/install/turtlebot4_navigation/lib/python3.12/site-packages/turtlebot4_navigation-2.0.1-py3.12.egg-info/dependency_links.txt
[1.555s] -- Symlinking: /home/rushiksaiii/Desktop/ROS/rpwr-assignments/06_navigation/ros2_ws/install/turtlebot4_navigation/lib/python3.12/site-packages/turtlebot4_navigation-2.0.1-py3.12.egg-info/top_level.txt
[1.561s] -- Symlinking: /home/rushiksaiii/Desktop/ROS/rpwr-assignments/06_navigation/ros2_ws/install/turtlebot4_navigation/lib/python3.12/site-packages/turtlebot4_navigation/__init__.py
[1.567s] -- Symlinking: /home/rushiksaiii/Desktop/ROS/rpwr-assignments/06_navigation/ros2_ws/install/turtlebot4_navigation/lib/python3.12/site-packages/turtlebot4_navigation/turtlebot4_navigator.py
[1.573s] -- Symlinking: /home/rushiksaiii/Desktop/ROS/rpwr-assignments/06_navigation/ros2_ws/install/turtlebot4_navigation/lib/python3.12/site-packages/turtlebot4_navigator.py
[1.580s] -- Symlinking: /home/rushiksaiii/Desktop/ROS/rpwr-assignments/06_navigation/ros2_ws/install/turtlebot4_navigation/share/ament_index/resource_index/package_run_dependencies/turtlebot4_navigation
[1.585s] -- Symlinking: /home/rushiksaiii/Desktop/ROS/rpwr-assignments/06_navigation/ros2_ws/install/turtlebot4_navigation/share/ament_index/resource_index/parent_prefix_path/turtlebot4_navigation
[1.591s] -- Symlinking: /home/rushiksaiii/Desktop/ROS/rpwr-assignments/06_navigation/ros2_ws/install/turtlebot4_navigation/share/turtlebot4_navigation/environment/ament_prefix_path.sh
[1.602s] -- Symlinking: /home/rushiksaiii/Desktop/ROS/rpwr-assignments/06_navigation/ros2_ws/install/turtlebot4_navigation/share/turtlebot4_navigation/environment/ament_prefix_path.dsv
[1.610s] -- Symlinking: /home/rushiksaiii/Desktop/ROS/rpwr-assignments/06_navigation/ros2_ws/install/turtlebot4_navigation/share/turtlebot4_navigation/environment/path.sh
[1.616s] -- Symlinking: /home/rushiksaiii/Desktop/ROS/rpwr-assignments/06_navigation/ros2_ws/install/turtlebot4_navigation/share/turtlebot4_navigation/environment/path.dsv
[1.625s] -- Symlinking: /home/rushiksaiii/Desktop/ROS/rpwr-assignments/06_navigation/ros2_ws/install/turtlebot4_navigation/share/turtlebot4_navigation/local_setup.bash
[1.631s] -- Symlinking: /home/rushiksaiii/Desktop/ROS/rpwr-assignments/06_navigation/ros2_ws/install/turtlebot4_navigation/share/turtlebot4_navigation/local_setup.sh
[1.637s] -- Symlinking: /home/rushiksaiii/Desktop/ROS/rpwr-assignments/06_navigation/ros2_ws/install/turtlebot4_navigation/share/turtlebot4_navigation/local_setup.zsh
[1.645s] -- Symlinking: /home/rushiksaiii/Desktop/ROS/rpwr-assignments/06_navigation/ros2_ws/install/turtlebot4_navigation/share/turtlebot4_navigation/local_setup.dsv
[1.655s] -- Symlinking: /home/rushiksaiii/Desktop/ROS/rpwr-assignments/06_navigation/ros2_ws/install/turtlebot4_navigation/share/turtlebot4_navigation/package.dsv
[1.662s] -- Symlinking: /home/rushiksaiii/Desktop/ROS/rpwr-assignments/06_navigation/ros2_ws/install/turtlebot4_navigation/share/ament_index/resource_index/packages/turtlebot4_navigation
[1.669s] -- Symlinking: /home/rushiksaiii/Desktop/ROS/rpwr-assignments/06_navigation/ros2_ws/install/turtlebot4_navigation/share/turtlebot4_navigation/cmake/turtlebot4_navigationConfig.cmake
[1.677s] -- Symlinking: /home/rushiksaiii/Desktop/ROS/rpwr-assignments/06_navigation/ros2_ws/install/turtlebot4_navigation/share/turtlebot4_navigation/cmake/turtlebot4_navigationConfig-version.cmake
[1.684s] -- Symlinking: /home/rushiksaiii/Desktop/ROS/rpwr-assignments/06_navigation/ros2_ws/install/turtlebot4_navigation/share/turtlebot4_navigation/package.xml
[1.731s] Listing '/home/rushiksaiii/Desktop/ROS/rpwr-assignments/06_navigation/ros2_ws/install/turtlebot4_navigation/lib/python3.12/site-packages/turtlebot4_navigation'...
[1.731s] Compiling '/home/rushiksaiii/Desktop/ROS/rpwr-assignments/06_navigation/ros2_ws/install/turtlebot4_navigation/lib/python3.12/site-packages/turtlebot4_navigation/__init__.py'...
[1.731s] Compiling '/home/rushiksaiii/Desktop/ROS/rpwr-assignments/06_navigation/ros2_ws/install/turtlebot4_navigation/lib/python3.12/site-packages/turtlebot4_navigation/turtlebot4_navigator.py'...
[1.768s] Compiling '/home/rushiksaiii/Desktop/ROS/rpwr-assignments/06_navigation/ros2_ws/install/turtlebot4_navigation/lib/python3.12/site-packages/turtlebot4_navigator.py'...
[1.777s] Invoked command in '/home/rushiksaiii/Desktop/ROS/rpwr-assignments/06_navigation/ros2_ws/build/turtlebot4_navigation' returned '0': CMAKE_PREFIX_PATH=${CMAKE_PREFIX_PATH}:/home/rushiksaiii/Desktop/ROS/rpwr-assignments/03_ros/install/turtle_party:/home/rushiksaiii/Desktop/ROS/rpwr-assignments/03_ros/install/turtle_new:/home/rushiksaiii/ros2_ws/install/turtle_party:/opt/ros/jazzy DEBUGINFOD_URLS=https://debuginfod.ubuntu.com /usr/bin/cmake --install /home/rushiksaiii/Desktop/ROS/rpwr-assignments/06_navigation/ros2_ws/build/turtlebot4_navigation
