[0.058s] Invoking command in '/home/rushiksaiii/Desktop/ROS/rpwr-assignments/06_navigation/ros2_ws/build/turtlebot4_msgs': CMAKE_PREFIX_PATH=${CMAKE_PREFIX_PATH}:/home/rushiksaiii/ros2_ws/install/turtle_party:/opt/ros/jazzy DEBUGINFOD_URLS=https://debuginfod.ubuntu.com /usr/bin/cmake --build /home/rushiksaiii/Desktop/ROS/rpwr-assignments/06_navigation/ros2_ws/build/turtlebot4_msgs -- -j8 -l8
[0.328s] [  1%] Built target turtlebot4_msgs__rosidl_generator_type_description
[0.332s] [  1%] Built target ament_cmake_python_symlink_turtlebot4_msgs
[0.379s] [  3%] Built target turtlebot4_msgs__cpp
[0.395s] [ 24%] Built target turtlebot4_msgs__rosidl_generator_c
[0.467s] [ 33%] Built target turtlebot4_msgs__rosidl_typesupport_introspection_c
[0.469s] [ 42%] Built target turtlebot4_msgs__rosidl_typesupport_fastrtps_c
[0.488s] [ 53%] Built target turtlebot4_msgs__rosidl_typesupport_cpp
[0.492s] [ 62%] Built target turtlebot4_msgs__rosidl_typesupport_c
[0.494s] [ 70%] Built target turtlebot4_msgs__rosidl_typesupport_introspection_cpp
[0.494s] [ 79%] Built target turtlebot4_msgs__rosidl_typesupport_fastrtps_cpp
[0.535s] [ 79%] Built target turtlebot4_msgs
[0.567s] [ 81%] Built target turtlebot4_msgs__py
[0.619s] running egg_info
[0.624s] [ 88%] Built target turtlebot4_msgs__rosidl_generator_py
[0.657s] writing turtlebot4_msgs.egg-info/PKG-INFO
[0.658s] writing dependency_links to turtlebot4_msgs.egg-info/dependency_links.txt
[0.658s] writing top-level names to turtlebot4_msgs.egg-info/top_level.txt
[0.687s] [ 92%] Built target turtlebot4_msgs_s__rosidl_typesupport_c
[0.698s] [ 96%] Built target turtlebot4_msgs_s__rosidl_typesupport_introspection_c
[0.698s] [100%] Built target turtlebot4_msgs_s__rosidl_typesupport_fastrtps_c
[0.743s] reading manifest file 'turtlebot4_msgs.egg-info/SOURCES.txt'
[0.743s] writing manifest file 'turtlebot4_msgs.egg-info/SOURCES.txt'
[0.814s] [100%] Built target ament_cmake_python_build_turtlebot4_msgs_egg
[0.835s] Invoked command in '/home/rushiksaiii/Desktop/ROS/rpwr-assignments/06_navigation/ros2_ws/build/turtlebot4_msgs' returned '0': CMAKE_PREFIX_PATH=${CMAKE_PREFIX_PATH}:/home/rushiksaiii/ros2_ws/install/turtle_party:/opt/ros/jazzy DEBUGINFOD_URLS=https://debuginfod.ubuntu.com /usr/bin/cmake --build /home/rushiksaiii/Desktop/ROS/rpwr-assignments/06_navigation/ros2_ws/build/turtlebot4_msgs -- -j8 -l8
[0.838s] Invoking command in '/home/rushiksaiii/Desktop/ROS/rpwr-assignments/06_navigation/ros2_ws/build/turtlebot4_msgs': CMAKE_PREFIX_PATH=${CMAKE_PREFIX_PATH}:/home/rushiksaiii/ros2_ws/install/turtle_party:/opt/ros/jazzy DEBUGINFOD_URLS=https://debuginfod.ubuntu.com /usr/bin/cmake --install /home/rushiksaiii/Desktop/ROS/rpwr-assignments/06_navigation/ros2_ws/build/turtlebot4_msgs
[0.853s] -- Install configuration: ""
[0.857s] -- Execute custom install script
[0.857s] -- Up-to-date symlink: /home/rushiksaiii/Desktop/ROS/rpwr-assignments/06_navigation/ros2_ws/install/turtlebot4_msgs/share/ament_index/resource_index/rosidl_interfaces/turtlebot4_msgs
[0.857s] -- Up-to-date symlink: /home/rushiksaiii/Desktop/ROS/rpwr-assignments/06_navigation/ros2_ws/install/turtlebot4_msgs/share/turtlebot4_msgs/msg/UserLed.json
[0.857s] -- Up-to-date symlink: /home/rushiksaiii/Desktop/ROS/rpwr-assignments/06_navigation/ros2_ws/install/turtlebot4_msgs/share/turtlebot4_msgs/msg/UserButton.json
[0.857s] -- Up-to-date symlink: /home/rushiksaiii/Desktop/ROS/rpwr-assignments/06_navigation/ros2_ws/install/turtlebot4_msgs/share/turtlebot4_msgs/msg/UserDisplay.json
[0.857s] -- Up-to-date symlink: /home/rushiksaiii/Desktop/ROS/rpwr-assignments/06_navigation/ros2_ws/install/turtlebot4_msgs/include/turtlebot4_msgs/turtlebot4_msgs/msg/detail/user_button__functions.h
[0.857s] -- Up-to-date symlink: /home/rushiksaiii/Desktop/ROS/rpwr-assignments/06_navigation/ros2_ws/install/turtlebot4_msgs/include/turtlebot4_msgs/turtlebot4_msgs/msg/detail/user_button__struct.h
[0.857s] -- Up-to-date symlink: /home/rushiksaiii/Desktop/ROS/rpwr-assignments/06_navigation/ros2_ws/install/turtlebot4_msgs/include/turtlebot4_msgs/turtlebot4_msgs/msg/detail/user_button__type_support.h
[0.860s] -- Up-to-date symlink: /home/rushiksaiii/Desktop/ROS/rpwr-assignments/06_navigation/ros2_ws/install/turtlebot4_msgs/include/turtlebot4_msgs/turtlebot4_msgs/msg/detail/user_display__functions.h
[0.861s] -- Up-to-date symlink: /home/rushiksaiii/Desktop/ROS/rpwr-assignments/06_navigation/ros2_ws/install/turtlebot4_msgs/include/turtlebot4_msgs/turtlebot4_msgs/msg/detail/user_display__struct.h
[0.861s] -- Up-to-date symlink: /home/rushiksaiii/Desktop/ROS/rpwr-assignments/06_navigation/ros2_ws/install/turtlebot4_msgs/include/turtlebot4_msgs/turtlebot4_msgs/msg/detail/user_display__type_support.h
[0.862s] -- Up-to-date symlink: /home/rushiksaiii/Desktop/ROS/rpwr-assignments/06_navigation/ros2_ws/install/turtlebot4_msgs/include/turtlebot4_msgs/turtlebot4_msgs/msg/detail/user_led__functions.h
[0.864s] -- Up-to-date symlink: /home/rushiksaiii/Desktop/ROS/rpwr-assignments/06_navigation/ros2_ws/install/turtlebot4_msgs/include/turtlebot4_msgs/turtlebot4_msgs/msg/detail/user_led__struct.h
[0.864s] -- Up-to-date symlink: /home/rushiksaiii/Desktop/ROS/rpwr-assignments/06_navigation/ros2_ws/install/turtlebot4_msgs/include/turtlebot4_msgs/turtlebot4_msgs/msg/detail/user_led__type_support.h
[0.864s] -- Up-to-date symlink: /home/rushiksaiii/Desktop/ROS/rpwr-assignments/06_navigation/ros2_ws/install/turtlebot4_msgs/include/turtlebot4_msgs/turtlebot4_msgs/msg/rosidl_generator_c__visibility_control.h
[0.864s] -- Up-to-date symlink: /home/rushiksaiii/Desktop/ROS/rpwr-assignments/06_navigation/ros2_ws/install/turtlebot4_msgs/include/turtlebot4_msgs/turtlebot4_msgs/msg/user_button.h
[0.864s] -- Up-to-date symlink: /home/rushiksaiii/Desktop/ROS/rpwr-assignments/06_navigation/ros2_ws/install/turtlebot4_msgs/include/turtlebot4_msgs/turtlebot4_msgs/msg/user_display.h
[0.864s] -- Up-to-date symlink: /home/rushiksaiii/Desktop/ROS/rpwr-assignments/06_navigation/ros2_ws/install/turtlebot4_msgs/include/turtlebot4_msgs/turtlebot4_msgs/msg/user_led.h
[0.864s] -- Up-to-date symlink: /home/rushiksaiii/Desktop/ROS/rpwr-assignments/06_navigation/ros2_ws/install/turtlebot4_msgs/share/turtlebot4_msgs/environment/library_path.sh
[0.864s] -- Up-to-date symlink: /home/rushiksaiii/Desktop/ROS/rpwr-assignments/06_navigation/ros2_ws/install/turtlebot4_msgs/share/turtlebot4_msgs/environment/library_path.dsv
[0.867s] -- Up-to-date symlink: /home/rushiksaiii/Desktop/ROS/rpwr-assignments/06_navigation/ros2_ws/install/turtlebot4_msgs/include/turtlebot4_msgs/turtlebot4_msgs/msg/detail/user_button__rosidl_typesupport_fastrtps_c.h
[0.867s] -- Up-to-date symlink: /home/rushiksaiii/Desktop/ROS/rpwr-assignments/06_navigation/ros2_ws/install/turtlebot4_msgs/include/turtlebot4_msgs/turtlebot4_msgs/msg/detail/user_display__rosidl_typesupport_fastrtps_c.h
[0.867s] -- Up-to-date symlink: /home/rushiksaiii/Desktop/ROS/rpwr-assignments/06_navigation/ros2_ws/install/turtlebot4_msgs/include/turtlebot4_msgs/turtlebot4_msgs/msg/detail/user_led__rosidl_typesupport_fastrtps_c.h
[0.867s] -- Up-to-date symlink: /home/rushiksaiii/Desktop/ROS/rpwr-assignments/06_navigation/ros2_ws/install/turtlebot4_msgs/include/turtlebot4_msgs/turtlebot4_msgs/msg/rosidl_typesupport_fastrtps_c__visibility_control.h
[0.868s] -- Up-to-date symlink: /home/rushiksaiii/Desktop/ROS/rpwr-assignments/06_navigation/ros2_ws/install/turtlebot4_msgs/include/turtlebot4_msgs/turtlebot4_msgs/msg/detail/user_button__rosidl_typesupport_introspection_c.h
[0.873s] -- Up-to-date symlink: /home/rushiksaiii/Desktop/ROS/rpwr-assignments/06_navigation/ros2_ws/install/turtlebot4_msgs/include/turtlebot4_msgs/turtlebot4_msgs/msg/detail/user_display__rosidl_typesupport_introspection_c.h
[0.873s] -- Up-to-date symlink: /home/rushiksaiii/Desktop/ROS/rpwr-assignments/06_navigation/ros2_ws/install/turtlebot4_msgs/include/turtlebot4_msgs/turtlebot4_msgs/msg/detail/user_led__rosidl_typesupport_introspection_c.h
[0.873s] -- Up-to-date symlink: /home/rushiksaiii/Desktop/ROS/rpwr-assignments/06_navigation/ros2_ws/install/turtlebot4_msgs/include/turtlebot4_msgs/turtlebot4_msgs/msg/rosidl_typesupport_introspection_c__visibility_control.h
[0.873s] -- Up-to-date symlink: /home/rushiksaiii/Desktop/ROS/rpwr-assignments/06_navigation/ros2_ws/install/turtlebot4_msgs/include/turtlebot4_msgs/turtlebot4_msgs/msg/detail/user_button__builder.hpp
[0.873s] -- Up-to-date symlink: /home/rushiksaiii/Desktop/ROS/rpwr-assignments/06_navigation/ros2_ws/install/turtlebot4_msgs/include/turtlebot4_msgs/turtlebot4_msgs/msg/detail/user_button__struct.hpp
[0.873s] -- Up-to-date symlink: /home/rushiksaiii/Desktop/ROS/rpwr-assignments/06_navigation/ros2_ws/install/turtlebot4_msgs/include/turtlebot4_msgs/turtlebot4_msgs/msg/detail/user_button__traits.hpp
[0.874s] -- Up-to-date symlink: /home/rushiksaiii/Desktop/ROS/rpwr-assignments/06_navigation/ros2_ws/install/turtlebot4_msgs/include/turtlebot4_msgs/turtlebot4_msgs/msg/detail/user_button__type_support.hpp
[0.874s] -- Up-to-date symlink: /home/rushiksaiii/Desktop/ROS/rpwr-assignments/06_navigation/ros2_ws/install/turtlebot4_msgs/include/turtlebot4_msgs/turtlebot4_msgs/msg/detail/user_display__builder.hpp
[0.874s] -- Up-to-date symlink: /home/rushiksaiii/Desktop/ROS/rpwr-assignments/06_navigation/ros2_ws/install/turtlebot4_msgs/include/turtlebot4_msgs/turtlebot4_msgs/msg/detail/user_display__struct.hpp
[0.875s] -- Up-to-date symlink: /home/rushiksaiii/Desktop/ROS/rpwr-assignments/06_navigation/ros2_ws/install/turtlebot4_msgs/include/turtlebot4_msgs/turtlebot4_msgs/msg/detail/user_display__traits.hpp
[0.875s] -- Up-to-date symlink: /home/rushiksaiii/Desktop/ROS/rpwr-assignments/06_navigation/ros2_ws/install/turtlebot4_msgs/include/turtlebot4_msgs/turtlebot4_msgs/msg/detail/user_display__type_support.hpp
[0.875s] -- Up-to-date symlink: /home/rushiksaiii/Desktop/ROS/rpwr-assignments/06_navigation/ros2_ws/install/turtlebot4_msgs/include/turtlebot4_msgs/turtlebot4_msgs/msg/detail/user_led__builder.hpp
[0.875s] -- Up-to-date symlink: /home/rushiksaiii/Desktop/ROS/rpwr-assignments/06_navigation/ros2_ws/install/turtlebot4_msgs/include/turtlebot4_msgs/turtlebot4_msgs/msg/detail/user_led__struct.hpp
[0.875s] -- Up-to-date symlink: /home/rushiksaiii/Desktop/ROS/rpwr-assignments/06_navigation/ros2_ws/install/turtlebot4_msgs/include/turtlebot4_msgs/turtlebot4_msgs/msg/detail/user_led__traits.hpp
[0.877s] -- Up-to-date symlink: /home/rushiksaiii/Desktop/ROS/rpwr-assignments/06_navigation/ros2_ws/install/turtlebot4_msgs/include/turtlebot4_msgs/turtlebot4_msgs/msg/detail/user_led__type_support.hpp
[0.877s] -- Up-to-date symlink: /home/rushiksaiii/Desktop/ROS/rpwr-assignments/06_navigation/ros2_ws/install/turtlebot4_msgs/include/turtlebot4_msgs/turtlebot4_msgs/msg/rosidl_generator_cpp__visibility_control.hpp
[0.877s] -- Up-to-date symlink: /home/rushiksaiii/Desktop/ROS/rpwr-assignments/06_navigation/ros2_ws/install/turtlebot4_msgs/include/turtlebot4_msgs/turtlebot4_msgs/msg/user_button.hpp
[0.877s] -- Up-to-date symlink: /home/rushiksaiii/Desktop/ROS/rpwr-assignments/06_navigation/ros2_ws/install/turtlebot4_msgs/include/turtlebot4_msgs/turtlebot4_msgs/msg/user_display.hpp
[0.877s] -- Up-to-date symlink: /home/rushiksaiii/Desktop/ROS/rpwr-assignments/06_navigation/ros2_ws/install/turtlebot4_msgs/include/turtlebot4_msgs/turtlebot4_msgs/msg/user_led.hpp
[0.879s] -- Up-to-date symlink: /home/rushiksaiii/Desktop/ROS/rpwr-assignments/06_navigation/ros2_ws/install/turtlebot4_msgs/include/turtlebot4_msgs/turtlebot4_msgs/msg/detail/user_button__rosidl_typesupport_fastrtps_cpp.hpp
[0.879s] -- Up-to-date symlink: /home/rushiksaiii/Desktop/ROS/rpwr-assignments/06_navigation/ros2_ws/install/turtlebot4_msgs/include/turtlebot4_msgs/turtlebot4_msgs/msg/detail/user_display__rosidl_typesupport_fastrtps_cpp.hpp
[0.879s] -- Up-to-date symlink: /home/rushiksaiii/Desktop/ROS/rpwr-assignments/06_navigation/ros2_ws/install/turtlebot4_msgs/include/turtlebot4_msgs/turtlebot4_msgs/msg/detail/user_led__rosidl_typesupport_fastrtps_cpp.hpp
[0.880s] -- Up-to-date symlink: /home/rushiksaiii/Desktop/ROS/rpwr-assignments/06_navigation/ros2_ws/install/turtlebot4_msgs/include/turtlebot4_msgs/turtlebot4_msgs/msg/rosidl_typesupport_fastrtps_cpp__visibility_control.h
[0.881s] -- Up-to-date symlink: /home/rushiksaiii/Desktop/ROS/rpwr-assignments/06_navigation/ros2_ws/install/turtlebot4_msgs/include/turtlebot4_msgs/turtlebot4_msgs/msg/detail/user_button__rosidl_typesupport_introspection_cpp.hpp
[0.881s] -- Up-to-date symlink: /home/rushiksaiii/Desktop/ROS/rpwr-assignments/06_navigation/ros2_ws/install/turtlebot4_msgs/include/turtlebot4_msgs/turtlebot4_msgs/msg/detail/user_display__rosidl_typesupport_introspection_cpp.hpp
[0.882s] -- Up-to-date symlink: /home/rushiksaiii/Desktop/ROS/rpwr-assignments/06_navigation/ros2_ws/install/turtlebot4_msgs/include/turtlebot4_msgs/turtlebot4_msgs/msg/detail/user_led__rosidl_typesupport_introspection_cpp.hpp
[0.882s] -- Up-to-date symlink: /home/rushiksaiii/Desktop/ROS/rpwr-assignments/06_navigation/ros2_ws/install/turtlebot4_msgs/share/turtlebot4_msgs/environment/pythonpath.sh
[0.883s] -- Up-to-date symlink: /home/rushiksaiii/Desktop/ROS/rpwr-assignments/06_navigation/ros2_ws/install/turtlebot4_msgs/share/turtlebot4_msgs/environment/pythonpath.dsv
[0.884s] -- Up-to-date symlink: /home/rushiksaiii/Desktop/ROS/rpwr-assignments/06_navigation/ros2_ws/install/turtlebot4_msgs/lib/python3.12/site-packages/turtlebot4_msgs-2.0.1-py3.12.egg-info/PKG-INFO
[0.884s] -- Up-to-date symlink: /home/rushiksaiii/Desktop/ROS/rpwr-assignments/06_navigation/ros2_ws/install/turtlebot4_msgs/lib/python3.12/site-packages/turtlebot4_msgs-2.0.1-py3.12.egg-info/SOURCES.txt
[0.885s] -- Up-to-date symlink: /home/rushiksaiii/Desktop/ROS/rpwr-assignments/06_navigation/ros2_ws/install/turtlebot4_msgs/lib/python3.12/site-packages/turtlebot4_msgs-2.0.1-py3.12.egg-info/dependency_links.txt
[0.886s] -- Up-to-date symlink: /home/rushiksaiii/Desktop/ROS/rpwr-assignments/06_navigation/ros2_ws/install/turtlebot4_msgs/lib/python3.12/site-packages/turtlebot4_msgs-2.0.1-py3.12.egg-info/top_level.txt
[0.886s] -- Up-to-date symlink: /home/rushiksaiii/Desktop/ROS/rpwr-assignments/06_navigation/ros2_ws/install/turtlebot4_msgs/lib/python3.12/site-packages/turtlebot4_msgs/__init__.py
[0.886s] -- Up-to-date symlink: /home/rushiksaiii/Desktop/ROS/rpwr-assignments/06_navigation/ros2_ws/install/turtlebot4_msgs/lib/python3.12/site-packages/turtlebot4_msgs/_turtlebot4_msgs_s.ep.rosidl_typesupport_c.c
[0.887s] -- Up-to-date symlink: /home/rushiksaiii/Desktop/ROS/rpwr-assignments/06_navigation/ros2_ws/install/turtlebot4_msgs/lib/python3.12/site-packages/turtlebot4_msgs/_turtlebot4_msgs_s.ep.rosidl_typesupport_fastrtps_c.c
[0.887s] -- Up-to-date symlink: /home/rushiksaiii/Desktop/ROS/rpwr-assignments/06_navigation/ros2_ws/install/turtlebot4_msgs/lib/python3.12/site-packages/turtlebot4_msgs/_turtlebot4_msgs_s.ep.rosidl_typesupport_introspection_c.c
[0.887s] -- Up-to-date symlink: /home/rushiksaiii/Desktop/ROS/rpwr-assignments/06_navigation/ros2_ws/install/turtlebot4_msgs/lib/python3.12/site-packages/turtlebot4_msgs/msg/__init__.py
[0.887s] -- Up-to-date symlink: /home/rushiksaiii/Desktop/ROS/rpwr-assignments/06_navigation/ros2_ws/install/turtlebot4_msgs/lib/python3.12/site-packages/turtlebot4_msgs/msg/_user_button.py
[0.888s] -- Up-to-date symlink: /home/rushiksaiii/Desktop/ROS/rpwr-assignments/06_navigation/ros2_ws/install/turtlebot4_msgs/lib/python3.12/site-packages/turtlebot4_msgs/msg/_user_button_s.c
[0.888s] -- Up-to-date symlink: /home/rushiksaiii/Desktop/ROS/rpwr-assignments/06_navigation/ros2_ws/install/turtlebot4_msgs/lib/python3.12/site-packages/turtlebot4_msgs/msg/_user_display.py
[0.888s] -- Up-to-date symlink: /home/rushiksaiii/Desktop/ROS/rpwr-assignments/06_navigation/ros2_ws/install/turtlebot4_msgs/lib/python3.12/site-packages/turtlebot4_msgs/msg/_user_display_s.c
[0.889s] -- Up-to-date symlink: /home/rushiksaiii/Desktop/ROS/rpwr-assignments/06_navigation/ros2_ws/install/turtlebot4_msgs/lib/python3.12/site-packages/turtlebot4_msgs/msg/_user_led.py
[0.889s] -- Up-to-date symlink: /home/rushiksaiii/Desktop/ROS/rpwr-assignments/06_navigation/ros2_ws/install/turtlebot4_msgs/lib/python3.12/site-packages/turtlebot4_msgs/msg/_user_led_s.c
[0.889s] -- Up-to-date symlink: /home/rushiksaiii/Desktop/ROS/rpwr-assignments/06_navigation/ros2_ws/install/turtlebot4_msgs/lib/python3.12/site-packages/turtlebot4_msgs/turtlebot4_msgs_s__rosidl_typesupport_c.so
[0.890s] -- Up-to-date symlink: /home/rushiksaiii/Desktop/ROS/rpwr-assignments/06_navigation/ros2_ws/install/turtlebot4_msgs/lib/python3.12/site-packages/turtlebot4_msgs/turtlebot4_msgs_s__rosidl_typesupport_fastrtps_c.so
[0.890s] -- Up-to-date symlink: /home/rushiksaiii/Desktop/ROS/rpwr-assignments/06_navigation/ros2_ws/install/turtlebot4_msgs/lib/python3.12/site-packages/turtlebot4_msgs/turtlebot4_msgs_s__rosidl_typesupport_introspection_c.so
[0.891s] -- Up-to-date symlink: /home/rushiksaiii/Desktop/ROS/rpwr-assignments/06_navigation/ros2_ws/install/turtlebot4_msgs/lib/python3.12/site-packages/turtlebot4_msgs/turtlebot4_msgs_s__rosidl_typesupport_fastrtps_c.so
[0.893s] -- Up-to-date symlink: /home/rushiksaiii/Desktop/ROS/rpwr-assignments/06_navigation/ros2_ws/install/turtlebot4_msgs/lib/python3.12/site-packages/turtlebot4_msgs/turtlebot4_msgs_s__rosidl_typesupport_introspection_c.so
[0.894s] -- Up-to-date symlink: /home/rushiksaiii/Desktop/ROS/rpwr-assignments/06_navigation/ros2_ws/install/turtlebot4_msgs/lib/python3.12/site-packages/turtlebot4_msgs/turtlebot4_msgs_s__rosidl_typesupport_c.so
[0.896s] -- Up-to-date symlink: /home/rushiksaiii/Desktop/ROS/rpwr-assignments/06_navigation/ros2_ws/install/turtlebot4_msgs/share/turtlebot4_msgs/msg/UserLed.idl
[0.897s] -- Up-to-date symlink: /home/rushiksaiii/Desktop/ROS/rpwr-assignments/06_navigation/ros2_ws/install/turtlebot4_msgs/share/turtlebot4_msgs/msg/UserButton.idl
[0.897s] -- Up-to-date symlink: /home/rushiksaiii/Desktop/ROS/rpwr-assignments/06_navigation/ros2_ws/install/turtlebot4_msgs/share/turtlebot4_msgs/msg/UserDisplay.idl
[0.897s] -- Up-to-date symlink: /home/rushiksaiii/Desktop/ROS/rpwr-assignments/06_navigation/ros2_ws/install/turtlebot4_msgs/share/turtlebot4_msgs/msg/UserLed.msg
[0.897s] -- Up-to-date symlink: /home/rushiksaiii/Desktop/ROS/rpwr-assignments/06_navigation/ros2_ws/install/turtlebot4_msgs/share/turtlebot4_msgs/msg/UserButton.msg
[0.897s] -- Up-to-date symlink: /home/rushiksaiii/Desktop/ROS/rpwr-assignments/06_navigation/ros2_ws/install/turtlebot4_msgs/share/turtlebot4_msgs/msg/UserDisplay.msg
[0.898s] -- Up-to-date symlink: /home/rushiksaiii/Desktop/ROS/rpwr-assignments/06_navigation/ros2_ws/install/turtlebot4_msgs/share/ament_index/resource_index/package_run_dependencies/turtlebot4_msgs
[0.898s] -- Up-to-date symlink: /home/rushiksaiii/Desktop/ROS/rpwr-assignments/06_navigation/ros2_ws/install/turtlebot4_msgs/share/ament_index/resource_index/parent_prefix_path/turtlebot4_msgs
[0.898s] -- Up-to-date symlink: /home/rushiksaiii/Desktop/ROS/rpwr-assignments/06_navigation/ros2_ws/install/turtlebot4_msgs/share/turtlebot4_msgs/environment/ament_prefix_path.sh
[0.898s] -- Up-to-date symlink: /home/rushiksaiii/Desktop/ROS/rpwr-assignments/06_navigation/ros2_ws/install/turtlebot4_msgs/share/turtlebot4_msgs/environment/ament_prefix_path.dsv
[0.898s] -- Up-to-date symlink: /home/rushiksaiii/Desktop/ROS/rpwr-assignments/06_navigation/ros2_ws/install/turtlebot4_msgs/share/turtlebot4_msgs/environment/path.sh
[0.898s] -- Up-to-date symlink: /home/rushiksaiii/Desktop/ROS/rpwr-assignments/06_navigation/ros2_ws/install/turtlebot4_msgs/share/turtlebot4_msgs/environment/path.dsv
[0.898s] -- Up-to-date symlink: /home/rushiksaiii/Desktop/ROS/rpwr-assignments/06_navigation/ros2_ws/install/turtlebot4_msgs/share/turtlebot4_msgs/local_setup.bash
[0.901s] -- Up-to-date symlink: /home/rushiksaiii/Desktop/ROS/rpwr-assignments/06_navigation/ros2_ws/install/turtlebot4_msgs/share/turtlebot4_msgs/local_setup.sh
[0.901s] -- Up-to-date symlink: /home/rushiksaiii/Desktop/ROS/rpwr-assignments/06_navigation/ros2_ws/install/turtlebot4_msgs/share/turtlebot4_msgs/local_setup.zsh
[0.901s] -- Up-to-date symlink: /home/rushiksaiii/Desktop/ROS/rpwr-assignments/06_navigation/ros2_ws/install/turtlebot4_msgs/share/turtlebot4_msgs/local_setup.dsv
[0.902s] -- Symlinking: /home/rushiksaiii/Desktop/ROS/rpwr-assignments/06_navigation/ros2_ws/install/turtlebot4_msgs/share/turtlebot4_msgs/package.dsv
[0.914s] -- Up-to-date symlink: /home/rushiksaiii/Desktop/ROS/rpwr-assignments/06_navigation/ros2_ws/install/turtlebot4_msgs/share/ament_index/resource_index/packages/turtlebot4_msgs
[0.914s] -- Up-to-date symlink: /home/rushiksaiii/Desktop/ROS/rpwr-assignments/06_navigation/ros2_ws/install/turtlebot4_msgs/share/turtlebot4_msgs/cmake/rosidl_cmake-extras.cmake
[0.915s] -- Up-to-date symlink: /home/rushiksaiii/Desktop/ROS/rpwr-assignments/06_navigation/ros2_ws/install/turtlebot4_msgs/share/turtlebot4_msgs/cmake/ament_cmake_export_include_directories-extras.cmake
[0.917s] -- Up-to-date symlink: /home/rushiksaiii/Desktop/ROS/rpwr-assignments/06_navigation/ros2_ws/install/turtlebot4_msgs/share/turtlebot4_msgs/cmake/ament_cmake_export_libraries-extras.cmake
[0.920s] -- Up-to-date symlink: /home/rushiksaiii/Desktop/ROS/rpwr-assignments/06_navigation/ros2_ws/install/turtlebot4_msgs/share/turtlebot4_msgs/cmake/ament_cmake_export_targets-extras.cmake
[0.921s] -- Up-to-date symlink: /home/rushiksaiii/Desktop/ROS/rpwr-assignments/06_navigation/ros2_ws/install/turtlebot4_msgs/share/turtlebot4_msgs/cmake/rosidl_cmake_export_typesupport_targets-extras.cmake
[0.921s] -- Up-to-date symlink: /home/rushiksaiii/Desktop/ROS/rpwr-assignments/06_navigation/ros2_ws/install/turtlebot4_msgs/share/turtlebot4_msgs/cmake/ament_cmake_export_dependencies-extras.cmake
[0.921s] -- Up-to-date symlink: /home/rushiksaiii/Desktop/ROS/rpwr-assignments/06_navigation/ros2_ws/install/turtlebot4_msgs/share/turtlebot4_msgs/cmake/rosidl_cmake_export_typesupport_libraries-extras.cmake
[0.922s] -- Up-to-date symlink: /home/rushiksaiii/Desktop/ROS/rpwr-assignments/06_navigation/ros2_ws/install/turtlebot4_msgs/share/turtlebot4_msgs/cmake/turtlebot4_msgsConfig.cmake
[0.922s] -- Up-to-date symlink: /home/rushiksaiii/Desktop/ROS/rpwr-assignments/06_navigation/ros2_ws/install/turtlebot4_msgs/share/turtlebot4_msgs/cmake/turtlebot4_msgsConfig-version.cmake
[0.922s] -- Up-to-date symlink: /home/rushiksaiii/Desktop/ROS/rpwr-assignments/06_navigation/ros2_ws/install/turtlebot4_msgs/share/turtlebot4_msgs/package.xml
[0.925s] -- Up-to-date: /home/rushiksaiii/Desktop/ROS/rpwr-assignments/06_navigation/ros2_ws/install/turtlebot4_msgs/lib/libturtlebot4_msgs__rosidl_generator_c.so
[0.927s] -- Up-to-date: /home/rushiksaiii/Desktop/ROS/rpwr-assignments/06_navigation/ros2_ws/install/turtlebot4_msgs/lib/libturtlebot4_msgs__rosidl_typesupport_fastrtps_c.so
[0.933s] -- Up-to-date: /home/rushiksaiii/Desktop/ROS/rpwr-assignments/06_navigation/ros2_ws/install/turtlebot4_msgs/lib/libturtlebot4_msgs__rosidl_typesupport_introspection_c.so
[0.936s] -- Up-to-date: /home/rushiksaiii/Desktop/ROS/rpwr-assignments/06_navigation/ros2_ws/install/turtlebot4_msgs/lib/libturtlebot4_msgs__rosidl_typesupport_c.so
[0.948s] -- Up-to-date: /home/rushiksaiii/Desktop/ROS/rpwr-assignments/06_navigation/ros2_ws/install/turtlebot4_msgs/lib/libturtlebot4_msgs__rosidl_typesupport_fastrtps_cpp.so
[0.954s] -- Up-to-date: /home/rushiksaiii/Desktop/ROS/rpwr-assignments/06_navigation/ros2_ws/install/turtlebot4_msgs/lib/libturtlebot4_msgs__rosidl_typesupport_introspection_cpp.so
[0.955s] -- Up-to-date: /home/rushiksaiii/Desktop/ROS/rpwr-assignments/06_navigation/ros2_ws/install/turtlebot4_msgs/lib/libturtlebot4_msgs__rosidl_typesupport_cpp.so
[1.048s] Listing '/home/rushiksaiii/Desktop/ROS/rpwr-assignments/06_navigation/ros2_ws/install/turtlebot4_msgs/lib/python3.12/site-packages/turtlebot4_msgs'...
[1.048s] Listing '/home/rushiksaiii/Desktop/ROS/rpwr-assignments/06_navigation/ros2_ws/install/turtlebot4_msgs/lib/python3.12/site-packages/turtlebot4_msgs/msg'...
[1.062s] -- Up-to-date: /home/rushiksaiii/Desktop/ROS/rpwr-assignments/06_navigation/ros2_ws/install/turtlebot4_msgs/lib/libturtlebot4_msgs__rosidl_generator_py.so
[1.062s] -- Up-to-date: /home/rushiksaiii/Desktop/ROS/rpwr-assignments/06_navigation/ros2_ws/install/turtlebot4_msgs/share/turtlebot4_msgs/cmake/export_turtlebot4_msgs__rosidl_generator_cExport.cmake
[1.062s] -- Up-to-date: /home/rushiksaiii/Desktop/ROS/rpwr-assignments/06_navigation/ros2_ws/install/turtlebot4_msgs/share/turtlebot4_msgs/cmake/export_turtlebot4_msgs__rosidl_generator_cExport-noconfig.cmake
[1.062s] -- Up-to-date: /home/rushiksaiii/Desktop/ROS/rpwr-assignments/06_navigation/ros2_ws/install/turtlebot4_msgs/share/turtlebot4_msgs/cmake/export_turtlebot4_msgs__rosidl_typesupport_fastrtps_cExport.cmake
[1.062s] -- Up-to-date: /home/rushiksaiii/Desktop/ROS/rpwr-assignments/06_navigation/ros2_ws/install/turtlebot4_msgs/share/turtlebot4_msgs/cmake/export_turtlebot4_msgs__rosidl_typesupport_fastrtps_cExport-noconfig.cmake
[1.062s] -- Up-to-date: /home/rushiksaiii/Desktop/ROS/rpwr-assignments/06_navigation/ros2_ws/install/turtlebot4_msgs/share/turtlebot4_msgs/cmake/turtlebot4_msgs__rosidl_typesupport_introspection_cExport.cmake
[1.062s] -- Up-to-date: /home/rushiksaiii/Desktop/ROS/rpwr-assignments/06_navigation/ros2_ws/install/turtlebot4_msgs/share/turtlebot4_msgs/cmake/turtlebot4_msgs__rosidl_typesupport_introspection_cExport-noconfig.cmake
[1.062s] -- Up-to-date: /home/rushiksaiii/Desktop/ROS/rpwr-assignments/06_navigation/ros2_ws/install/turtlebot4_msgs/share/turtlebot4_msgs/cmake/turtlebot4_msgs__rosidl_typesupport_cExport.cmake
[1.062s] -- Up-to-date: /home/rushiksaiii/Desktop/ROS/rpwr-assignments/06_navigation/ros2_ws/install/turtlebot4_msgs/share/turtlebot4_msgs/cmake/turtlebot4_msgs__rosidl_typesupport_cExport-noconfig.cmake
[1.062s] -- Up-to-date: /home/rushiksaiii/Desktop/ROS/rpwr-assignments/06_navigation/ros2_ws/install/turtlebot4_msgs/share/turtlebot4_msgs/cmake/export_turtlebot4_msgs__rosidl_generator_cppExport.cmake
[1.065s] -- Up-to-date: /home/rushiksaiii/Desktop/ROS/rpwr-assignments/06_navigation/ros2_ws/install/turtlebot4_msgs/share/turtlebot4_msgs/cmake/export_turtlebot4_msgs__rosidl_typesupport_fastrtps_cppExport.cmake
[1.068s] -- Up-to-date: /home/rushiksaiii/Desktop/ROS/rpwr-assignments/06_navigation/ros2_ws/install/turtlebot4_msgs/share/turtlebot4_msgs/cmake/export_turtlebot4_msgs__rosidl_typesupport_fastrtps_cppExport-noconfig.cmake
[1.069s] -- Up-to-date: /home/rushiksaiii/Desktop/ROS/rpwr-assignments/06_navigation/ros2_ws/install/turtlebot4_msgs/share/turtlebot4_msgs/cmake/turtlebot4_msgs__rosidl_typesupport_introspection_cppExport.cmake
[1.070s] -- Up-to-date: /home/rushiksaiii/Desktop/ROS/rpwr-assignments/06_navigation/ros2_ws/install/turtlebot4_msgs/share/turtlebot4_msgs/cmake/turtlebot4_msgs__rosidl_typesupport_introspection_cppExport-noconfig.cmake
[1.070s] -- Up-to-date: /home/rushiksaiii/Desktop/ROS/rpwr-assignments/06_navigation/ros2_ws/install/turtlebot4_msgs/share/turtlebot4_msgs/cmake/turtlebot4_msgs__rosidl_typesupport_cppExport.cmake
[1.070s] -- Up-to-date: /home/rushiksaiii/Desktop/ROS/rpwr-assignments/06_navigation/ros2_ws/install/turtlebot4_msgs/share/turtlebot4_msgs/cmake/turtlebot4_msgs__rosidl_typesupport_cppExport-noconfig.cmake
[1.073s] -- Up-to-date: /home/rushiksaiii/Desktop/ROS/rpwr-assignments/06_navigation/ros2_ws/install/turtlebot4_msgs/share/turtlebot4_msgs/cmake/export_turtlebot4_msgs__rosidl_generator_pyExport.cmake
[1.073s] -- Up-to-date: /home/rushiksaiii/Desktop/ROS/rpwr-assignments/06_navigation/ros2_ws/install/turtlebot4_msgs/share/turtlebot4_msgs/cmake/export_turtlebot4_msgs__rosidl_generator_pyExport-noconfig.cmake
[1.085s] Invoked command in '/home/rushiksaiii/Desktop/ROS/rpwr-assignments/06_navigation/ros2_ws/build/turtlebot4_msgs' returned '0': CMAKE_PREFIX_PATH=${CMAKE_PREFIX_PATH}:/home/rushiksaiii/ros2_ws/install/turtle_party:/opt/ros/jazzy DEBUGINFOD_URLS=https://debuginfod.ubuntu.com /usr/bin/cmake --install /home/rushiksaiii/Desktop/ROS/rpwr-assignments/06_navigation/ros2_ws/build/turtlebot4_msgs
