running egg_info
creating ../../build/lane_follower_knockknock/lane_follower_knockknock.egg-info
writing ../../build/lane_follower_knockknock/lane_follower_knockknock.egg-info/PKG-INFO
writing dependency_links to ../../build/lane_follower_knockknock/lane_follower_knockknock.egg-info/dependency_links.txt
writing entry points to ../../build/lane_follower_knockknock/lane_follower_knockknock.egg-info/entry_points.txt
writing requirements to ../../build/lane_follower_knockknock/lane_follower_knockknock.egg-info/requires.txt
writing top-level names to ../../build/lane_follower_knockknock/lane_follower_knockknock.egg-info/top_level.txt
writing manifest file '../../build/lane_follower_knockknock/lane_follower_knockknock.egg-info/SOURCES.txt'
reading manifest file '../../build/lane_follower_knockknock/lane_follower_knockknock.egg-info/SOURCES.txt'
writing manifest file '../../build/lane_follower_knockknock/lane_follower_knockknock.egg-info/SOURCES.txt'
running build
running build_py
creating /home/rushiksaiii/Desktop/ROS/rpwr-assignments/internship/group5_ws/build/lane_follower_knockknock/build
creating /home/rushiksaiii/Desktop/ROS/rpwr-assignments/internship/group5_ws/build/lane_follower_knockknock/build/lib
creating /home/rushiksaiii/Desktop/ROS/rpwr-assignments/internship/group5_ws/build/lane_follower_knockknock/build/lib/lane_follower_knockknock
copying lane_follower_knockknock/__init__.py -> /home/rushiksaiii/Desktop/ROS/rpwr-assignments/internship/group5_ws/build/lane_follower_knockknock/build/lib/lane_follower_knockknock
copying lane_follower_knockknock/main.py -> /home/rushiksaiii/Desktop/ROS/rpwr-assignments/internship/group5_ws/build/lane_follower_knockknock/build/lib/lane_follower_knockknock
running install
running install_lib
creating /home/rushiksaiii/Desktop/ROS/rpwr-assignments/internship/group5_ws/install/lane_follower_knockknock/lib/python3.12/site-packages/lane_follower_knockknock
copying /home/rushiksaiii/Desktop/ROS/rpwr-assignments/internship/group5_ws/build/lane_follower_knockknock/build/lib/lane_follower_knockknock/__init__.py -> /home/rushiksaiii/Desktop/ROS/rpwr-assignments/internship/group5_ws/install/lane_follower_knockknock/lib/python3.12/site-packages/lane_follower_knockknock
copying /home/rushiksaiii/Desktop/ROS/rpwr-assignments/internship/group5_ws/build/lane_follower_knockknock/build/lib/lane_follower_knockknock/main.py -> /home/rushiksaiii/Desktop/ROS/rpwr-assignments/internship/group5_ws/install/lane_follower_knockknock/lib/python3.12/site-packages/lane_follower_knockknock
byte-compiling /home/rushiksaiii/Desktop/ROS/rpwr-assignments/internship/group5_ws/install/lane_follower_knockknock/lib/python3.12/site-packages/lane_follower_knockknock/__init__.py to __init__.cpython-312.pyc
byte-compiling /home/rushiksaiii/Desktop/ROS/rpwr-assignments/internship/group5_ws/install/lane_follower_knockknock/lib/python3.12/site-packages/lane_follower_knockknock/main.py to main.cpython-312.pyc
running install_data
creating /home/rushiksaiii/Desktop/ROS/rpwr-assignments/internship/group5_ws/install/lane_follower_knockknock/share/ament_index
creating /home/rushiksaiii/Desktop/ROS/rpwr-assignments/internship/group5_ws/install/lane_follower_knockknock/share/ament_index/resource_index
creating /home/rushiksaiii/Desktop/ROS/rpwr-assignments/internship/group5_ws/install/lane_follower_knockknock/share/ament_index/resource_index/packages
copying resource/lane_follower_knockknock -> /home/rushiksaiii/Desktop/ROS/rpwr-assignments/internship/group5_ws/install/lane_follower_knockknock/share/ament_index/resource_index/packages
copying package.xml -> /home/rushiksaiii/Desktop/ROS/rpwr-assignments/internship/group5_ws/install/lane_follower_knockknock/share/lane_follower_knockknock
creating /home/rushiksaiii/Desktop/ROS/rpwr-assignments/internship/group5_ws/install/lane_follower_knockknock/share/lane_follower_knockknock/launch
copying launch/full_nav2_launch.py -> /home/rushiksaiii/Desktop/ROS/rpwr-assignments/internship/group5_ws/install/lane_follower_knockknock/share/lane_follower_knockknock/launch
running install_egg_info
Copying ../../build/lane_follower_knockknock/lane_follower_knockknock.egg-info to /home/rushiksaiii/Desktop/ROS/rpwr-assignments/internship/group5_ws/install/lane_follower_knockknock/lib/python3.12/site-packages/lane_follower_knockknock-0.0.0-py3.12.egg-info
running install_scripts
Installing main script to /home/rushiksaiii/Desktop/ROS/rpwr-assignments/internship/group5_ws/install/lane_follower_knockknock/lib/lane_follower_knockknock
writing list of installed files to '/home/rushiksaiii/Desktop/ROS/rpwr-assignments/internship/group5_ws/build/lane_follower_knockknock/install.log'
