[0.796s] Invoking command in '/home/rushiksaiii/Desktop/ROS/rpwr-assignments/internship/group5_ws/src/lane_follower_knockknock': DEBUGINFOD_URLS=https://debuginfod.ubuntu.com PYTHONPATH=/home/rushiksaiii/Desktop/ROS/rpwr-assignments/internship/group5_ws/build/lane_follower_knockknock/prefix_override:/usr/lib/python3/dist-packages/colcon_core/task/python/colcon_distutils_commands:/home/rushiksaiii/Desktop/ROS/rpwr-assignments/internship/group5_ws/install/lane_follower_knockknock/lib/python3.12/site-packages:${PYTHONPATH} /usr/bin/python3 -W ignore:setup.py install is deprecated -W ignore:easy_install command is deprecated setup.py egg_info --egg-base ../../build/lane_follower_knockknock build --build-base /home/rushiksaiii/Desktop/ROS/rpwr-assignments/internship/group5_ws/build/lane_follower_knockknock/build install --record /home/rushiksaiii/Desktop/ROS/rpwr-assignments/internship/group5_ws/build/lane_follower_knockknock/install.log --single-version-externally-managed install_data
[0.928s] running egg_info
[0.928s] creating ../../build/lane_follower_knockknock/lane_follower_knockknock.egg-info
[0.936s] writing ../../build/lane_follower_knockknock/lane_follower_knockknock.egg-info/PKG-INFO
[0.936s] writing dependency_links to ../../build/lane_follower_knockknock/lane_follower_knockknock.egg-info/dependency_links.txt
[0.936s] writing entry points to ../../build/lane_follower_knockknock/lane_follower_knockknock.egg-info/entry_points.txt
[0.936s] writing requirements to ../../build/lane_follower_knockknock/lane_follower_knockknock.egg-info/requires.txt
[0.936s] writing top-level names to ../../build/lane_follower_knockknock/lane_follower_knockknock.egg-info/top_level.txt
[0.936s] writing manifest file '../../build/lane_follower_knockknock/lane_follower_knockknock.egg-info/SOURCES.txt'
[0.954s] reading manifest file '../../build/lane_follower_knockknock/lane_follower_knockknock.egg-info/SOURCES.txt'
[0.954s] writing manifest file '../../build/lane_follower_knockknock/lane_follower_knockknock.egg-info/SOURCES.txt'
[0.954s] running build
[0.955s] running build_py
[0.955s] creating /home/rushiksaiii/Desktop/ROS/rpwr-assignments/internship/group5_ws/build/lane_follower_knockknock/build
[0.955s] creating /home/rushiksaiii/Desktop/ROS/rpwr-assignments/internship/group5_ws/build/lane_follower_knockknock/build/lib
[0.955s] creating /home/rushiksaiii/Desktop/ROS/rpwr-assignments/internship/group5_ws/build/lane_follower_knockknock/build/lib/lane_follower_knockknock
[0.955s] copying lane_follower_knockknock/__init__.py -> /home/rushiksaiii/Desktop/ROS/rpwr-assignments/internship/group5_ws/build/lane_follower_knockknock/build/lib/lane_follower_knockknock
[0.955s] copying lane_follower_knockknock/main.py -> /home/rushiksaiii/Desktop/ROS/rpwr-assignments/internship/group5_ws/build/lane_follower_knockknock/build/lib/lane_follower_knockknock
[0.955s] running install
[0.959s] running install_lib
[0.967s] creating /home/rushiksaiii/Desktop/ROS/rpwr-assignments/internship/group5_ws/install/lane_follower_knockknock/lib/python3.12/site-packages/lane_follower_knockknock
[0.967s] copying /home/rushiksaiii/Desktop/ROS/rpwr-assignments/internship/group5_ws/build/lane_follower_knockknock/build/lib/lane_follower_knockknock/__init__.py -> /home/rushiksaiii/Desktop/ROS/rpwr-assignments/internship/group5_ws/install/lane_follower_knockknock/lib/python3.12/site-packages/lane_follower_knockknock
[0.967s] copying /home/rushiksaiii/Desktop/ROS/rpwr-assignments/internship/group5_ws/build/lane_follower_knockknock/build/lib/lane_follower_knockknock/main.py -> /home/rushiksaiii/Desktop/ROS/rpwr-assignments/internship/group5_ws/install/lane_follower_knockknock/lib/python3.12/site-packages/lane_follower_knockknock
[0.967s] byte-compiling /home/rushiksaiii/Desktop/ROS/rpwr-assignments/internship/group5_ws/install/lane_follower_knockknock/lib/python3.12/site-packages/lane_follower_knockknock/__init__.py to __init__.cpython-312.pyc
[0.967s] byte-compiling /home/rushiksaiii/Desktop/ROS/rpwr-assignments/internship/group5_ws/install/lane_follower_knockknock/lib/python3.12/site-packages/lane_follower_knockknock/main.py to main.cpython-312.pyc
[0.967s] running install_data
[0.968s] creating /home/rushiksaiii/Desktop/ROS/rpwr-assignments/internship/group5_ws/install/lane_follower_knockknock/share/ament_index
[0.968s] creating /home/rushiksaiii/Desktop/ROS/rpwr-assignments/internship/group5_ws/install/lane_follower_knockknock/share/ament_index/resource_index
[0.968s] creating /home/rushiksaiii/Desktop/ROS/rpwr-assignments/internship/group5_ws/install/lane_follower_knockknock/share/ament_index/resource_index/packages
[0.968s] copying resource/lane_follower_knockknock -> /home/rushiksaiii/Desktop/ROS/rpwr-assignments/internship/group5_ws/install/lane_follower_knockknock/share/ament_index/resource_index/packages
[0.968s] copying package.xml -> /home/rushiksaiii/Desktop/ROS/rpwr-assignments/internship/group5_ws/install/lane_follower_knockknock/share/lane_follower_knockknock
[0.968s] creating /home/rushiksaiii/Desktop/ROS/rpwr-assignments/internship/group5_ws/install/lane_follower_knockknock/share/lane_follower_knockknock/launch
[0.968s] copying launch/full_nav2_launch.py -> /home/rushiksaiii/Desktop/ROS/rpwr-assignments/internship/group5_ws/install/lane_follower_knockknock/share/lane_follower_knockknock/launch
[0.968s] running install_egg_info
[0.978s] Copying ../../build/lane_follower_knockknock/lane_follower_knockknock.egg-info to /home/rushiksaiii/Desktop/ROS/rpwr-assignments/internship/group5_ws/install/lane_follower_knockknock/lib/python3.12/site-packages/lane_follower_knockknock-0.0.0-py3.12.egg-info
[0.978s] running install_scripts
[1.048s] Installing main script to /home/rushiksaiii/Desktop/ROS/rpwr-assignments/internship/group5_ws/install/lane_follower_knockknock/lib/lane_follower_knockknock
[1.048s] writing list of installed files to '/home/rushiksaiii/Desktop/ROS/rpwr-assignments/internship/group5_ws/build/lane_follower_knockknock/install.log'
[1.070s] Invoked command in '/home/rushiksaiii/Desktop/ROS/rpwr-assignments/internship/group5_ws/src/lane_follower_knockknock' returned '0': DEBUGINFOD_URLS=https://debuginfod.ubuntu.com PYTHONPATH=/home/rushiksaiii/Desktop/ROS/rpwr-assignments/internship/group5_ws/build/lane_follower_knockknock/prefix_override:/usr/lib/python3/dist-packages/colcon_core/task/python/colcon_distutils_commands:/home/rushiksaiii/Desktop/ROS/rpwr-assignments/internship/group5_ws/install/lane_follower_knockknock/lib/python3.12/site-packages:${PYTHONPATH} /usr/bin/python3 -W ignore:setup.py install is deprecated -W ignore:easy_install command is deprecated setup.py egg_info --egg-base ../../build/lane_follower_knockknock build --build-base /home/rushiksaiii/Desktop/ROS/rpwr-assignments/internship/group5_ws/build/lane_follower_knockknock/build install --record /home/rushiksaiii/Desktop/ROS/rpwr-assignments/internship/group5_ws/build/lane_follower_knockknock/install.log --single-version-externally-managed install_data
