[0.818s] Invoking command in '/home/rushiksaiii/Desktop/ROS/rpwr-assignments/internship/group5_ws/src/door_control_pkg': DEBUGINFOD_URLS=https://debuginfod.ubuntu.com PYTHONPATH=/home/rushiksaiii/Desktop/ROS/rpwr-assignments/internship/group5_ws/build/door_control_pkg/prefix_override:/usr/lib/python3/dist-packages/colcon_core/task/python/colcon_distutils_commands:/home/rushiksaiii/Desktop/ROS/rpwr-assignments/internship/group5_ws/install/door_control_pkg/lib/python3.12/site-packages:${PYTHONPATH} /usr/bin/python3 -W ignore:setup.py install is deprecated -W ignore:easy_install command is deprecated setup.py egg_info --egg-base ../../build/door_control_pkg build --build-base /home/rushiksaiii/Desktop/ROS/rpwr-assignments/internship/group5_ws/build/door_control_pkg/build install --record /home/rushiksaiii/Desktop/ROS/rpwr-assignments/internship/group5_ws/build/door_control_pkg/install.log --single-version-externally-managed
[0.945s] running egg_info
[0.954s] writing ../../build/door_control_pkg/door_control_pkg.egg-info/PKG-INFO
[0.954s] writing dependency_links to ../../build/door_control_pkg/door_control_pkg.egg-info/dependency_links.txt
[0.955s] writing entry points to ../../build/door_control_pkg/door_control_pkg.egg-info/entry_points.txt
[0.955s] writing requirements to ../../build/door_control_pkg/door_control_pkg.egg-info/requires.txt
[0.955s] writing top-level names to ../../build/door_control_pkg/door_control_pkg.egg-info/top_level.txt
[0.972s] reading manifest file '../../build/door_control_pkg/door_control_pkg.egg-info/SOURCES.txt'
[0.973s] writing manifest file '../../build/door_control_pkg/door_control_pkg.egg-info/SOURCES.txt'
[0.973s] running build
[0.973s] running build_py
[0.973s] running install
[0.977s] running install_lib
[0.986s] running install_egg_info
[0.995s] removing '/home/rushiksaiii/Desktop/ROS/rpwr-assignments/internship/group5_ws/install/door_control_pkg/lib/python3.12/site-packages/door_control_pkg-0.0.0-py3.12.egg-info' (and everything under it)
[0.995s] Copying ../../build/door_control_pkg/door_control_pkg.egg-info to /home/rushiksaiii/Desktop/ROS/rpwr-assignments/internship/group5_ws/install/door_control_pkg/lib/python3.12/site-packages/door_control_pkg-0.0.0-py3.12.egg-info
[0.995s] running install_scripts
[1.064s] Installing door_lidar_node script to /home/rushiksaiii/Desktop/ROS/rpwr-assignments/internship/group5_ws/install/door_control_pkg/lib/door_control_pkg
[1.066s] Installing door_logic_node script to /home/rushiksaiii/Desktop/ROS/rpwr-assignments/internship/group5_ws/install/door_control_pkg/lib/door_control_pkg
[1.066s] writing list of installed files to '/home/rushiksaiii/Desktop/ROS/rpwr-assignments/internship/group5_ws/build/door_control_pkg/install.log'
[1.083s] Invoked command in '/home/rushiksaiii/Desktop/ROS/rpwr-assignments/internship/group5_ws/src/door_control_pkg' returned '0': DEBUGINFOD_URLS=https://debuginfod.ubuntu.com PYTHONPATH=/home/rushiksaiii/Desktop/ROS/rpwr-assignments/internship/group5_ws/build/door_control_pkg/prefix_override:/usr/lib/python3/dist-packages/colcon_core/task/python/colcon_distutils_commands:/home/rushiksaiii/Desktop/ROS/rpwr-assignments/internship/group5_ws/install/door_control_pkg/lib/python3.12/site-packages:${PYTHONPATH} /usr/bin/python3 -W ignore:setup.py install is deprecated -W ignore:easy_install command is deprecated setup.py egg_info --egg-base ../../build/door_control_pkg build --build-base /home/rushiksaiii/Desktop/ROS/rpwr-assignments/internship/group5_ws/build/door_control_pkg/build install --record /home/rushiksaiii/Desktop/ROS/rpwr-assignments/internship/group5_ws/build/door_control_pkg/install.log --single-version-externally-managed
