-- The C compiler identification is GNU 13.3.0
-- The CXX compiler identification is GNU 13.3.0
-- Detecting C compiler ABI info
-- Detecting C compiler ABI info - done
-- Check for working C compiler: /usr/bin/cc - skipped
-- Detecting C compile features
-- Detecting C compile features - done
-- Detecting CXX compiler ABI info
-- Detecting CXX compiler ABI info - done
-- Check for working CXX compiler: /usr/bin/c++ - skipped
-- Detecting CXX compile features
-- Detecting CXX compile features - done
-- Found ament_cmake: 2.5.4 (/opt/ros/jazzy/share/ament_cmake/cmake)
-- Found Python3: /usr/bin/python3 (found version "3.12.3") found components: Interpreter 
-- Override CMake install command with custom implementation using symlinks instead of copying resources
-- Found control_msgs: 5.4.0 (/opt/ros/jazzy/share/control_msgs/cmake)
-- Found rosidl_generator_c: 4.6.5 (/opt/ros/jazzy/share/rosidl_generator_c/cmake)
-- Found rosidl_generator_cpp: 4.6.5 (/opt/ros/jazzy/share/rosidl_generator_cpp/cmake)
-- Using all available rosidl_typesupport_c: rosidl_typesupport_fastrtps_c;rosidl_typesupport_introspection_c
-- Using all available rosidl_typesupport_cpp: rosidl_typesupport_fastrtps_cpp;rosidl_typesupport_introspection_cpp
-- Found nav_msgs: 5.3.6 (/opt/ros/jazzy/share/nav_msgs/cmake)
-- Found irobot_create_msgs: 3.0.0 (/opt/ros/jazzy/share/irobot_create_msgs/cmake)
-- Found rclcpp: 28.1.9 (/opt/ros/jazzy/share/rclcpp/cmake)
-- Found rmw_implementation_cmake: 7.3.2 (/opt/ros/jazzy/share/rmw_implementation_cmake/cmake)
-- Found rmw_fastrtps_cpp: 8.4.2 (/opt/ros/jazzy/share/rmw_fastrtps_cpp/cmake)
-- Found OpenSSL: /usr/lib/aarch64-linux-gnu/libcrypto.so (found version "3.0.13")  
-- Found FastRTPS: /opt/ros/jazzy/include (Required is at least version "2.13") 
-- Using RMW implementation 'rmw_fastrtps_cpp' as default
-- Found rclcpp_action: 28.1.9 (/opt/ros/jazzy/share/rclcpp_action/cmake)
-- Found tf2: 0.36.10 (/opt/ros/jazzy/share/tf2/cmake)
-- Found tf2_geometry_msgs: 0.36.10 (/opt/ros/jazzy/share/tf2_geometry_msgs/cmake)
-- Found eigen3_cmake_module: 0.3.0 (/opt/ros/jazzy/share/eigen3_cmake_module/cmake)
-- Found Eigen3: TRUE (found version "3.4.0") 
-- Ensuring Eigen3 include directory is part of orocos-kdl CMake target
-- Found irobot_create_toolbox: 3.0.4 (/home/rushiksaiii/Desktop/ROS/rpwr-assignments/06_navigation/ros2_ws/install/irobot_create_toolbox/share/irobot_create_toolbox/cmake)
-- Looking for gz-math7 -- found version 7.5.2
-- Searching for dependencies of gz-math7
-- Looking for gz-utils2 -- found version 2.2.1
-- Searching for dependencies of gz-utils2
-- Found ament_lint_auto: 0.17.2 (/opt/ros/jazzy/share/ament_lint_auto/cmake)
-- Added test 'cppcheck' to perform static code analysis on C / C++ code
-- Configured cppcheck include dirs: /home/rushiksaiii/Desktop/ROS/rpwr-assignments/06_navigation/ros2_ws/src/create3_sim/irobot_create_gz/irobot_create_gz_toolbox/include
-- Configured cppcheck exclude dirs and/or files: 
-- Added test 'cpplint' to check C / C++ code against the Google style
-- Configured cpplint exclude dirs and/or files: 
-- Added test 'lint_cmake' to check CMake code style
-- Added test 'uncrustify' to check C / C++ code style
-- Configured uncrustify additional arguments: 
-- Added test 'xmllint' to check XML markup files
-- Configuring done (2.6s)
-- Generating done (0.1s)
-- Build files have been written to: /home/rushiksaiii/Desktop/ROS/rpwr-assignments/06_navigation/ros2_ws/build/irobot_create_gz_toolbox
[  5%] [32mBuilding CXX object CMakeFiles/irobot_create_gz_pose_republisher_lib.dir/src/pose_republisher/pose_republisher_node.cpp.o[0m
[ 11%] [32mBuilding CXX object CMakeFiles/irobot_create_gz_sensors_lib.dir/src/sensors/sensors_node.cpp.o[0m
[ 16%] [32mBuilding CXX object CMakeFiles/irobot_create_gz_sensors_lib.dir/src/sensors/bumper.cpp.o[0m
[ 22%] [32mBuilding CXX object CMakeFiles/irobot_create_gz_sensors_lib.dir/src/sensors/mouse.cpp.o[0m
[ 27%] [32mBuilding CXX object CMakeFiles/irobot_create_gz_sensors_lib.dir/src/sensors/ir_opcode.cpp.o[0m
[ 33%] [32mBuilding CXX object CMakeFiles/irobot_create_gz_interface_buttons_lib.dir/src/interface_buttons/interface_buttons_node.cpp.o[0m
[ 38%] [32mBuilding CXX object CMakeFiles/irobot_create_gz_sensors_lib.dir/src/sensors/ir_intensity.cpp.o[0m
[ 44%] [32mBuilding CXX object CMakeFiles/irobot_create_gz_sensors_lib.dir/src/sensors/cliff.cpp.o[0m
[01m[Kc++:[m[K [01;31m[Kfatal error: [m[KKilled signal terminated program cc1plus
compilation terminated.
gmake[2]: *** [CMakeFiles/irobot_create_gz_sensors_lib.dir/build.make:90: CMakeFiles/irobot_create_gz_sensors_lib.dir/src/sensors/bumper.cpp.o] Error 1
gmake[2]: *** Waiting for unfinished jobs....
gmake[1]: *** [CMakeFiles/Makefile2:173: CMakeFiles/irobot_create_gz_sensors_lib.dir/all] Error 2
gmake[1]: *** Waiting for unfinished jobs....
[ 50%] [32m[1mLinking CXX shared library libirobot_create_gz_interface_buttons_lib.so[0m
[ 50%] Built target irobot_create_gz_interface_buttons_lib
[ 55%] [32m[1mLinking CXX shared library libirobot_create_gz_pose_republisher_lib.so[0m
[ 55%] Built target irobot_create_gz_pose_republisher_lib
gmake: *** [Makefile:146: all] Error 2
