[  1%] Built target turtlebot4_msgs__rosidl_generator_type_description
[  1%] Built target ament_cmake_python_symlink_turtlebot4_msgs
[  3%] Built target turtlebot4_msgs__cpp
[ 24%] Built target turtlebot4_msgs__rosidl_generator_c
[ 33%] Built target turtlebot4_msgs__rosidl_typesupport_introspection_c
[ 42%] Built target turtlebot4_msgs__rosidl_typesupport_introspection_cpp
[ 51%] Built target turtlebot4_msgs__rosidl_typesupport_c
[ 61%] Built target turtlebot4_msgs__rosidl_typesupport_fastrtps_c
[ 70%] Built target turtlebot4_msgs__rosidl_typesupport_fastrtps_cpp
[ 79%] Built target turtlebot4_msgs__rosidl_typesupport_cpp
[ 79%] Built target turtlebot4_msgs
[ 81%] Built target turtlebot4_msgs__py
[ 88%] Built target turtlebot4_msgs__rosidl_generator_py
[ 96%] Built target turtlebot4_msgs_s__rosidl_typesupport_fastrtps_c
[ 96%] Built target turtlebot4_msgs_s__rosidl_typesupport_c
[100%] Built target turtlebot4_msgs_s__rosidl_typesupport_introspection_c
running egg_info
writing turtlebot4_msgs.egg-info/PKG-INFO
writing dependency_links to turtlebot4_msgs.egg-info/dependency_links.txt
writing top-level names to turtlebot4_msgs.egg-info/top_level.txt
reading manifest file 'turtlebot4_msgs.egg-info/SOURCES.txt'
writing manifest file 'turtlebot4_msgs.egg-info/SOURCES.txt'
[100%] Built target ament_cmake_python_build_turtlebot4_msgs_egg
