[0.035s] Invoking command in '/home/rushiksaiii/Desktop/ROS/rpwr-assignments/06_navigation/ros2_ws/build/turtlebot4_msgs': CMAKE_PREFIX_PATH=${CMAKE_PREFIX_PATH}:/home/rushiksaiii/ros2_ws/install/turtle_party:/opt/ros/jazzy DEBUGINFOD_URLS=https://debuginfod.ubuntu.com /usr/bin/cmake --build /home/rushiksaiii/Desktop/ROS/rpwr-assignments/06_navigation/ros2_ws/build/turtlebot4_msgs -- -j8 -l8
[0.416s] [  1%] Built target turtlebot4_msgs__rosidl_generator_type_description
[0.416s] [  1%] Built target ament_cmake_python_symlink_turtlebot4_msgs
[0.416s] [  3%] Built target turtlebot4_msgs__cpp
[0.417s] [ 24%] Built target turtlebot4_msgs__rosidl_generator_c
[0.417s] [ 33%] Built target turtlebot4_msgs__rosidl_typesupport_introspection_c
[0.417s] [ 42%] Built target turtlebot4_msgs__rosidl_typesupport_introspection_cpp
[0.417s] [ 51%] Built target turtlebot4_msgs__rosidl_typesupport_c
[0.417s] [ 61%] Built target turtlebot4_msgs__rosidl_typesupport_fastrtps_c
[0.417s] [ 70%] Built target turtlebot4_msgs__rosidl_typesupport_fastrtps_cpp
[0.418s] [ 79%] Built target turtlebot4_msgs__rosidl_typesupport_cpp
[0.418s] [ 79%] Built target turtlebot4_msgs
[0.418s] [ 81%] Built target turtlebot4_msgs__py
[0.418s] [ 88%] Built target turtlebot4_msgs__rosidl_generator_py
[0.418s] [ 96%] Built target turtlebot4_msgs_s__rosidl_typesupport_fastrtps_c
[0.418s] [ 96%] Built target turtlebot4_msgs_s__rosidl_typesupport_c
[0.418s] [100%] Built target turtlebot4_msgs_s__rosidl_typesupport_introspection_c
[0.418s] running egg_info
[0.430s] writing turtlebot4_msgs.egg-info/PKG-INFO
[0.431s] writing dependency_links to turtlebot4_msgs.egg-info/dependency_links.txt
[0.431s] writing top-level names to turtlebot4_msgs.egg-info/top_level.txt
[0.478s] reading manifest file 'turtlebot4_msgs.egg-info/SOURCES.txt'
[0.478s] writing manifest file 'turtlebot4_msgs.egg-info/SOURCES.txt'
[0.522s] [100%] Built target ament_cmake_python_build_turtlebot4_msgs_egg
