[0.052s] Invoking command in '/home/rushiksaiii/Desktop/ROS/rpwr-assignments/06_navigation/ros2_ws/build/irobot_create_gz_plugins': CMAKE_PREFIX_PATH=${CMAKE_PREFIX_PATH}:/home/rushiksaiii/ros2_ws/install/turtle_party:/opt/ros/jazzy DEBUGINFOD_URLS=https://debuginfod.ubuntu.com /usr/bin/cmake /home/rushiksaiii/Desktop/ROS/rpwr-assignments/06_navigation/ros2_ws/src/create3_sim/irobot_create_gz/irobot_create_gz_plugins -DCMAKE_INSTALL_PREFIX=/home/rushiksaiii/Desktop/ROS/rpwr-assignments/06_navigation/ros2_ws/install/irobot_create_gz_plugins
[0.128s] -- Found ament_cmake: 2.5.4 (/opt/ros/jazzy/share/ament_cmake/cmake)
[0.328s] -- Override CMake install command with custom implementation using symlinks instead of copying resources
[0.335s] -- Found gz_gui_vendor: 0.0.5 (/opt/ros/jazzy/share/gz_gui_vendor/cmake)
[0.365s] -- Looking for gz-gui8 -- found version 8.4.0
[0.369s] -- Searching for dependencies of gz-gui8
[0.454s] -- Checking for module 'tinyxml2'
[0.474s] --   Found tinyxml2, version 10.0.0
[0.502s] -- Looking for gz-utils2 -- found version 2.2.1
[0.504s] -- Searching for dependencies of gz-utils2
[0.504s] -- Looking for gz-math7 -- found version 7.5.2
[0.504s] -- Searching for dependencies of gz-math7
[0.504s] -- Looking for gz-utils2 -- found version 2.2.1
[0.506s] -- Looking for gz-common5 -- found version 5.7.1
[0.506s] -- Searching for dependencies of gz-common5
[0.507s] -- Looking for gz-utils2 -- found version 2.2.1
[0.507s] -- Looking for dlfcn.h - found
[0.507s] -- Looking for libdl - found
[0.513s] -- Checking for module 'uuid'
[0.526s] --   Found uuid, version 2.39.3
[0.551s] -- Searching for <gz-common5> component [profiler]
[0.554s] -- Looking for gz-common5-profiler -- found version 5.7.1
[0.554s] -- Searching for dependencies of gz-common5-profiler
[0.556s] -- Looking for gz-plugin2 -- found version 2.0.4
[0.557s] -- Searching for dependencies of gz-plugin2
[0.563s] -- Looking for gz-utils2 -- found version 2.2.1
[0.563s] -- Searching for dependencies of gz-utils2
[0.563s] -- Searching for <gz-utils2> component [cli]
[0.563s] -- Looking for gz-utils2-cli -- found version 2.2.1
[0.563s] -- Searching for dependencies of gz-utils2-cli
[0.566s] -- Searching for <gz-plugin2> component [loader]
[0.566s] -- Looking for gz-plugin2-loader -- found version 2.0.4
[0.566s] -- Searching for dependencies of gz-plugin2-loader
[0.566s] -- Searching for <gz-plugin2> component [register]
[0.569s] -- Looking for gz-plugin2-register -- found version 2.0.4
[0.569s] -- Searching for dependencies of gz-plugin2-register
[0.573s] -- Looking for gz-transport13 -- found version 13.4.1
[0.573s] -- Searching for dependencies of gz-transport13
[0.611s] -- Config-file not installed for ZeroMQ -- checking for pkg-config
[0.614s] -- Checking for module 'libzmq >= 4'
[0.629s] --   Found libzmq, version 4.3.5
[0.673s] -- Looking for gz-utils2 -- found version 2.2.1
[0.676s] -- Looking for gz-msgs10 -- found version 10.3.2
[0.676s] -- Searching for dependencies of gz-msgs10
[0.706s] -- Looking for gz-utils2 -- found version 2.2.1
[0.706s] -- Looking for gz-math7 -- found version 7.5.2
[0.718s] -- Looking for gz-rendering8 -- found version 8.2.2
[0.719s] -- Searching for dependencies of gz-rendering8
[0.719s] -- Looking for gz-math7 -- found version 7.5.2
[0.720s] -- Searching for dependencies of gz-math7
[0.720s] -- Looking for gz-utils2 -- found version 2.2.1
[0.720s] -- Searching for <gz-math7> component [eigen3]
[0.722s] -- Looking for gz-math7-eigen3 -- found version 7.5.2
[0.722s] -- Searching for dependencies of gz-math7-eigen3
[0.729s] -- Looking for gz-common5 -- found version 5.7.1
[0.729s] -- Searching for dependencies of gz-common5
[0.730s] -- Looking for gz-utils2 -- found version 2.2.1
[0.730s] -- Looking for dlfcn.h - found
[0.730s] -- Looking for libdl - found
[0.738s] -- Searching for <gz-common5> component [graphics]
[0.738s] -- Looking for gz-common5-graphics -- found version 5.7.1
[0.738s] -- Searching for dependencies of gz-common5-graphics
[0.739s] -- Looking for gz-math7 -- found version 7.5.2
[0.743s] -- Searching for <gz-common5> component [events]
[0.745s] -- Looking for gz-common5-events -- found version 5.7.1
[0.745s] -- Searching for dependencies of gz-common5-events
[0.745s] -- Looking for gz-math7 -- found version 7.5.2
[0.747s] -- Searching for <gz-common5> component [geospatial]
[0.748s] -- Looking for gz-common5-geospatial -- found version 5.7.1
[0.748s] -- Searching for dependencies of gz-common5-geospatial
[0.748s] -- Looking for gz-math7 -- found version 7.5.2
[0.748s] -- Looking for gz-common5 -- found version 5.7.1
[0.750s] -- Looking for gz-plugin2 -- found version 2.0.4
[0.750s] -- Searching for dependencies of gz-plugin2
[0.750s] -- Looking for gz-utils2 -- found version 2.2.1
[0.750s] -- Searching for <gz-plugin2> component [all]
[0.752s] -- Looking for all libraries of gz-plugin2 -- found version 2.0.4
[0.752s] -- Looking for gz-plugin2 -- found version 2.0.4
[0.753s] -- Looking for gz-utils2 -- found version 2.2.1
[0.766s] -- Looking for gz-msgs10 -- found version 10.3.2
[0.853s] -- Found ament_lint_auto: 0.17.2 (/opt/ros/jazzy/share/ament_lint_auto/cmake)
[0.949s] -- Added test 'cppcheck' to perform static code analysis on C / C++ code
[0.949s] -- Configured cppcheck include dirs: 
[0.949s] -- Configured cppcheck exclude dirs and/or files: 
[0.950s] -- Added test 'cpplint' to check C / C++ code against the Google style
[0.950s] -- Configured cpplint exclude dirs and/or files: 
[0.951s] -- Added test 'lint_cmake' to check CMake code style
[0.951s] -- Added test 'xmllint' to check XML markup files
[0.954s] -- Configuring done (0.8s)
[1.008s] -- Generating done (0.0s)
[1.015s] -- Build files have been written to: /home/rushiksaiii/Desktop/ROS/rpwr-assignments/06_navigation/ros2_ws/build/irobot_create_gz_plugins
[1.046s] Invoked command in '/home/rushiksaiii/Desktop/ROS/rpwr-assignments/06_navigation/ros2_ws/build/irobot_create_gz_plugins' returned '0': CMAKE_PREFIX_PATH=${CMAKE_PREFIX_PATH}:/home/rushiksaiii/ros2_ws/install/turtle_party:/opt/ros/jazzy DEBUGINFOD_URLS=https://debuginfod.ubuntu.com /usr/bin/cmake /home/rushiksaiii/Desktop/ROS/rpwr-assignments/06_navigation/ros2_ws/src/create3_sim/irobot_create_gz/irobot_create_gz_plugins -DCMAKE_INSTALL_PREFIX=/home/rushiksaiii/Desktop/ROS/rpwr-assignments/06_navigation/ros2_ws/install/irobot_create_gz_plugins
[1.051s] Invoking command in '/home/rushiksaiii/Desktop/ROS/rpwr-assignments/06_navigation/ros2_ws/build/irobot_create_gz_plugins': CMAKE_PREFIX_PATH=${CMAKE_PREFIX_PATH}:/home/rushiksaiii/ros2_ws/install/turtle_party:/opt/ros/jazzy DEBUGINFOD_URLS=https://debuginfod.ubuntu.com /usr/bin/cmake --build /home/rushiksaiii/Desktop/ROS/rpwr-assignments/06_navigation/ros2_ws/build/irobot_create_gz_plugins -- -j8 -l8
[1.107s] [  0%] Built target Create3Hmi_autogen_timestamp_deps
[1.151s] [ 14%] Built target Create3Hmi_autogen
[1.203s] [100%] Built target Create3Hmi
[1.254s] Invoked command in '/home/rushiksaiii/Desktop/ROS/rpwr-assignments/06_navigation/ros2_ws/build/irobot_create_gz_plugins' returned '0': CMAKE_PREFIX_PATH=${CMAKE_PREFIX_PATH}:/home/rushiksaiii/ros2_ws/install/turtle_party:/opt/ros/jazzy DEBUGINFOD_URLS=https://debuginfod.ubuntu.com /usr/bin/cmake --build /home/rushiksaiii/Desktop/ROS/rpwr-assignments/06_navigation/ros2_ws/build/irobot_create_gz_plugins -- -j8 -l8
[1.258s] Invoking command in '/home/rushiksaiii/Desktop/ROS/rpwr-assignments/06_navigation/ros2_ws/build/irobot_create_gz_plugins': CMAKE_PREFIX_PATH=${CMAKE_PREFIX_PATH}:/home/rushiksaiii/ros2_ws/install/turtle_party:/opt/ros/jazzy DEBUGINFOD_URLS=https://debuginfod.ubuntu.com /usr/bin/cmake --install /home/rushiksaiii/Desktop/ROS/rpwr-assignments/06_navigation/ros2_ws/build/irobot_create_gz_plugins
[1.271s] -- Install configuration: ""
[1.271s] -- Execute custom install script
[1.273s] -- Up-to-date symlink: /home/rushiksaiii/Desktop/ROS/rpwr-assignments/06_navigation/ros2_ws/install/irobot_create_gz_plugins/share/irobot_create_gz_plugins/lib/libCreate3Hmi.so
[1.273s] -- Up-to-date symlink: /home/rushiksaiii/Desktop/ROS/rpwr-assignments/06_navigation/ros2_ws/install/irobot_create_gz_plugins/share/ament_index/resource_index/package_run_dependencies/irobot_create_gz_plugins
[1.275s] -- Up-to-date symlink: /home/rushiksaiii/Desktop/ROS/rpwr-assignments/06_navigation/ros2_ws/install/irobot_create_gz_plugins/share/ament_index/resource_index/parent_prefix_path/irobot_create_gz_plugins
[1.277s] -- Up-to-date symlink: /home/rushiksaiii/Desktop/ROS/rpwr-assignments/06_navigation/ros2_ws/install/irobot_create_gz_plugins/share/irobot_create_gz_plugins/environment/ament_prefix_path.sh
[1.279s] -- Up-to-date symlink: /home/rushiksaiii/Desktop/ROS/rpwr-assignments/06_navigation/ros2_ws/install/irobot_create_gz_plugins/share/irobot_create_gz_plugins/environment/ament_prefix_path.dsv
[1.280s] -- Up-to-date symlink: /home/rushiksaiii/Desktop/ROS/rpwr-assignments/06_navigation/ros2_ws/install/irobot_create_gz_plugins/share/irobot_create_gz_plugins/environment/path.sh
[1.283s] -- Up-to-date symlink: /home/rushiksaiii/Desktop/ROS/rpwr-assignments/06_navigation/ros2_ws/install/irobot_create_gz_plugins/share/irobot_create_gz_plugins/environment/path.dsv
[1.285s] -- Up-to-date symlink: /home/rushiksaiii/Desktop/ROS/rpwr-assignments/06_navigation/ros2_ws/install/irobot_create_gz_plugins/share/irobot_create_gz_plugins/local_setup.bash
[1.285s] -- Up-to-date symlink: /home/rushiksaiii/Desktop/ROS/rpwr-assignments/06_navigation/ros2_ws/install/irobot_create_gz_plugins/share/irobot_create_gz_plugins/local_setup.sh
[1.287s] -- Up-to-date symlink: /home/rushiksaiii/Desktop/ROS/rpwr-assignments/06_navigation/ros2_ws/install/irobot_create_gz_plugins/share/irobot_create_gz_plugins/local_setup.zsh
[1.287s] -- Up-to-date symlink: /home/rushiksaiii/Desktop/ROS/rpwr-assignments/06_navigation/ros2_ws/install/irobot_create_gz_plugins/share/irobot_create_gz_plugins/local_setup.dsv
[1.289s] -- Symlinking: /home/rushiksaiii/Desktop/ROS/rpwr-assignments/06_navigation/ros2_ws/install/irobot_create_gz_plugins/share/irobot_create_gz_plugins/package.dsv
[1.307s] -- Up-to-date symlink: /home/rushiksaiii/Desktop/ROS/rpwr-assignments/06_navigation/ros2_ws/install/irobot_create_gz_plugins/share/ament_index/resource_index/packages/irobot_create_gz_plugins
[1.309s] -- Up-to-date symlink: /home/rushiksaiii/Desktop/ROS/rpwr-assignments/06_navigation/ros2_ws/install/irobot_create_gz_plugins/share/irobot_create_gz_plugins/cmake/irobot_create_gz_pluginsConfig.cmake
[1.310s] -- Up-to-date symlink: /home/rushiksaiii/Desktop/ROS/rpwr-assignments/06_navigation/ros2_ws/install/irobot_create_gz_plugins/share/irobot_create_gz_plugins/cmake/irobot_create_gz_pluginsConfig-version.cmake
[1.316s] -- Up-to-date symlink: /home/rushiksaiii/Desktop/ROS/rpwr-assignments/06_navigation/ros2_ws/install/irobot_create_gz_plugins/share/irobot_create_gz_plugins/package.xml
[1.318s] Invoked command in '/home/rushiksaiii/Desktop/ROS/rpwr-assignments/06_navigation/ros2_ws/build/irobot_create_gz_plugins' returned '0': CMAKE_PREFIX_PATH=${CMAKE_PREFIX_PATH}:/home/rushiksaiii/ros2_ws/install/turtle_party:/opt/ros/jazzy DEBUGINFOD_URLS=https://debuginfod.ubuntu.com /usr/bin/cmake --install /home/rushiksaiii/Desktop/ROS/rpwr-assignments/06_navigation/ros2_ws/build/irobot_create_gz_plugins
