[0.036s] Invoking command in '/home/rushiksaiii/Desktop/ROS/rpwr-assignments/06_navigation/ros2_ws/build/turtlebot4_gz_gui_plugins': CMAKE_PREFIX_PATH=${CMAKE_PREFIX_PATH}:/home/rushiksaiii/Desktop/ROS/rpwr-assignments/03_ros/install/turtle_party:/home/rushiksaiii/Desktop/ROS/rpwr-assignments/03_ros/install/turtle_new:/home/rushiksaiii/ros2_ws/install/turtle_party:/opt/ros/jazzy DEBUGINFOD_URLS=https://debuginfod.ubuntu.com /usr/bin/cmake /home/rushiksaiii/Desktop/ROS/rpwr-assignments/06_navigation/ros2_ws/src/turtlebot4_simulator/turtlebot4_gz_gui_plugins -DAMENT_CMAKE_SYMLINK_INSTALL=1 -DCMAKE_INSTALL_PREFIX=/home/rushiksaiii/Desktop/ROS/rpwr-assignments/06_navigation/ros2_ws/install/turtlebot4_gz_gui_plugins
[0.209s] -- The C compiler identification is GNU 13.3.0
[0.280s] -- The CXX compiler identification is GNU 13.3.0
[0.302s] -- Detecting C compiler ABI info
[0.387s] -- Detecting C compiler ABI info - done
[0.397s] -- Check for working C compiler: /usr/bin/cc - skipped
[0.398s] -- Detecting C compile features
[0.399s] -- Detecting C compile features - done
[0.414s] -- Detecting CXX compiler ABI info
[0.524s] -- Detecting CXX compiler ABI info - done
[0.531s] -- Check for working CXX compiler: /usr/bin/c++ - skipped
[0.533s] -- Detecting CXX compile features
[0.533s] -- Detecting CXX compile features - done
[0.550s] -- Found ament_cmake: 2.5.4 (/opt/ros/jazzy/share/ament_cmake/cmake)
[0.686s] -- Found Python3: /usr/bin/python3 (found version "3.12.3") found components: Interpreter 
[0.783s] -- Override CMake install command with custom implementation using symlinks instead of copying resources
[0.850s] -- Found gz_gui_vendor: 0.0.5 (/opt/ros/jazzy/share/gz_gui_vendor/cmake)
[0.922s] -- Looking for gz-gui8 -- found version 8.4.0
[0.929s] -- Searching for dependencies of gz-gui8
[1.120s] -- Found Protobuf: /usr/lib/aarch64-linux-gnu/libprotobuf.so (found version "3.21.12") 
[1.134s] -- Checking for module 'tinyxml2'
[1.158s] --   Found tinyxml2, version 10.0.0
[1.189s] -- Looking for gz-utils2 -- found version 2.2.1
[1.189s] -- Searching for dependencies of gz-utils2
[1.190s] -- Looking for gz-math7 -- found version 7.5.2
[1.191s] -- Searching for dependencies of gz-math7
[1.192s] -- Looking for gz-utils2 -- found version 2.2.1
[1.195s] -- Looking for gz-common5 -- found version 5.7.1
[1.196s] -- Searching for dependencies of gz-common5
[1.196s] -- Looking for gz-utils2 -- found version 2.2.1
[1.196s] -- Looking for dlfcn.h - found
[1.196s] -- Looking for libdl - found
[1.199s] -- Found DL: TRUE  
[1.209s] -- Checking for module 'uuid'
[1.224s] --   Found uuid, version 2.39.3
[1.258s] -- Found UUID: TRUE  
[1.261s] -- Searching for <gz-common5> component [profiler]
[1.269s] -- Looking for gz-common5-profiler -- found version 5.7.1
[1.269s] -- Searching for dependencies of gz-common5-profiler
[1.278s] -- Looking for gz-plugin2 -- found version 2.0.4
[1.278s] -- Searching for dependencies of gz-plugin2
[1.279s] -- Looking for gz-utils2 -- found version 2.2.1
[1.279s] -- Searching for dependencies of gz-utils2
[1.280s] -- Searching for <gz-utils2> component [cli]
[1.286s] -- Looking for gz-utils2-cli -- found version 2.2.1
[1.286s] -- Searching for dependencies of gz-utils2-cli
[1.288s] -- Searching for <gz-plugin2> component [loader]
[1.292s] -- Looking for gz-plugin2-loader -- found version 2.0.4
[1.292s] -- Searching for dependencies of gz-plugin2-loader
[1.294s] -- Searching for <gz-plugin2> component [register]
[1.299s] -- Looking for gz-plugin2-register -- found version 2.0.4
[1.299s] -- Searching for dependencies of gz-plugin2-register
[1.303s] -- Looking for gz-transport13 -- found version 13.4.1
[1.304s] -- Searching for dependencies of gz-transport13
[1.332s] -- Config-file not installed for ZeroMQ -- checking for pkg-config
[1.335s] -- Checking for module 'libzmq >= 4'
[1.350s] --   Found libzmq, version 4.3.5
[1.398s] -- Found ZeroMQ: TRUE (Required is at least version "4") 
[1.404s] -- Looking for gz-utils2 -- found version 2.2.1
[1.411s] -- Looking for gz-msgs10 -- found version 10.3.2
[1.411s] -- Searching for dependencies of gz-msgs10
[1.429s] -- Looking for gz-utils2 -- found version 2.2.1
[1.429s] -- Looking for gz-math7 -- found version 7.5.2
[1.449s] -- Looking for gz-rendering8 -- found version 8.2.2
[1.449s] -- Searching for dependencies of gz-rendering8
[1.449s] -- Looking for gz-math7 -- found version 7.5.2
[1.449s] -- Searching for dependencies of gz-math7
[1.449s] -- Looking for gz-utils2 -- found version 2.2.1
[1.449s] -- Searching for <gz-math7> component [eigen3]
[1.450s] -- Looking for gz-math7-eigen3 -- found version 7.5.2
[1.450s] -- Searching for dependencies of gz-math7-eigen3
[1.463s] -- Looking for gz-common5 -- found version 5.7.1
[1.463s] -- Searching for dependencies of gz-common5
[1.463s] -- Looking for gz-utils2 -- found version 2.2.1
[1.463s] -- Looking for dlfcn.h - found
[1.464s] -- Looking for libdl - found
[1.471s] -- Searching for <gz-common5> component [graphics]
[1.476s] -- Looking for gz-common5-graphics -- found version 5.7.1
[1.476s] -- Searching for dependencies of gz-common5-graphics
[1.476s] -- Looking for gz-math7 -- found version 7.5.2
[1.484s] -- Found GzAssimp: TRUE (found version "5.3.0") 
[1.485s] -- Searching for <gz-common5> component [events]
[1.489s] -- Looking for gz-common5-events -- found version 5.7.1
[1.490s] -- Searching for dependencies of gz-common5-events
[1.490s] -- Looking for gz-math7 -- found version 7.5.2
[1.492s] -- Searching for <gz-common5> component [geospatial]
[1.497s] -- Looking for gz-common5-geospatial -- found version 5.7.1
[1.497s] -- Searching for dependencies of gz-common5-geospatial
[1.497s] -- Looking for gz-math7 -- found version 7.5.2
[1.498s] -- Looking for gz-common5 -- found version 5.7.1
[1.500s] -- Looking for gz-plugin2 -- found version 2.0.4
[1.500s] -- Searching for dependencies of gz-plugin2
[1.500s] -- Looking for gz-utils2 -- found version 2.2.1
[1.500s] -- Searching for <gz-plugin2> component [all]
[1.508s] -- Looking for all libraries of gz-plugin2 -- found version 2.0.4
[1.509s] -- Looking for gz-plugin2 -- found version 2.0.4
[1.512s] -- Looking for gz-utils2 -- found version 2.2.1
[1.534s] -- Found OpenGL: /usr/lib/aarch64-linux-gnu/libOpenGL.so  found components: OpenGL 
[1.537s] -- Looking for gz-msgs10 -- found version 10.3.2
[1.626s] -- Found ament_lint_auto: 0.17.2 (/opt/ros/jazzy/share/ament_lint_auto/cmake)
[1.749s] -- Looking for gz-gui8 -- found version 8.4.0
[1.751s] -- Looking for gz-common5 -- found version 5.7.1
[1.760s] -- Added test 'cppcheck' to perform static code analysis on C / C++ code
[1.760s] -- Configured cppcheck include dirs: 
[1.760s] -- Configured cppcheck exclude dirs and/or files: 
[1.761s] -- Added test 'cpplint' to check C / C++ code against the Google style
[1.761s] -- Configured cpplint exclude dirs and/or files: 
[1.762s] -- Added test 'lint_cmake' to check CMake code style
[1.765s] -- Added test 'xmllint' to check XML markup files
[1.767s] -- Configuring done (1.7s)
[1.786s] -- Generating done (0.0s)
[1.787s] -- Build files have been written to: /home/rushiksaiii/Desktop/ROS/rpwr-assignments/06_navigation/ros2_ws/build/turtlebot4_gz_gui_plugins
[1.803s] Invoked command in '/home/rushiksaiii/Desktop/ROS/rpwr-assignments/06_navigation/ros2_ws/build/turtlebot4_gz_gui_plugins' returned '0': CMAKE_PREFIX_PATH=${CMAKE_PREFIX_PATH}:/home/rushiksaiii/Desktop/ROS/rpwr-assignments/03_ros/install/turtle_party:/home/rushiksaiii/Desktop/ROS/rpwr-assignments/03_ros/install/turtle_new:/home/rushiksaiii/ros2_ws/install/turtle_party:/opt/ros/jazzy DEBUGINFOD_URLS=https://debuginfod.ubuntu.com /usr/bin/cmake /home/rushiksaiii/Desktop/ROS/rpwr-assignments/06_navigation/ros2_ws/src/turtlebot4_simulator/turtlebot4_gz_gui_plugins -DAMENT_CMAKE_SYMLINK_INSTALL=1 -DCMAKE_INSTALL_PREFIX=/home/rushiksaiii/Desktop/ROS/rpwr-assignments/06_navigation/ros2_ws/install/turtlebot4_gz_gui_plugins
[1.804s] Invoking command in '/home/rushiksaiii/Desktop/ROS/rpwr-assignments/06_navigation/ros2_ws/build/turtlebot4_gz_gui_plugins': CMAKE_PREFIX_PATH=${CMAKE_PREFIX_PATH}:/home/rushiksaiii/Desktop/ROS/rpwr-assignments/03_ros/install/turtle_party:/home/rushiksaiii/Desktop/ROS/rpwr-assignments/03_ros/install/turtle_new:/home/rushiksaiii/ros2_ws/install/turtle_party:/opt/ros/jazzy DEBUGINFOD_URLS=https://debuginfod.ubuntu.com /usr/bin/cmake --build /home/rushiksaiii/Desktop/ROS/rpwr-assignments/06_navigation/ros2_ws/build/turtlebot4_gz_gui_plugins -- -j8 -l8
[1.863s] [  0%] Built target Turtlebot4Hmi_autogen_timestamp_deps
[1.882s] [ 14%] [34m[1mAutomatic MOC for target Turtlebot4Hmi[0m
[3.520s] [ 14%] Built target Turtlebot4Hmi_autogen
[3.528s] [ 28%] [34m[1mGenerating qrc_Turtlebot4Hmi.cpp[0m
[3.568s] [ 42%] [32mBuilding CXX object Turtlebot4Hmi/CMakeFiles/Turtlebot4Hmi.dir/Turtlebot4Hmi_autogen/mocs_compilation.cpp.o[0m
[3.575s] [ 57%] [32mBuilding CXX object Turtlebot4Hmi/CMakeFiles/Turtlebot4Hmi.dir/qrc_Turtlebot4Hmi.cpp.o[0m
[3.579s] [ 71%] [32mBuilding CXX object Turtlebot4Hmi/CMakeFiles/Turtlebot4Hmi.dir/Turtlebot4Hmi.cc.o[0m
[457.178s] [ 85%] [32m[1mLinking CXX shared library libTurtlebot4Hmi.so[0m
[457.975s] [100%] Built target Turtlebot4Hmi
