[0.481s] DEBUG:colcon:Command line arguments: ['/usr/bin/colcon', 'build']
[0.481s] DEBUG:colcon:Parsed command line arguments: Namespace(log_base=None, log_level=None, verb_name='build', build_base='build', install_base='install', merge_install=False, symlink_install=False, test_result_base=None, continue_on_error=False, executor='parallel', parallel_workers=8, event_handlers=None, ignore_user_meta=False, metas=['./colcon.meta'], base_paths=['.'], packages_ignore=None, packages_ignore_regex=None, paths=None, packages_up_to=None, packages_up_to_regex=None, packages_above=None, packages_above_and_dependencies=None, packages_above_depth=None, packages_select_by_dep=None, packages_skip_by_dep=None, packages_skip_up_to=None, packages_select_build_failed=False, packages_skip_build_finished=False, packages_select_test_failures=False, packages_skip_test_passed=False, packages_select=None, packages_skip=None, packages_select_regex=None, packages_skip_regex=None, packages_start=None, packages_end=None, allow_overriding=[], cmake_args=None, cmake_target=None, cmake_target_skip_unavailable=False, cmake_clean_cache=False, cmake_clean_first=False, cmake_force_configure=False, ament_cmake_args=None, catkin_cmake_args=None, catkin_skip_building_tests=False, verb_parser=<colcon_defaults.argument_parser.defaults.DefaultArgumentsDecorator object at 0xe06c53bc4530>, verb_extension=<colcon_core.verb.build.BuildVerb object at 0xe06c53d70650>, main=<bound method BuildVerb.main of <colcon_core.verb.build.BuildVerb object at 0xe06c53d70650>>)
[0.523s] Level 1:colcon.colcon_core.package_discovery:discover_packages(colcon_meta) check parameters
[0.524s] Level 1:colcon.colcon_core.package_discovery:discover_packages(recursive) check parameters
[0.524s] Level 1:colcon.colcon_core.package_discovery:discover_packages(ignore) check parameters
[0.524s] Level 1:colcon.colcon_core.package_discovery:discover_packages(path) check parameters
[0.524s] Level 1:colcon.colcon_core.package_discovery:discover_packages(colcon_meta) discover
[0.524s] Level 1:colcon.colcon_core.package_discovery:discover_packages(recursive) discover
[0.524s] INFO:colcon.colcon_core.package_discovery:Crawling recursively for packages in '/home/rushiksaiii/Desktop/ROS/rpwr-assignments/internship/group5_ws'
[0.524s] Level 1:colcon.colcon_core.package_identification:_identify(.) by extensions ['ignore', 'ignore_ament_install']
[0.524s] Level 1:colcon.colcon_core.package_identification:_identify(.) by extension 'ignore'
[0.524s] Level 1:colcon.colcon_core.package_identification:_identify(.) by extension 'ignore_ament_install'
[0.524s] Level 1:colcon.colcon_core.package_identification:_identify(.) by extensions ['colcon_pkg']
[0.524s] Level 1:colcon.colcon_core.package_identification:_identify(.) by extension 'colcon_pkg'
[0.524s] Level 1:colcon.colcon_core.package_identification:_identify(.) by extensions ['colcon_meta']
[0.524s] Level 1:colcon.colcon_core.package_identification:_identify(.) by extension 'colcon_meta'
[0.524s] Level 1:colcon.colcon_core.package_identification:_identify(.) by extensions ['ros']
[0.524s] Level 1:colcon.colcon_core.package_identification:_identify(.) by extension 'ros'
[0.545s] Level 1:colcon.colcon_core.package_identification:_identify(.) by extensions ['cmake', 'python']
[0.545s] Level 1:colcon.colcon_core.package_identification:_identify(.) by extension 'cmake'
[0.545s] Level 1:colcon.colcon_core.package_identification:_identify(.) by extension 'python'
[0.545s] Level 1:colcon.colcon_core.package_identification:_identify(.) by extensions ['python_setup_py']
[0.545s] Level 1:colcon.colcon_core.package_identification:_identify(.) by extension 'python_setup_py'
[0.545s] Level 1:colcon.colcon_core.package_identification:_identify(bags) by extensions ['ignore', 'ignore_ament_install']
[0.545s] Level 1:colcon.colcon_core.package_identification:_identify(bags) by extension 'ignore'
[0.545s] Level 1:colcon.colcon_core.package_identification:_identify(bags) by extension 'ignore_ament_install'
[0.545s] Level 1:colcon.colcon_core.package_identification:_identify(bags) by extensions ['colcon_pkg']
[0.545s] Level 1:colcon.colcon_core.package_identification:_identify(bags) by extension 'colcon_pkg'
[0.545s] Level 1:colcon.colcon_core.package_identification:_identify(bags) by extensions ['colcon_meta']
[0.545s] Level 1:colcon.colcon_core.package_identification:_identify(bags) by extension 'colcon_meta'
[0.545s] Level 1:colcon.colcon_core.package_identification:_identify(bags) by extensions ['ros']
[0.545s] Level 1:colcon.colcon_core.package_identification:_identify(bags) by extension 'ros'
[0.545s] Level 1:colcon.colcon_core.package_identification:_identify(bags) by extensions ['cmake', 'python']
[0.545s] Level 1:colcon.colcon_core.package_identification:_identify(bags) by extension 'cmake'
[0.545s] Level 1:colcon.colcon_core.package_identification:_identify(bags) by extension 'python'
[0.545s] Level 1:colcon.colcon_core.package_identification:_identify(bags) by extensions ['python_setup_py']
[0.545s] Level 1:colcon.colcon_core.package_identification:_identify(bags) by extension 'python_setup_py'
[0.545s] Level 1:colcon.colcon_core.package_identification:_identify(build) by extensions ['ignore', 'ignore_ament_install']
[0.545s] Level 1:colcon.colcon_core.package_identification:_identify(build) by extension 'ignore'
[0.545s] Level 1:colcon.colcon_core.package_identification:_identify(build) ignored
[0.545s] Level 1:colcon.colcon_core.package_identification:_identify(install) by extensions ['ignore', 'ignore_ament_install']
[0.545s] Level 1:colcon.colcon_core.package_identification:_identify(install) by extension 'ignore'
[0.545s] Level 1:colcon.colcon_core.package_identification:_identify(install) ignored
[0.545s] Level 1:colcon.colcon_core.package_identification:_identify(launch) by extensions ['ignore', 'ignore_ament_install']
[0.545s] Level 1:colcon.colcon_core.package_identification:_identify(launch) by extension 'ignore'
[0.545s] Level 1:colcon.colcon_core.package_identification:_identify(launch) by extension 'ignore_ament_install'
[0.545s] Level 1:colcon.colcon_core.package_identification:_identify(launch) by extensions ['colcon_pkg']
[0.545s] Level 1:colcon.colcon_core.package_identification:_identify(launch) by extension 'colcon_pkg'
[0.545s] Level 1:colcon.colcon_core.package_identification:_identify(launch) by extensions ['colcon_meta']
[0.545s] Level 1:colcon.colcon_core.package_identification:_identify(launch) by extension 'colcon_meta'
[0.545s] Level 1:colcon.colcon_core.package_identification:_identify(launch) by extensions ['ros']
[0.545s] Level 1:colcon.colcon_core.package_identification:_identify(launch) by extension 'ros'
[0.545s] Level 1:colcon.colcon_core.package_identification:_identify(launch) by extensions ['cmake', 'python']
[0.545s] Level 1:colcon.colcon_core.package_identification:_identify(launch) by extension 'cmake'
[0.545s] Level 1:colcon.colcon_core.package_identification:_identify(launch) by extension 'python'
[0.545s] Level 1:colcon.colcon_core.package_identification:_identify(launch) by extensions ['python_setup_py']
[0.545s] Level 1:colcon.colcon_core.package_identification:_identify(launch) by extension 'python_setup_py'
[0.545s] Level 1:colcon.colcon_core.package_identification:_identify(log) by extensions ['ignore', 'ignore_ament_install']
[0.545s] Level 1:colcon.colcon_core.package_identification:_identify(log) by extension 'ignore'
[0.545s] Level 1:colcon.colcon_core.package_identification:_identify(log) ignored
[0.545s] Level 1:colcon.colcon_core.package_identification:_identify(maps) by extensions ['ignore', 'ignore_ament_install']
[0.545s] Level 1:colcon.colcon_core.package_identification:_identify(maps) by extension 'ignore'
[0.545s] Level 1:colcon.colcon_core.package_identification:_identify(maps) by extension 'ignore_ament_install'
[0.546s] Level 1:colcon.colcon_core.package_identification:_identify(maps) by extensions ['colcon_pkg']
[0.546s] Level 1:colcon.colcon_core.package_identification:_identify(maps) by extension 'colcon_pkg'
[0.546s] Level 1:colcon.colcon_core.package_identification:_identify(maps) by extensions ['colcon_meta']
[0.546s] Level 1:colcon.colcon_core.package_identification:_identify(maps) by extension 'colcon_meta'
[0.546s] Level 1:colcon.colcon_core.package_identification:_identify(maps) by extensions ['ros']
[0.546s] Level 1:colcon.colcon_core.package_identification:_identify(maps) by extension 'ros'
[0.546s] Level 1:colcon.colcon_core.package_identification:_identify(maps) by extensions ['cmake', 'python']
[0.546s] Level 1:colcon.colcon_core.package_identification:_identify(maps) by extension 'cmake'
[0.546s] Level 1:colcon.colcon_core.package_identification:_identify(maps) by extension 'python'
[0.546s] Level 1:colcon.colcon_core.package_identification:_identify(maps) by extensions ['python_setup_py']
[0.546s] Level 1:colcon.colcon_core.package_identification:_identify(maps) by extension 'python_setup_py'
[0.546s] Level 1:colcon.colcon_core.package_identification:_identify(params) by extensions ['ignore', 'ignore_ament_install']
[0.546s] Level 1:colcon.colcon_core.package_identification:_identify(params) by extension 'ignore'
[0.546s] Level 1:colcon.colcon_core.package_identification:_identify(params) by extension 'ignore_ament_install'
[0.546s] Level 1:colcon.colcon_core.package_identification:_identify(params) by extensions ['colcon_pkg']
[0.546s] Level 1:colcon.colcon_core.package_identification:_identify(params) by extension 'colcon_pkg'
[0.546s] Level 1:colcon.colcon_core.package_identification:_identify(params) by extensions ['colcon_meta']
[0.546s] Level 1:colcon.colcon_core.package_identification:_identify(params) by extension 'colcon_meta'
[0.546s] Level 1:colcon.colcon_core.package_identification:_identify(params) by extensions ['ros']
[0.546s] Level 1:colcon.colcon_core.package_identification:_identify(params) by extension 'ros'
[0.546s] Level 1:colcon.colcon_core.package_identification:_identify(params) by extensions ['cmake', 'python']
[0.546s] Level 1:colcon.colcon_core.package_identification:_identify(params) by extension 'cmake'
[0.546s] Level 1:colcon.colcon_core.package_identification:_identify(params) by extension 'python'
[0.546s] Level 1:colcon.colcon_core.package_identification:_identify(params) by extensions ['python_setup_py']
[0.546s] Level 1:colcon.colcon_core.package_identification:_identify(params) by extension 'python_setup_py'
[0.546s] Level 1:colcon.colcon_core.package_identification:_identify(scripts) by extensions ['ignore', 'ignore_ament_install']
[0.546s] Level 1:colcon.colcon_core.package_identification:_identify(scripts) by extension 'ignore'
[0.546s] Level 1:colcon.colcon_core.package_identification:_identify(scripts) by extension 'ignore_ament_install'
[0.546s] Level 1:colcon.colcon_core.package_identification:_identify(scripts) by extensions ['colcon_pkg']
[0.546s] Level 1:colcon.colcon_core.package_identification:_identify(scripts) by extension 'colcon_pkg'
[0.546s] Level 1:colcon.colcon_core.package_identification:_identify(scripts) by extensions ['colcon_meta']
[0.546s] Level 1:colcon.colcon_core.package_identification:_identify(scripts) by extension 'colcon_meta'
[0.546s] Level 1:colcon.colcon_core.package_identification:_identify(scripts) by extensions ['ros']
[0.546s] Level 1:colcon.colcon_core.package_identification:_identify(scripts) by extension 'ros'
[0.546s] Level 1:colcon.colcon_core.package_identification:_identify(scripts) by extensions ['cmake', 'python']
[0.546s] Level 1:colcon.colcon_core.package_identification:_identify(scripts) by extension 'cmake'
[0.546s] Level 1:colcon.colcon_core.package_identification:_identify(scripts) by extension 'python'
[0.546s] Level 1:colcon.colcon_core.package_identification:_identify(scripts) by extensions ['python_setup_py']
[0.546s] Level 1:colcon.colcon_core.package_identification:_identify(scripts) by extension 'python_setup_py'
[0.546s] Level 1:colcon.colcon_core.package_identification:_identify(src) by extensions ['ignore', 'ignore_ament_install']
[0.546s] Level 1:colcon.colcon_core.package_identification:_identify(src) by extension 'ignore'
[0.546s] Level 1:colcon.colcon_core.package_identification:_identify(src) by extension 'ignore_ament_install'
[0.546s] Level 1:colcon.colcon_core.package_identification:_identify(src) by extensions ['colcon_pkg']
[0.546s] Level 1:colcon.colcon_core.package_identification:_identify(src) by extension 'colcon_pkg'
[0.546s] Level 1:colcon.colcon_core.package_identification:_identify(src) by extensions ['colcon_meta']
[0.546s] Level 1:colcon.colcon_core.package_identification:_identify(src) by extension 'colcon_meta'
[0.546s] Level 1:colcon.colcon_core.package_identification:_identify(src) by extensions ['ros']
[0.546s] Level 1:colcon.colcon_core.package_identification:_identify(src) by extension 'ros'
[0.546s] Level 1:colcon.colcon_core.package_identification:_identify(src) by extensions ['cmake', 'python']
[0.546s] Level 1:colcon.colcon_core.package_identification:_identify(src) by extension 'cmake'
[0.546s] Level 1:colcon.colcon_core.package_identification:_identify(src) by extension 'python'
[0.546s] Level 1:colcon.colcon_core.package_identification:_identify(src) by extensions ['python_setup_py']
[0.546s] Level 1:colcon.colcon_core.package_identification:_identify(src) by extension 'python_setup_py'
[0.546s] Level 1:colcon.colcon_core.package_identification:_identify(src/door_control_pkg) by extensions ['ignore', 'ignore_ament_install']
[0.546s] Level 1:colcon.colcon_core.package_identification:_identify(src/door_control_pkg) by extension 'ignore'
[0.546s] Level 1:colcon.colcon_core.package_identification:_identify(src/door_control_pkg) by extension 'ignore_ament_install'
[0.546s] Level 1:colcon.colcon_core.package_identification:_identify(src/door_control_pkg) by extensions ['colcon_pkg']
[0.546s] Level 1:colcon.colcon_core.package_identification:_identify(src/door_control_pkg) by extension 'colcon_pkg'
[0.546s] Level 1:colcon.colcon_core.package_identification:_identify(src/door_control_pkg) by extensions ['colcon_meta']
[0.546s] Level 1:colcon.colcon_core.package_identification:_identify(src/door_control_pkg) by extension 'colcon_meta'
[0.546s] Level 1:colcon.colcon_core.package_identification:_identify(src/door_control_pkg) by extensions ['ros']
[0.546s] Level 1:colcon.colcon_core.package_identification:_identify(src/door_control_pkg) by extension 'ros'
[0.550s] DEBUG:colcon.colcon_core.package_identification:Package 'src/door_control_pkg' with type 'ros.ament_python' and name 'door_control_pkg'
[0.550s] Level 1:colcon.colcon_core.package_identification:_identify(src/lane_follower_knockknock) by extensions ['ignore', 'ignore_ament_install']
[0.550s] Level 1:colcon.colcon_core.package_identification:_identify(src/lane_follower_knockknock) by extension 'ignore'
[0.550s] Level 1:colcon.colcon_core.package_identification:_identify(src/lane_follower_knockknock) by extension 'ignore_ament_install'
[0.550s] Level 1:colcon.colcon_core.package_identification:_identify(src/lane_follower_knockknock) by extensions ['colcon_pkg']
[0.550s] Level 1:colcon.colcon_core.package_identification:_identify(src/lane_follower_knockknock) by extension 'colcon_pkg'
[0.550s] Level 1:colcon.colcon_core.package_identification:_identify(src/lane_follower_knockknock) by extensions ['colcon_meta']
[0.550s] Level 1:colcon.colcon_core.package_identification:_identify(src/lane_follower_knockknock) by extension 'colcon_meta'
[0.550s] Level 1:colcon.colcon_core.package_identification:_identify(src/lane_follower_knockknock) by extensions ['ros']
[0.550s] Level 1:colcon.colcon_core.package_identification:_identify(src/lane_follower_knockknock) by extension 'ros'
[0.550s] DEBUG:colcon.colcon_core.package_identification:Package 'src/lane_follower_knockknock' with type 'ros.ament_python' and name 'lane_follower_knockknock'
[0.550s] Level 1:colcon.colcon_core.package_discovery:discover_packages(recursive) using defaults
[0.550s] Level 1:colcon.colcon_core.package_discovery:discover_packages(ignore) discover
[0.550s] Level 1:colcon.colcon_core.package_discovery:discover_packages(ignore) using defaults
[0.550s] Level 1:colcon.colcon_core.package_discovery:discover_packages(path) discover
[0.550s] Level 1:colcon.colcon_core.package_discovery:discover_packages(path) using defaults
[0.566s] Level 1:colcon.colcon_core.package_discovery:discover_packages(prefix_path) check parameters
[0.566s] Level 1:colcon.colcon_core.package_discovery:discover_packages(prefix_path) discover
[0.569s] DEBUG:colcon.colcon_installed_package_information.package_discovery:Found 1 installed packages in /home/rushiksaiii/Desktop/ROS/rpwr-assignments/internship/group5_ws/install
[0.569s] DEBUG:colcon.colcon_installed_package_information.package_discovery:Found 18 installed packages in /home/rushiksaiii/Desktop/ROS/rpwr-assignments/06_navigation/ros2_ws/install
[0.570s] DEBUG:colcon.colcon_installed_package_information.package_discovery:Found 1 installed packages in /home/rushiksaiii/ros2_ws/install
[0.571s] DEBUG:colcon.colcon_installed_package_information.package_discovery:Found 427 installed packages in /opt/ros/jazzy
[0.572s] Level 1:colcon.colcon_core.package_discovery:discover_packages(prefix_path) using defaults
[0.635s] Level 5:colcon.colcon_core.verb:set package 'door_control_pkg' build argument 'cmake_args' from command line to 'None'
[0.635s] Level 5:colcon.colcon_core.verb:set package 'door_control_pkg' build argument 'cmake_target' from command line to 'None'
[0.636s] Level 5:colcon.colcon_core.verb:set package 'door_control_pkg' build argument 'cmake_target_skip_unavailable' from command line to 'False'
[0.636s] Level 5:colcon.colcon_core.verb:set package 'door_control_pkg' build argument 'cmake_clean_cache' from command line to 'False'
[0.636s] Level 5:colcon.colcon_core.verb:set package 'door_control_pkg' build argument 'cmake_clean_first' from command line to 'False'
[0.636s] Level 5:colcon.colcon_core.verb:set package 'door_control_pkg' build argument 'cmake_force_configure' from command line to 'False'
[0.636s] Level 5:colcon.colcon_core.verb:set package 'door_control_pkg' build argument 'ament_cmake_args' from command line to 'None'
[0.636s] Level 5:colcon.colcon_core.verb:set package 'door_control_pkg' build argument 'catkin_cmake_args' from command line to 'None'
[0.636s] Level 5:colcon.colcon_core.verb:set package 'door_control_pkg' build argument 'catkin_skip_building_tests' from command line to 'False'
[0.636s] DEBUG:colcon.colcon_core.verb:Building package 'door_control_pkg' with the following arguments: {'ament_cmake_args': None, 'build_base': '/home/rushiksaiii/Desktop/ROS/rpwr-assignments/internship/group5_ws/build/door_control_pkg', 'catkin_cmake_args': None, 'catkin_skip_building_tests': False, 'cmake_args': None, 'cmake_clean_cache': False, 'cmake_clean_first': False, 'cmake_force_configure': False, 'cmake_target': None, 'cmake_target_skip_unavailable': False, 'install_base': '/home/rushiksaiii/Desktop/ROS/rpwr-assignments/internship/group5_ws/install/door_control_pkg', 'merge_install': False, 'path': '/home/rushiksaiii/Desktop/ROS/rpwr-assignments/internship/group5_ws/src/door_control_pkg', 'symlink_install': False, 'test_result_base': None}
[0.636s] Level 5:colcon.colcon_core.verb:set package 'lane_follower_knockknock' build argument 'cmake_args' from command line to 'None'
[0.636s] Level 5:colcon.colcon_core.verb:set package 'lane_follower_knockknock' build argument 'cmake_target' from command line to 'None'
[0.636s] Level 5:colcon.colcon_core.verb:set package 'lane_follower_knockknock' build argument 'cmake_target_skip_unavailable' from command line to 'False'
[0.636s] Level 5:colcon.colcon_core.verb:set package 'lane_follower_knockknock' build argument 'cmake_clean_cache' from command line to 'False'
[0.636s] Level 5:colcon.colcon_core.verb:set package 'lane_follower_knockknock' build argument 'cmake_clean_first' from command line to 'False'
[0.636s] Level 5:colcon.colcon_core.verb:set package 'lane_follower_knockknock' build argument 'cmake_force_configure' from command line to 'False'
[0.636s] Level 5:colcon.colcon_core.verb:set package 'lane_follower_knockknock' build argument 'ament_cmake_args' from command line to 'None'
[0.636s] Level 5:colcon.colcon_core.verb:set package 'lane_follower_knockknock' build argument 'catkin_cmake_args' from command line to 'None'
[0.636s] Level 5:colcon.colcon_core.verb:set package 'lane_follower_knockknock' build argument 'catkin_skip_building_tests' from command line to 'False'
[0.636s] DEBUG:colcon.colcon_core.verb:Building package 'lane_follower_knockknock' with the following arguments: {'ament_cmake_args': None, 'build_base': '/home/rushiksaiii/Desktop/ROS/rpwr-assignments/internship/group5_ws/build/lane_follower_knockknock', 'catkin_cmake_args': None, 'catkin_skip_building_tests': False, 'cmake_args': None, 'cmake_clean_cache': False, 'cmake_clean_first': False, 'cmake_force_configure': False, 'cmake_target': None, 'cmake_target_skip_unavailable': False, 'install_base': '/home/rushiksaiii/Desktop/ROS/rpwr-assignments/internship/group5_ws/install/lane_follower_knockknock', 'merge_install': False, 'path': '/home/rushiksaiii/Desktop/ROS/rpwr-assignments/internship/group5_ws/src/lane_follower_knockknock', 'symlink_install': False, 'test_result_base': None}
[0.636s] INFO:colcon.colcon_core.executor:Executing jobs using 'parallel' executor
[0.636s] DEBUG:colcon.colcon_parallel_executor.executor.parallel:run_until_complete
[0.637s] INFO:colcon.colcon_ros.task.ament_python.build:Building ROS package in '/home/rushiksaiii/Desktop/ROS/rpwr-assignments/internship/group5_ws/src/door_control_pkg' with build type 'ament_python'
[0.637s] Level 1:colcon.colcon_core.shell:create_environment_hook('door_control_pkg', 'ament_prefix_path')
[0.641s] INFO:colcon.colcon_core.plugin_system:Skipping extension 'colcon_core.shell.bat': Not used on non-Windows systems
[0.641s] INFO:colcon.colcon_core.shell:Creating environment hook '/home/rushiksaiii/Desktop/ROS/rpwr-assignments/internship/group5_ws/install/door_control_pkg/share/door_control_pkg/hook/ament_prefix_path.ps1'
[0.646s] INFO:colcon.colcon_core.shell:Creating environment descriptor '/home/rushiksaiii/Desktop/ROS/rpwr-assignments/internship/group5_ws/install/door_control_pkg/share/door_control_pkg/hook/ament_prefix_path.dsv'
[0.649s] INFO:colcon.colcon_core.shell:Creating environment hook '/home/rushiksaiii/Desktop/ROS/rpwr-assignments/internship/group5_ws/install/door_control_pkg/share/door_control_pkg/hook/ament_prefix_path.sh'
[0.650s] INFO:colcon.colcon_core.shell:Skip shell extension 'powershell' for command environment: Not usable outside of PowerShell
[0.650s] DEBUG:colcon.colcon_core.shell:Skip shell extension 'dsv' for command environment
[0.662s] INFO:colcon.colcon_ros.task.ament_python.build:Building ROS package in '/home/rushiksaiii/Desktop/ROS/rpwr-assignments/internship/group5_ws/src/lane_follower_knockknock' with build type 'ament_python'
[0.662s] Level 1:colcon.colcon_core.shell:create_environment_hook('lane_follower_knockknock', 'ament_prefix_path')
[0.663s] INFO:colcon.colcon_core.shell:Creating environment hook '/home/rushiksaiii/Desktop/ROS/rpwr-assignments/internship/group5_ws/install/lane_follower_knockknock/share/lane_follower_knockknock/hook/ament_prefix_path.ps1'
[0.664s] INFO:colcon.colcon_core.shell:Creating environment descriptor '/home/rushiksaiii/Desktop/ROS/rpwr-assignments/internship/group5_ws/install/lane_follower_knockknock/share/lane_follower_knockknock/hook/ament_prefix_path.dsv'
[0.664s] INFO:colcon.colcon_core.shell:Creating environment hook '/home/rushiksaiii/Desktop/ROS/rpwr-assignments/internship/group5_ws/install/lane_follower_knockknock/share/lane_follower_knockknock/hook/ament_prefix_path.sh'
[0.664s] INFO:colcon.colcon_core.shell:Skip shell extension 'powershell' for command environment: Not usable outside of PowerShell
[0.664s] DEBUG:colcon.colcon_core.shell:Skip shell extension 'dsv' for command environment
[0.810s] WARNING:colcon.colcon_ros.task.ament_python.build:Package 'door_control_pkg' doesn't explicitly install a marker in the package index (colcon-ros currently does it implicitly but that fallback will be removed in the future)
[0.811s] WARNING:colcon.colcon_ros.task.ament_python.build:Package 'door_control_pkg' doesn't explicitly install the 'package.xml' file (colcon-ros currently does it implicitly but that fallback will be removed in the future)
[0.811s] INFO:colcon.colcon_core.task.python.build:Building Python package in '/home/rushiksaiii/Desktop/ROS/rpwr-assignments/internship/group5_ws/src/door_control_pkg'
[0.811s] INFO:colcon.colcon_core.shell:Skip shell extension 'powershell' for command environment: Not usable outside of PowerShell
[0.811s] DEBUG:colcon.colcon_core.shell:Skip shell extension 'dsv' for command environment
[0.937s] INFO:colcon.colcon_core.task.python.build:Building Python package in '/home/rushiksaiii/Desktop/ROS/rpwr-assignments/internship/group5_ws/src/lane_follower_knockknock'
[0.937s] INFO:colcon.colcon_core.shell:Skip shell extension 'powershell' for command environment: Not usable outside of PowerShell
[0.937s] DEBUG:colcon.colcon_core.shell:Skip shell extension 'dsv' for command environment
[1.455s] DEBUG:colcon.colcon_core.event_handler.log_command:Invoking command in '/home/rushiksaiii/Desktop/ROS/rpwr-assignments/internship/group5_ws/src/door_control_pkg': DEBUGINFOD_URLS=https://debuginfod.ubuntu.com PYTHONPATH=/home/rushiksaiii/Desktop/ROS/rpwr-assignments/internship/group5_ws/build/door_control_pkg/prefix_override:/usr/lib/python3/dist-packages/colcon_core/task/python/colcon_distutils_commands:/home/rushiksaiii/Desktop/ROS/rpwr-assignments/internship/group5_ws/install/door_control_pkg/lib/python3.12/site-packages:${PYTHONPATH} /usr/bin/python3 -W ignore:setup.py install is deprecated -W ignore:easy_install command is deprecated setup.py egg_info --egg-base ../../build/door_control_pkg build --build-base /home/rushiksaiii/Desktop/ROS/rpwr-assignments/internship/group5_ws/build/door_control_pkg/build install --record /home/rushiksaiii/Desktop/ROS/rpwr-assignments/internship/group5_ws/build/door_control_pkg/install.log --single-version-externally-managed
[1.458s] DEBUG:colcon.colcon_core.event_handler.log_command:Invoking command in '/home/rushiksaiii/Desktop/ROS/rpwr-assignments/internship/group5_ws/src/lane_follower_knockknock': DEBUGINFOD_URLS=https://debuginfod.ubuntu.com PYTHONPATH=/home/rushiksaiii/Desktop/ROS/rpwr-assignments/internship/group5_ws/build/lane_follower_knockknock/prefix_override:/usr/lib/python3/dist-packages/colcon_core/task/python/colcon_distutils_commands:/home/rushiksaiii/Desktop/ROS/rpwr-assignments/internship/group5_ws/install/lane_follower_knockknock/lib/python3.12/site-packages:${PYTHONPATH} /usr/bin/python3 -W ignore:setup.py install is deprecated -W ignore:easy_install command is deprecated setup.py egg_info --egg-base ../../build/lane_follower_knockknock build --build-base /home/rushiksaiii/Desktop/ROS/rpwr-assignments/internship/group5_ws/build/lane_follower_knockknock/build install --record /home/rushiksaiii/Desktop/ROS/rpwr-assignments/internship/group5_ws/build/lane_follower_knockknock/install.log --single-version-externally-managed install_data
[1.720s] DEBUG:colcon.colcon_core.event_handler.log_command:Invoked command in '/home/rushiksaiii/Desktop/ROS/rpwr-assignments/internship/group5_ws/src/door_control_pkg' returned '0': DEBUGINFOD_URLS=https://debuginfod.ubuntu.com PYTHONPATH=/home/rushiksaiii/Desktop/ROS/rpwr-assignments/internship/group5_ws/build/door_control_pkg/prefix_override:/usr/lib/python3/dist-packages/colcon_core/task/python/colcon_distutils_commands:/home/rushiksaiii/Desktop/ROS/rpwr-assignments/internship/group5_ws/install/door_control_pkg/lib/python3.12/site-packages:${PYTHONPATH} /usr/bin/python3 -W ignore:setup.py install is deprecated -W ignore:easy_install command is deprecated setup.py egg_info --egg-base ../../build/door_control_pkg build --build-base /home/rushiksaiii/Desktop/ROS/rpwr-assignments/internship/group5_ws/build/door_control_pkg/build install --record /home/rushiksaiii/Desktop/ROS/rpwr-assignments/internship/group5_ws/build/door_control_pkg/install.log --single-version-externally-managed
[1.725s] Level 1:colcon.colcon_core.environment:checking '/home/rushiksaiii/Desktop/ROS/rpwr-assignments/internship/group5_ws/install/door_control_pkg' for CMake module files
[1.726s] Level 1:colcon.colcon_core.environment:checking '/home/rushiksaiii/Desktop/ROS/rpwr-assignments/internship/group5_ws/install/door_control_pkg' for CMake config files
[1.726s] Level 1:colcon.colcon_core.environment:checking '/home/rushiksaiii/Desktop/ROS/rpwr-assignments/internship/group5_ws/install/door_control_pkg/lib'
[1.726s] Level 1:colcon.colcon_core.environment:checking '/home/rushiksaiii/Desktop/ROS/rpwr-assignments/internship/group5_ws/install/door_control_pkg/bin'
[1.726s] Level 1:colcon.colcon_core.environment:checking '/home/rushiksaiii/Desktop/ROS/rpwr-assignments/internship/group5_ws/install/door_control_pkg/lib/pkgconfig/door_control_pkg.pc'
[1.726s] Level 1:colcon.colcon_core.environment:checking '/home/rushiksaiii/Desktop/ROS/rpwr-assignments/internship/group5_ws/install/door_control_pkg/lib/python3.12/site-packages'
[1.727s] Level 1:colcon.colcon_core.shell:create_environment_hook('door_control_pkg', 'pythonpath')
[1.727s] INFO:colcon.colcon_core.shell:Creating environment hook '/home/rushiksaiii/Desktop/ROS/rpwr-assignments/internship/group5_ws/install/door_control_pkg/share/door_control_pkg/hook/pythonpath.ps1'
[1.727s] INFO:colcon.colcon_core.shell:Creating environment descriptor '/home/rushiksaiii/Desktop/ROS/rpwr-assignments/internship/group5_ws/install/door_control_pkg/share/door_control_pkg/hook/pythonpath.dsv'
[1.727s] INFO:colcon.colcon_core.shell:Creating environment hook '/home/rushiksaiii/Desktop/ROS/rpwr-assignments/internship/group5_ws/install/door_control_pkg/share/door_control_pkg/hook/pythonpath.sh'
[1.727s] Level 1:colcon.colcon_core.environment:checking '/home/rushiksaiii/Desktop/ROS/rpwr-assignments/internship/group5_ws/install/door_control_pkg/bin'
[1.727s] Level 1:colcon.colcon_core.environment:create_environment_scripts_only(door_control_pkg)
[1.728s] INFO:colcon.colcon_core.shell:Creating package script '/home/rushiksaiii/Desktop/ROS/rpwr-assignments/internship/group5_ws/install/door_control_pkg/share/door_control_pkg/package.ps1'
[1.728s] INFO:colcon.colcon_core.shell:Creating package descriptor '/home/rushiksaiii/Desktop/ROS/rpwr-assignments/internship/group5_ws/install/door_control_pkg/share/door_control_pkg/package.dsv'
[1.729s] INFO:colcon.colcon_core.shell:Creating package script '/home/rushiksaiii/Desktop/ROS/rpwr-assignments/internship/group5_ws/install/door_control_pkg/share/door_control_pkg/package.sh'
[1.729s] INFO:colcon.colcon_core.shell:Creating package script '/home/rushiksaiii/Desktop/ROS/rpwr-assignments/internship/group5_ws/install/door_control_pkg/share/door_control_pkg/package.bash'
[1.730s] INFO:colcon.colcon_core.shell:Creating package script '/home/rushiksaiii/Desktop/ROS/rpwr-assignments/internship/group5_ws/install/door_control_pkg/share/door_control_pkg/package.zsh'
[1.731s] Level 1:colcon.colcon_core.environment:create_file_with_runtime_dependencies(/home/rushiksaiii/Desktop/ROS/rpwr-assignments/internship/group5_ws/install/door_control_pkg/share/colcon-core/packages/door_control_pkg)
[1.732s] Level 1:colcon.colcon_core.environment:checking '/home/rushiksaiii/Desktop/ROS/rpwr-assignments/internship/group5_ws/install/lane_follower_knockknock' for CMake module files
[1.732s] Level 1:colcon.colcon_core.environment:checking '/home/rushiksaiii/Desktop/ROS/rpwr-assignments/internship/group5_ws/install/lane_follower_knockknock' for CMake config files
[1.732s] Level 1:colcon.colcon_core.environment:checking '/home/rushiksaiii/Desktop/ROS/rpwr-assignments/internship/group5_ws/install/lane_follower_knockknock/lib'
[1.733s] Level 1:colcon.colcon_core.environment:checking '/home/rushiksaiii/Desktop/ROS/rpwr-assignments/internship/group5_ws/install/lane_follower_knockknock/bin'
[1.733s] Level 1:colcon.colcon_core.environment:checking '/home/rushiksaiii/Desktop/ROS/rpwr-assignments/internship/group5_ws/install/lane_follower_knockknock/lib/pkgconfig/lane_follower_knockknock.pc'
[1.733s] Level 1:colcon.colcon_core.environment:checking '/home/rushiksaiii/Desktop/ROS/rpwr-assignments/internship/group5_ws/install/lane_follower_knockknock/lib/python3.12/site-packages'
[1.733s] Level 1:colcon.colcon_core.shell:create_environment_hook('lane_follower_knockknock', 'pythonpath')
[1.733s] INFO:colcon.colcon_core.shell:Creating environment hook '/home/rushiksaiii/Desktop/ROS/rpwr-assignments/internship/group5_ws/install/lane_follower_knockknock/share/lane_follower_knockknock/hook/pythonpath.ps1'
[1.733s] DEBUG:colcon.colcon_core.event_handler.log_command:Invoked command in '/home/rushiksaiii/Desktop/ROS/rpwr-assignments/internship/group5_ws/src/lane_follower_knockknock' returned '0': DEBUGINFOD_URLS=https://debuginfod.ubuntu.com PYTHONPATH=/home/rushiksaiii/Desktop/ROS/rpwr-assignments/internship/group5_ws/build/lane_follower_knockknock/prefix_override:/usr/lib/python3/dist-packages/colcon_core/task/python/colcon_distutils_commands:/home/rushiksaiii/Desktop/ROS/rpwr-assignments/internship/group5_ws/install/lane_follower_knockknock/lib/python3.12/site-packages:${PYTHONPATH} /usr/bin/python3 -W ignore:setup.py install is deprecated -W ignore:easy_install command is deprecated setup.py egg_info --egg-base ../../build/lane_follower_knockknock build --build-base /home/rushiksaiii/Desktop/ROS/rpwr-assignments/internship/group5_ws/build/lane_follower_knockknock/build install --record /home/rushiksaiii/Desktop/ROS/rpwr-assignments/internship/group5_ws/build/lane_follower_knockknock/install.log --single-version-externally-managed install_data
[1.733s] INFO:colcon.colcon_core.shell:Creating environment descriptor '/home/rushiksaiii/Desktop/ROS/rpwr-assignments/internship/group5_ws/install/lane_follower_knockknock/share/lane_follower_knockknock/hook/pythonpath.dsv'
[1.733s] INFO:colcon.colcon_core.shell:Creating environment hook '/home/rushiksaiii/Desktop/ROS/rpwr-assignments/internship/group5_ws/install/lane_follower_knockknock/share/lane_follower_knockknock/hook/pythonpath.sh'
[1.734s] Level 1:colcon.colcon_core.environment:checking '/home/rushiksaiii/Desktop/ROS/rpwr-assignments/internship/group5_ws/install/lane_follower_knockknock/bin'
[1.734s] Level 1:colcon.colcon_core.environment:create_environment_scripts_only(lane_follower_knockknock)
[1.734s] INFO:colcon.colcon_core.shell:Creating package script '/home/rushiksaiii/Desktop/ROS/rpwr-assignments/internship/group5_ws/install/lane_follower_knockknock/share/lane_follower_knockknock/package.ps1'
[1.734s] INFO:colcon.colcon_core.shell:Creating package descriptor '/home/rushiksaiii/Desktop/ROS/rpwr-assignments/internship/group5_ws/install/lane_follower_knockknock/share/lane_follower_knockknock/package.dsv'
[1.734s] INFO:colcon.colcon_core.shell:Creating package script '/home/rushiksaiii/Desktop/ROS/rpwr-assignments/internship/group5_ws/install/lane_follower_knockknock/share/lane_follower_knockknock/package.sh'
[1.734s] INFO:colcon.colcon_core.shell:Creating package script '/home/rushiksaiii/Desktop/ROS/rpwr-assignments/internship/group5_ws/install/lane_follower_knockknock/share/lane_follower_knockknock/package.bash'
[1.734s] INFO:colcon.colcon_core.shell:Creating package script '/home/rushiksaiii/Desktop/ROS/rpwr-assignments/internship/group5_ws/install/lane_follower_knockknock/share/lane_follower_knockknock/package.zsh'
[1.734s] Level 1:colcon.colcon_core.environment:create_file_with_runtime_dependencies(/home/rushiksaiii/Desktop/ROS/rpwr-assignments/internship/group5_ws/install/lane_follower_knockknock/share/colcon-core/packages/lane_follower_knockknock)
[1.735s] DEBUG:colcon.colcon_parallel_executor.executor.parallel:closing loop
[1.735s] DEBUG:colcon.colcon_parallel_executor.executor.parallel:loop closed
[1.735s] DEBUG:colcon.colcon_parallel_executor.executor.parallel:run_until_complete finished with '0'
[1.735s] DEBUG:colcon.colcon_core.event_reactor:joining thread
[1.752s] INFO:colcon.colcon_core.plugin_system:Skipping extension 'colcon_notification.desktop_notification.terminal_notifier': Not used on non-Darwin systems
[1.752s] INFO:colcon.colcon_core.plugin_system:Skipping extension 'colcon_notification.desktop_notification.win32': Not used on non-Windows systems
[1.752s] INFO:colcon.colcon_notification.desktop_notification:Sending desktop notification using 'notify2'
[1.792s] DEBUG:colcon.colcon_core.event_reactor:joined thread
[1.792s] INFO:colcon.colcon_core.shell:Creating prefix script '/home/rushiksaiii/Desktop/ROS/rpwr-assignments/internship/group5_ws/install/local_setup.ps1'
[1.793s] INFO:colcon.colcon_core.shell:Creating prefix util module '/home/rushiksaiii/Desktop/ROS/rpwr-assignments/internship/group5_ws/install/_local_setup_util_ps1.py'
[1.796s] INFO:colcon.colcon_core.shell:Creating prefix chain script '/home/rushiksaiii/Desktop/ROS/rpwr-assignments/internship/group5_ws/install/setup.ps1'
[1.797s] INFO:colcon.colcon_core.shell:Creating prefix script '/home/rushiksaiii/Desktop/ROS/rpwr-assignments/internship/group5_ws/install/local_setup.sh'
[1.798s] INFO:colcon.colcon_core.shell:Creating prefix util module '/home/rushiksaiii/Desktop/ROS/rpwr-assignments/internship/group5_ws/install/_local_setup_util_sh.py'
[1.799s] INFO:colcon.colcon_core.shell:Creating prefix chain script '/home/rushiksaiii/Desktop/ROS/rpwr-assignments/internship/group5_ws/install/setup.sh'
[1.800s] INFO:colcon.colcon_core.shell:Creating prefix script '/home/rushiksaiii/Desktop/ROS/rpwr-assignments/internship/group5_ws/install/local_setup.bash'
[1.801s] INFO:colcon.colcon_core.shell:Creating prefix chain script '/home/rushiksaiii/Desktop/ROS/rpwr-assignments/internship/group5_ws/install/setup.bash'
[1.802s] INFO:colcon.colcon_core.shell:Creating prefix script '/home/rushiksaiii/Desktop/ROS/rpwr-assignments/internship/group5_ws/install/local_setup.zsh'
[1.802s] INFO:colcon.colcon_core.shell:Creating prefix chain script '/home/rushiksaiii/Desktop/ROS/rpwr-assignments/internship/group5_ws/install/setup.zsh'
