[0.039s] Invoking command in '/home/rushiksaiii/Desktop/ROS/rpwr-assignments/06_navigation/build/irobot_create_toolbox': CMAKE_PREFIX_PATH=${CMAKE_PREFIX_PATH}:/home/rushiksaiii/ros2_ws/install/turtle_party:/opt/ros/jazzy DEBUGINFOD_URLS=https://debuginfod.ubuntu.com /usr/bin/cmake /home/rushiksaiii/Desktop/ROS/rpwr-assignments/06_navigation/ros2_ws/src/create3_sim/irobot_create_common/irobot_create_toolbox -DCMAKE_INSTALL_PREFIX=/home/rushiksaiii/Desktop/ROS/rpwr-assignments/06_navigation/install/irobot_create_toolbox
[0.367s] -- The C compiler identification is GNU 13.3.0
[0.561s] -- The CXX compiler identification is GNU 13.3.0
[0.586s] -- Detecting C compiler ABI info
[0.722s] -- Detecting C compiler ABI info - done
[0.743s] -- Check for working C compiler: /usr/bin/cc - skipped
[0.743s] -- Detecting C compile features
[0.743s] -- Detecting C compile features - done
[0.752s] -- Detecting CXX compiler ABI info
[0.879s] -- Detecting CXX compiler ABI info - done
[0.886s] -- Check for working CXX compiler: /usr/bin/c++ - skipped
[0.887s] -- Detecting CXX compile features
[0.887s] -- Detecting CXX compile features - done
[0.941s] -- Found ament_cmake: 2.5.4 (/opt/ros/jazzy/share/ament_cmake/cmake)
[1.188s] -- Found Python3: /usr/bin/python3 (found version "3.12.3") found components: Interpreter 
[1.398s] -- Found gz_math_vendor: 0.0.8 (/opt/ros/jazzy/share/gz_math_vendor/cmake)
[1.423s] -- Looking for gz-math7 -- found version 7.5.2
[1.460s] -- Searching for dependencies of gz-math7
[1.464s] -- Looking for gz-utils2 -- found version 2.2.1
[1.465s] -- Searching for dependencies of gz-utils2
[1.482s] -- Found rclcpp: 28.1.9 (/opt/ros/jazzy/share/rclcpp/cmake)
[1.616s] -- Found rosidl_generator_c: 4.6.5 (/opt/ros/jazzy/share/rosidl_generator_c/cmake)
[1.647s] -- Found rosidl_generator_cpp: 4.6.5 (/opt/ros/jazzy/share/rosidl_generator_cpp/cmake)
[1.723s] -- Using all available rosidl_typesupport_c: rosidl_typesupport_fastrtps_c;rosidl_typesupport_introspection_c
[1.758s] -- Using all available rosidl_typesupport_cpp: rosidl_typesupport_fastrtps_cpp;rosidl_typesupport_introspection_cpp
[1.969s] -- Found rmw_implementation_cmake: 7.3.2 (/opt/ros/jazzy/share/rmw_implementation_cmake/cmake)
[1.982s] -- Found rmw_fastrtps_cpp: 8.4.2 (/opt/ros/jazzy/share/rmw_fastrtps_cpp/cmake)
[2.168s] -- Found OpenSSL: /usr/lib/aarch64-linux-gnu/libcrypto.so (found version "3.0.13")  
[2.208s] -- Found FastRTPS: /opt/ros/jazzy/include (Required is at least version "2.13") 
[2.239s] -- Using RMW implementation 'rmw_fastrtps_cpp' as default
[2.409s] -- Found ament_lint_auto: 0.17.2 (/opt/ros/jazzy/share/ament_lint_auto/cmake)
[2.569s] -- Added test 'cppcheck' to perform static code analysis on C / C++ code
[2.569s] -- Configured cppcheck include dirs: $<BUILD_INTERFACE:/home/rushiksaiii/Desktop/ROS/rpwr-assignments/06_navigation/ros2_ws/src/create3_sim/irobot_create_common/irobot_create_toolbox/include>
[2.569s] -- Configured cppcheck exclude dirs and/or files: 
[2.571s] -- Added test 'cpplint' to check C / C++ code against the Google style
[2.571s] -- Configured cpplint exclude dirs and/or files: 
[2.573s] -- Added test 'lint_cmake' to check CMake code style
[2.574s] -- Added test 'uncrustify' to check C / C++ code style
[2.574s] -- Configured uncrustify additional arguments: 
[2.574s] -- Added test 'xmllint' to check XML markup files
[2.577s] -- Configuring done (2.4s)
[2.584s] -- Generating done (0.0s)
[2.588s] -- Build files have been written to: /home/rushiksaiii/Desktop/ROS/rpwr-assignments/06_navigation/build/irobot_create_toolbox
[2.598s] Invoked command in '/home/rushiksaiii/Desktop/ROS/rpwr-assignments/06_navigation/build/irobot_create_toolbox' returned '0': CMAKE_PREFIX_PATH=${CMAKE_PREFIX_PATH}:/home/rushiksaiii/ros2_ws/install/turtle_party:/opt/ros/jazzy DEBUGINFOD_URLS=https://debuginfod.ubuntu.com /usr/bin/cmake /home/rushiksaiii/Desktop/ROS/rpwr-assignments/06_navigation/ros2_ws/src/create3_sim/irobot_create_common/irobot_create_toolbox -DCMAKE_INSTALL_PREFIX=/home/rushiksaiii/Desktop/ROS/rpwr-assignments/06_navigation/install/irobot_create_toolbox
[2.599s] Invoking command in '/home/rushiksaiii/Desktop/ROS/rpwr-assignments/06_navigation/build/irobot_create_toolbox': CMAKE_PREFIX_PATH=${CMAKE_PREFIX_PATH}:/home/rushiksaiii/ros2_ws/install/turtle_party:/opt/ros/jazzy DEBUGINFOD_URLS=https://debuginfod.ubuntu.com /usr/bin/cmake --build /home/rushiksaiii/Desktop/ROS/rpwr-assignments/06_navigation/build/irobot_create_toolbox -- -j8 -l8
[2.648s] [ 50%] [32mBuilding CXX object CMakeFiles/irobot_create_toolbox.dir/src/polar_coordinates.cpp.o[0m
[3.234s] [100%] [32m[1mLinking CXX shared library libirobot_create_toolbox.so[0m
[3.457s] [100%] Built target irobot_create_toolbox
[3.469s] Invoked command in '/home/rushiksaiii/Desktop/ROS/rpwr-assignments/06_navigation/build/irobot_create_toolbox' returned '0': CMAKE_PREFIX_PATH=${CMAKE_PREFIX_PATH}:/home/rushiksaiii/ros2_ws/install/turtle_party:/opt/ros/jazzy DEBUGINFOD_URLS=https://debuginfod.ubuntu.com /usr/bin/cmake --build /home/rushiksaiii/Desktop/ROS/rpwr-assignments/06_navigation/build/irobot_create_toolbox -- -j8 -l8
[3.472s] Invoking command in '/home/rushiksaiii/Desktop/ROS/rpwr-assignments/06_navigation/build/irobot_create_toolbox': CMAKE_PREFIX_PATH=${CMAKE_PREFIX_PATH}:/home/rushiksaiii/ros2_ws/install/turtle_party:/opt/ros/jazzy DEBUGINFOD_URLS=https://debuginfod.ubuntu.com /usr/bin/cmake --install /home/rushiksaiii/Desktop/ROS/rpwr-assignments/06_navigation/build/irobot_create_toolbox
[3.486s] -- Install configuration: ""
[3.486s] -- Installing: /home/rushiksaiii/Desktop/ROS/rpwr-assignments/06_navigation/install/irobot_create_toolbox/lib/libirobot_create_toolbox.so
[3.487s] -- Set non-toolchain portion of runtime path of "/home/rushiksaiii/Desktop/ROS/rpwr-assignments/06_navigation/install/irobot_create_toolbox/lib/libirobot_create_toolbox.so" to ""
[3.487s] -- Installing: /home/rushiksaiii/Desktop/ROS/rpwr-assignments/06_navigation/install/irobot_create_toolbox/include/irobot_create_toolbox
[3.487s] -- Installing: /home/rushiksaiii/Desktop/ROS/rpwr-assignments/06_navigation/install/irobot_create_toolbox/include/irobot_create_toolbox/irobot_create_toolbox
[3.488s] -- Installing: /home/rushiksaiii/Desktop/ROS/rpwr-assignments/06_navigation/install/irobot_create_toolbox/include/irobot_create_toolbox/irobot_create_toolbox/polar_coordinates.hpp
[3.488s] -- Installing: /home/rushiksaiii/Desktop/ROS/rpwr-assignments/06_navigation/install/irobot_create_toolbox/include/irobot_create_toolbox/irobot_create_toolbox/sensors
[3.488s] -- Installing: /home/rushiksaiii/Desktop/ROS/rpwr-assignments/06_navigation/install/irobot_create_toolbox/include/irobot_create_toolbox/irobot_create_toolbox/sensors/bumpers.hpp
[3.488s] -- Installing: /home/rushiksaiii/Desktop/ROS/rpwr-assignments/06_navigation/install/irobot_create_toolbox/include/irobot_create_toolbox/irobot_create_toolbox/math.hpp
[3.490s] -- Installing: /home/rushiksaiii/Desktop/ROS/rpwr-assignments/06_navigation/install/irobot_create_toolbox/share/ament_index/resource_index/package_run_dependencies/irobot_create_toolbox
[3.490s] -- Installing: /home/rushiksaiii/Desktop/ROS/rpwr-assignments/06_navigation/install/irobot_create_toolbox/share/ament_index/resource_index/parent_prefix_path/irobot_create_toolbox
[3.491s] -- Installing: /home/rushiksaiii/Desktop/ROS/rpwr-assignments/06_navigation/install/irobot_create_toolbox/share/irobot_create_toolbox/environment/ament_prefix_path.sh
[3.491s] -- Installing: /home/rushiksaiii/Desktop/ROS/rpwr-assignments/06_navigation/install/irobot_create_toolbox/share/irobot_create_toolbox/environment/ament_prefix_path.dsv
[3.493s] -- Installing: /home/rushiksaiii/Desktop/ROS/rpwr-assignments/06_navigation/install/irobot_create_toolbox/share/irobot_create_toolbox/environment/path.sh
[3.493s] -- Installing: /home/rushiksaiii/Desktop/ROS/rpwr-assignments/06_navigation/install/irobot_create_toolbox/share/irobot_create_toolbox/environment/path.dsv
[3.493s] -- Installing: /home/rushiksaiii/Desktop/ROS/rpwr-assignments/06_navigation/install/irobot_create_toolbox/share/irobot_create_toolbox/local_setup.bash
[3.493s] -- Installing: /home/rushiksaiii/Desktop/ROS/rpwr-assignments/06_navigation/install/irobot_create_toolbox/share/irobot_create_toolbox/local_setup.sh
[3.493s] -- Installing: /home/rushiksaiii/Desktop/ROS/rpwr-assignments/06_navigation/install/irobot_create_toolbox/share/irobot_create_toolbox/local_setup.zsh
[3.494s] -- Installing: /home/rushiksaiii/Desktop/ROS/rpwr-assignments/06_navigation/install/irobot_create_toolbox/share/irobot_create_toolbox/local_setup.dsv
[3.494s] -- Installing: /home/rushiksaiii/Desktop/ROS/rpwr-assignments/06_navigation/install/irobot_create_toolbox/share/irobot_create_toolbox/package.dsv
[3.494s] -- Installing: /home/rushiksaiii/Desktop/ROS/rpwr-assignments/06_navigation/install/irobot_create_toolbox/share/ament_index/resource_index/packages/irobot_create_toolbox
[3.494s] -- Installing: /home/rushiksaiii/Desktop/ROS/rpwr-assignments/06_navigation/install/irobot_create_toolbox/share/irobot_create_toolbox/cmake/export_irobot_create_toolboxExport.cmake
[3.494s] -- Installing: /home/rushiksaiii/Desktop/ROS/rpwr-assignments/06_navigation/install/irobot_create_toolbox/share/irobot_create_toolbox/cmake/export_irobot_create_toolboxExport-noconfig.cmake
[3.495s] -- Installing: /home/rushiksaiii/Desktop/ROS/rpwr-assignments/06_navigation/install/irobot_create_toolbox/share/irobot_create_toolbox/cmake/ament_cmake_export_targets-extras.cmake
[3.505s] -- Installing: /home/rushiksaiii/Desktop/ROS/rpwr-assignments/06_navigation/install/irobot_create_toolbox/share/irobot_create_toolbox/cmake/ament_cmake_export_dependencies-extras.cmake
[3.505s] -- Installing: /home/rushiksaiii/Desktop/ROS/rpwr-assignments/06_navigation/install/irobot_create_toolbox/share/irobot_create_toolbox/cmake/irobot_create_toolboxConfig.cmake
[3.505s] -- Installing: /home/rushiksaiii/Desktop/ROS/rpwr-assignments/06_navigation/install/irobot_create_toolbox/share/irobot_create_toolbox/cmake/irobot_create_toolboxConfig-version.cmake
[3.506s] -- Installing: /home/rushiksaiii/Desktop/ROS/rpwr-assignments/06_navigation/install/irobot_create_toolbox/share/irobot_create_toolbox/package.xml
[3.506s] Invoked command in '/home/rushiksaiii/Desktop/ROS/rpwr-assignments/06_navigation/build/irobot_create_toolbox' returned '0': CMAKE_PREFIX_PATH=${CMAKE_PREFIX_PATH}:/home/rushiksaiii/ros2_ws/install/turtle_party:/opt/ros/jazzy DEBUGINFOD_URLS=https://debuginfod.ubuntu.com /usr/bin/cmake --install /home/rushiksaiii/Desktop/ROS/rpwr-assignments/06_navigation/build/irobot_create_toolbox
