[0.056s] Invoking command in '/home/rushiksaiii/Desktop/ROS/rpwr-assignments/06_navigation/build/irobot_create_control': CMAKE_PREFIX_PATH=${CMAKE_PREFIX_PATH}:/home/rushiksaiii/ros2_ws/install/turtle_party:/opt/ros/jazzy DEBUGINFOD_URLS=https://debuginfod.ubuntu.com /usr/bin/cmake /home/rushiksaiii/Desktop/ROS/rpwr-assignments/06_navigation/ros2_ws/src/create3_sim/irobot_create_common/irobot_create_control -DCMAKE_INSTALL_PREFIX=/home/rushiksaiii/Desktop/ROS/rpwr-assignments/06_navigation/install/irobot_create_control
[0.387s] -- The C compiler identification is GNU 13.3.0
[0.584s] -- The CXX compiler identification is GNU 13.3.0
[0.609s] -- Detecting C compiler ABI info
[0.741s] -- Detecting C compiler ABI info - done
[0.753s] -- Check for working C compiler: /usr/bin/cc - skipped
[0.755s] -- Detecting C compile features
[0.755s] -- Detecting C compile features - done
[0.766s] -- Detecting CXX compiler ABI info
[0.889s] -- Detecting CXX compiler ABI info - done
[0.897s] -- Check for working CXX compiler: /usr/bin/c++ - skipped
[0.898s] -- Detecting CXX compile features
[0.898s] -- Detecting CXX compile features - done
[0.961s] -- Found ament_cmake: 2.5.4 (/opt/ros/jazzy/share/ament_cmake/cmake)
[1.228s] -- Found Python3: /usr/bin/python3 (found version "3.12.3") found components: Interpreter 
[1.416s] -- Found ament_lint_auto: 0.17.2 (/opt/ros/jazzy/share/ament_lint_auto/cmake)
[1.555s] -- Added test 'flake8' to check Python code syntax and style conventions
[1.555s] -- Configured 'flake8' exclude dirs and/or files: 
[1.555s] -- Added test 'lint_cmake' to check CMake code style
[1.555s] -- Added test 'pep257' to check Python code against some of the docstring style conventions in PEP 257
[1.556s] -- Added test 'xmllint' to check XML markup files
[1.561s] -- Configuring done (1.4s)
[1.565s] -- Generating done (0.0s)
[1.568s] -- Build files have been written to: /home/rushiksaiii/Desktop/ROS/rpwr-assignments/06_navigation/build/irobot_create_control
[1.574s] Invoked command in '/home/rushiksaiii/Desktop/ROS/rpwr-assignments/06_navigation/build/irobot_create_control' returned '0': CMAKE_PREFIX_PATH=${CMAKE_PREFIX_PATH}:/home/rushiksaiii/ros2_ws/install/turtle_party:/opt/ros/jazzy DEBUGINFOD_URLS=https://debuginfod.ubuntu.com /usr/bin/cmake /home/rushiksaiii/Desktop/ROS/rpwr-assignments/06_navigation/ros2_ws/src/create3_sim/irobot_create_common/irobot_create_control -DCMAKE_INSTALL_PREFIX=/home/rushiksaiii/Desktop/ROS/rpwr-assignments/06_navigation/install/irobot_create_control
[1.578s] Invoking command in '/home/rushiksaiii/Desktop/ROS/rpwr-assignments/06_navigation/build/irobot_create_control': CMAKE_PREFIX_PATH=${CMAKE_PREFIX_PATH}:/home/rushiksaiii/ros2_ws/install/turtle_party:/opt/ros/jazzy DEBUGINFOD_URLS=https://debuginfod.ubuntu.com /usr/bin/cmake --build /home/rushiksaiii/Desktop/ROS/rpwr-assignments/06_navigation/build/irobot_create_control -- -j8 -l8
[1.615s] Invoked command in '/home/rushiksaiii/Desktop/ROS/rpwr-assignments/06_navigation/build/irobot_create_control' returned '0': CMAKE_PREFIX_PATH=${CMAKE_PREFIX_PATH}:/home/rushiksaiii/ros2_ws/install/turtle_party:/opt/ros/jazzy DEBUGINFOD_URLS=https://debuginfod.ubuntu.com /usr/bin/cmake --build /home/rushiksaiii/Desktop/ROS/rpwr-assignments/06_navigation/build/irobot_create_control -- -j8 -l8
[1.627s] Invoking command in '/home/rushiksaiii/Desktop/ROS/rpwr-assignments/06_navigation/build/irobot_create_control': CMAKE_PREFIX_PATH=${CMAKE_PREFIX_PATH}:/home/rushiksaiii/ros2_ws/install/turtle_party:/opt/ros/jazzy DEBUGINFOD_URLS=https://debuginfod.ubuntu.com /usr/bin/cmake --install /home/rushiksaiii/Desktop/ROS/rpwr-assignments/06_navigation/build/irobot_create_control
[1.635s] -- Install configuration: ""
[1.635s] -- Installing: /home/rushiksaiii/Desktop/ROS/rpwr-assignments/06_navigation/install/irobot_create_control/share/irobot_create_control//launch
[1.635s] -- Installing: /home/rushiksaiii/Desktop/ROS/rpwr-assignments/06_navigation/install/irobot_create_control/share/irobot_create_control//launch/include
[1.635s] -- Installing: /home/rushiksaiii/Desktop/ROS/rpwr-assignments/06_navigation/install/irobot_create_control/share/irobot_create_control//launch/include/control.py
[1.636s] -- Installing: /home/rushiksaiii/Desktop/ROS/rpwr-assignments/06_navigation/install/irobot_create_control/share/irobot_create_control//config
[1.637s] -- Installing: /home/rushiksaiii/Desktop/ROS/rpwr-assignments/06_navigation/install/irobot_create_control/share/irobot_create_control//config/control.yaml
[1.637s] -- Installing: /home/rushiksaiii/Desktop/ROS/rpwr-assignments/06_navigation/install/irobot_create_control/share/ament_index/resource_index/package_run_dependencies/irobot_create_control
[1.637s] -- Installing: /home/rushiksaiii/Desktop/ROS/rpwr-assignments/06_navigation/install/irobot_create_control/share/ament_index/resource_index/parent_prefix_path/irobot_create_control
[1.637s] -- Installing: /home/rushiksaiii/Desktop/ROS/rpwr-assignments/06_navigation/install/irobot_create_control/share/irobot_create_control/environment/ament_prefix_path.sh
[1.637s] -- Installing: /home/rushiksaiii/Desktop/ROS/rpwr-assignments/06_navigation/install/irobot_create_control/share/irobot_create_control/environment/ament_prefix_path.dsv
[1.638s] -- Installing: /home/rushiksaiii/Desktop/ROS/rpwr-assignments/06_navigation/install/irobot_create_control/share/irobot_create_control/environment/path.sh
[1.638s] -- Installing: /home/rushiksaiii/Desktop/ROS/rpwr-assignments/06_navigation/install/irobot_create_control/share/irobot_create_control/environment/path.dsv
[1.638s] -- Installing: /home/rushiksaiii/Desktop/ROS/rpwr-assignments/06_navigation/install/irobot_create_control/share/irobot_create_control/local_setup.bash
[1.638s] -- Installing: /home/rushiksaiii/Desktop/ROS/rpwr-assignments/06_navigation/install/irobot_create_control/share/irobot_create_control/local_setup.sh
[1.638s] -- Installing: /home/rushiksaiii/Desktop/ROS/rpwr-assignments/06_navigation/install/irobot_create_control/share/irobot_create_control/local_setup.zsh
[1.638s] -- Installing: /home/rushiksaiii/Desktop/ROS/rpwr-assignments/06_navigation/install/irobot_create_control/share/irobot_create_control/local_setup.dsv
[1.639s] -- Installing: /home/rushiksaiii/Desktop/ROS/rpwr-assignments/06_navigation/install/irobot_create_control/share/irobot_create_control/package.dsv
[1.639s] -- Installing: /home/rushiksaiii/Desktop/ROS/rpwr-assignments/06_navigation/install/irobot_create_control/share/ament_index/resource_index/packages/irobot_create_control
[1.639s] -- Installing: /home/rushiksaiii/Desktop/ROS/rpwr-assignments/06_navigation/install/irobot_create_control/share/irobot_create_control/cmake/irobot_create_controlConfig.cmake
[1.640s] -- Installing: /home/rushiksaiii/Desktop/ROS/rpwr-assignments/06_navigation/install/irobot_create_control/share/irobot_create_control/cmake/irobot_create_controlConfig-version.cmake
[1.640s] -- Installing: /home/rushiksaiii/Desktop/ROS/rpwr-assignments/06_navigation/install/irobot_create_control/share/irobot_create_control/package.xml
[1.643s] Invoked command in '/home/rushiksaiii/Desktop/ROS/rpwr-assignments/06_navigation/build/irobot_create_control' returned '0': CMAKE_PREFIX_PATH=${CMAKE_PREFIX_PATH}:/home/rushiksaiii/ros2_ws/install/turtle_party:/opt/ros/jazzy DEBUGINFOD_URLS=https://debuginfod.ubuntu.com /usr/bin/cmake --install /home/rushiksaiii/Desktop/ROS/rpwr-assignments/06_navigation/build/irobot_create_control
