[1.221s] Invoking command in '/home/rushiksaiii/Desktop/ROS/rpwr-assignments/internship/group5_ws/src/door_control_pkg': DEBUGINFOD_URLS=https://debuginfod.ubuntu.com PYTHONPATH=/home/rushiksaiii/Desktop/ROS/rpwr-assignments/internship/group5_ws/build/door_control_pkg/prefix_override:/usr/lib/python3/dist-packages/colcon_core/task/python/colcon_distutils_commands:/home/rushiksaiii/Desktop/ROS/rpwr-assignments/internship/group5_ws/install/door_control_pkg/lib/python3.12/site-packages:${PYTHONPATH} /usr/bin/python3 -W ignore:setup.py install is deprecated -W ignore:easy_install command is deprecated setup.py egg_info --egg-base ../../build/door_control_pkg build --build-base /home/rushiksaiii/Desktop/ROS/rpwr-assignments/internship/group5_ws/build/door_control_pkg/build install --record /home/rushiksaiii/Desktop/ROS/rpwr-assignments/internship/group5_ws/build/door_control_pkg/install.log --single-version-externally-managed
[1.376s] running egg_info
[1.384s] writing ../../build/door_control_pkg/door_control_pkg.egg-info/PKG-INFO
[1.386s] writing dependency_links to ../../build/door_control_pkg/door_control_pkg.egg-info/dependency_links.txt
[1.386s] writing entry points to ../../build/door_control_pkg/door_control_pkg.egg-info/entry_points.txt
[1.386s] writing requirements to ../../build/door_control_pkg/door_control_pkg.egg-info/requires.txt
[1.386s] writing top-level names to ../../build/door_control_pkg/door_control_pkg.egg-info/top_level.txt
[1.405s] reading manifest file '../../build/door_control_pkg/door_control_pkg.egg-info/SOURCES.txt'
[1.406s] writing manifest file '../../build/door_control_pkg/door_control_pkg.egg-info/SOURCES.txt'
[1.406s] running build
[1.406s] running build_py
[1.407s] copying door_control_pkg/doormonitornode.py -> /home/rushiksaiii/Desktop/ROS/rpwr-assignments/internship/group5_ws/build/door_control_pkg/build/lib/door_control_pkg
[1.407s] running install
[1.411s] running install_lib
[1.423s] copying /home/rushiksaiii/Desktop/ROS/rpwr-assignments/internship/group5_ws/build/door_control_pkg/build/lib/door_control_pkg/doormonitornode.py -> /home/rushiksaiii/Desktop/ROS/rpwr-assignments/internship/group5_ws/install/door_control_pkg/lib/python3.12/site-packages/door_control_pkg
[1.424s] byte-compiling /home/rushiksaiii/Desktop/ROS/rpwr-assignments/internship/group5_ws/install/door_control_pkg/lib/python3.12/site-packages/door_control_pkg/doormonitornode.py to doormonitornode.cpython-312.pyc
[1.425s] running install_egg_info
[1.441s] removing '/home/rushiksaiii/Desktop/ROS/rpwr-assignments/internship/group5_ws/install/door_control_pkg/lib/python3.12/site-packages/door_control_pkg-0.0.0-py3.12.egg-info' (and everything under it)
[1.442s] Copying ../../build/door_control_pkg/door_control_pkg.egg-info to /home/rushiksaiii/Desktop/ROS/rpwr-assignments/internship/group5_ws/install/door_control_pkg/lib/python3.12/site-packages/door_control_pkg-0.0.0-py3.12.egg-info
[1.448s] running install_scripts
[1.533s] Installing door_lidar_node script to /home/rushiksaiii/Desktop/ROS/rpwr-assignments/internship/group5_ws/install/door_control_pkg/lib/door_control_pkg
[1.534s] Installing door_logic_node script to /home/rushiksaiii/Desktop/ROS/rpwr-assignments/internship/group5_ws/install/door_control_pkg/lib/door_control_pkg
[1.535s] writing list of installed files to '/home/rushiksaiii/Desktop/ROS/rpwr-assignments/internship/group5_ws/build/door_control_pkg/install.log'
[1.560s] Invoked command in '/home/rushiksaiii/Desktop/ROS/rpwr-assignments/internship/group5_ws/src/door_control_pkg' returned '0': DEBUGINFOD_URLS=https://debuginfod.ubuntu.com PYTHONPATH=/home/rushiksaiii/Desktop/ROS/rpwr-assignments/internship/group5_ws/build/door_control_pkg/prefix_override:/usr/lib/python3/dist-packages/colcon_core/task/python/colcon_distutils_commands:/home/rushiksaiii/Desktop/ROS/rpwr-assignments/internship/group5_ws/install/door_control_pkg/lib/python3.12/site-packages:${PYTHONPATH} /usr/bin/python3 -W ignore:setup.py install is deprecated -W ignore:easy_install command is deprecated setup.py egg_info --egg-base ../../build/door_control_pkg build --build-base /home/rushiksaiii/Desktop/ROS/rpwr-assignments/internship/group5_ws/build/door_control_pkg/build install --record /home/rushiksaiii/Desktop/ROS/rpwr-assignments/internship/group5_ws/build/door_control_pkg/install.log --single-version-externally-managed
