[0.052s] Invoking command in '/home/rushiksaiii/Desktop/ROS/rpwr-assignments/06_navigation/build/turtlebot4_navigation': CMAKE_PREFIX_PATH=${CMAKE_PREFIX_PATH}:/home/rushiksaiii/ros2_ws/install/turtle_party:/opt/ros/jazzy DEBUGINFOD_URLS=https://debuginfod.ubuntu.com /usr/bin/cmake /home/rushiksaiii/Desktop/ROS/rpwr-assignments/06_navigation/ros2_ws/src/turtlebot4/turtlebot4_navigation -DCMAKE_INSTALL_PREFIX=/home/rushiksaiii/Desktop/ROS/rpwr-assignments/06_navigation/install/turtlebot4_navigation
[0.346s] -- The C compiler identification is GNU 13.3.0
[0.541s] -- The CXX compiler identification is GNU 13.3.0
[0.568s] -- Detecting C compiler ABI info
[0.700s] -- Detecting C compiler ABI info - done
[0.723s] -- Check for working C compiler: /usr/bin/cc - skipped
[0.723s] -- Detecting C compile features
[0.723s] -- Detecting C compile features - done
[0.736s] -- Detecting CXX compiler ABI info
[0.871s] -- Detecting CXX compiler ABI info - done
[0.883s] -- Check for working CXX compiler: /usr/bin/c++ - skipped
[0.883s] -- Detecting CXX compile features
[0.883s] -- Detecting CXX compile features - done
[0.921s] -- Found ament_cmake: 2.5.4 (/opt/ros/jazzy/share/ament_cmake/cmake)
[1.188s] -- Found Python3: /usr/bin/python3 (found version "3.12.3") found components: Interpreter 
[1.472s] -- Found ament_lint_auto: 0.17.2 (/opt/ros/jazzy/share/ament_lint_auto/cmake)
[1.597s] -- Added test 'copyright' to check source files copyright and LICENSE
[1.602s] -- Added test 'flake8' to check Python code syntax and style conventions
[1.602s] -- Configured 'flake8' exclude dirs and/or files: 
[1.604s] -- Added test 'lint_cmake' to check CMake code style
[1.605s] -- Added test 'pep257' to check Python code against some of the docstring style conventions in PEP 257
[1.608s] -- Added test 'xmllint' to check XML markup files
[1.609s] -- Configuring done (1.5s)
[1.614s] -- Generating done (0.0s)
[1.618s] -- Build files have been written to: /home/rushiksaiii/Desktop/ROS/rpwr-assignments/06_navigation/build/turtlebot4_navigation
[1.649s] Invoked command in '/home/rushiksaiii/Desktop/ROS/rpwr-assignments/06_navigation/build/turtlebot4_navigation' returned '0': CMAKE_PREFIX_PATH=${CMAKE_PREFIX_PATH}:/home/rushiksaiii/ros2_ws/install/turtle_party:/opt/ros/jazzy DEBUGINFOD_URLS=https://debuginfod.ubuntu.com /usr/bin/cmake /home/rushiksaiii/Desktop/ROS/rpwr-assignments/06_navigation/ros2_ws/src/turtlebot4/turtlebot4_navigation -DCMAKE_INSTALL_PREFIX=/home/rushiksaiii/Desktop/ROS/rpwr-assignments/06_navigation/install/turtlebot4_navigation
[1.650s] Invoking command in '/home/rushiksaiii/Desktop/ROS/rpwr-assignments/06_navigation/build/turtlebot4_navigation': CMAKE_PREFIX_PATH=${CMAKE_PREFIX_PATH}:/home/rushiksaiii/ros2_ws/install/turtle_party:/opt/ros/jazzy DEBUGINFOD_URLS=https://debuginfod.ubuntu.com /usr/bin/cmake --build /home/rushiksaiii/Desktop/ROS/rpwr-assignments/06_navigation/build/turtlebot4_navigation -- -j8 -l8
[1.728s] Built target ament_cmake_python_copy_turtlebot4_navigation
[2.134s] running egg_info
[2.137s] creating turtlebot4_navigation.egg-info
[2.151s] writing turtlebot4_navigation.egg-info/PKG-INFO
[2.151s] writing dependency_links to turtlebot4_navigation.egg-info/dependency_links.txt
[2.152s] writing top-level names to turtlebot4_navigation.egg-info/top_level.txt
[2.152s] writing manifest file 'turtlebot4_navigation.egg-info/SOURCES.txt'
[2.200s] reading manifest file 'turtlebot4_navigation.egg-info/SOURCES.txt'
[2.204s] writing manifest file 'turtlebot4_navigation.egg-info/SOURCES.txt'
[2.232s] Built target ament_cmake_python_build_turtlebot4_navigation_egg
[2.244s] Invoked command in '/home/rushiksaiii/Desktop/ROS/rpwr-assignments/06_navigation/build/turtlebot4_navigation' returned '0': CMAKE_PREFIX_PATH=${CMAKE_PREFIX_PATH}:/home/rushiksaiii/ros2_ws/install/turtle_party:/opt/ros/jazzy DEBUGINFOD_URLS=https://debuginfod.ubuntu.com /usr/bin/cmake --build /home/rushiksaiii/Desktop/ROS/rpwr-assignments/06_navigation/build/turtlebot4_navigation -- -j8 -l8
[2.244s] Invoking command in '/home/rushiksaiii/Desktop/ROS/rpwr-assignments/06_navigation/build/turtlebot4_navigation': CMAKE_PREFIX_PATH=${CMAKE_PREFIX_PATH}:/home/rushiksaiii/ros2_ws/install/turtle_party:/opt/ros/jazzy DEBUGINFOD_URLS=https://debuginfod.ubuntu.com /usr/bin/cmake --install /home/rushiksaiii/Desktop/ROS/rpwr-assignments/06_navigation/build/turtlebot4_navigation
[2.251s] -- Install configuration: ""
[2.251s] -- Installing: /home/rushiksaiii/Desktop/ROS/rpwr-assignments/06_navigation/install/turtlebot4_navigation/share/turtlebot4_navigation/config
[2.251s] -- Installing: /home/rushiksaiii/Desktop/ROS/rpwr-assignments/06_navigation/install/turtlebot4_navigation/share/turtlebot4_navigation/config/localization.yaml
[2.252s] -- Installing: /home/rushiksaiii/Desktop/ROS/rpwr-assignments/06_navigation/install/turtlebot4_navigation/share/turtlebot4_navigation/config/nav2.yaml
[2.253s] -- Installing: /home/rushiksaiii/Desktop/ROS/rpwr-assignments/06_navigation/install/turtlebot4_navigation/share/turtlebot4_navigation/config/slam.yaml
[2.253s] -- Installing: /home/rushiksaiii/Desktop/ROS/rpwr-assignments/06_navigation/install/turtlebot4_navigation/share/turtlebot4_navigation/launch
[2.253s] -- Installing: /home/rushiksaiii/Desktop/ROS/rpwr-assignments/06_navigation/install/turtlebot4_navigation/share/turtlebot4_navigation/launch/localization.launch.py
[2.254s] -- Installing: /home/rushiksaiii/Desktop/ROS/rpwr-assignments/06_navigation/install/turtlebot4_navigation/share/turtlebot4_navigation/launch/nav2.launch.py
[2.254s] -- Installing: /home/rushiksaiii/Desktop/ROS/rpwr-assignments/06_navigation/install/turtlebot4_navigation/share/turtlebot4_navigation/launch/slam.launch.py
[2.255s] -- Installing: /home/rushiksaiii/Desktop/ROS/rpwr-assignments/06_navigation/install/turtlebot4_navigation/share/turtlebot4_navigation/maps
[2.255s] -- Installing: /home/rushiksaiii/Desktop/ROS/rpwr-assignments/06_navigation/install/turtlebot4_navigation/share/turtlebot4_navigation/maps/depot.yaml
[2.255s] -- Installing: /home/rushiksaiii/Desktop/ROS/rpwr-assignments/06_navigation/install/turtlebot4_navigation/share/turtlebot4_navigation/maps/maze.yaml
[2.255s] -- Installing: /home/rushiksaiii/Desktop/ROS/rpwr-assignments/06_navigation/install/turtlebot4_navigation/share/turtlebot4_navigation/maps/depot.pgm
[2.259s] -- Installing: /home/rushiksaiii/Desktop/ROS/rpwr-assignments/06_navigation/install/turtlebot4_navigation/share/turtlebot4_navigation/maps/warehouse.pgm
[2.267s] -- Installing: /home/rushiksaiii/Desktop/ROS/rpwr-assignments/06_navigation/install/turtlebot4_navigation/share/turtlebot4_navigation/maps/warehouse.yaml
[2.269s] -- Installing: /home/rushiksaiii/Desktop/ROS/rpwr-assignments/06_navigation/install/turtlebot4_navigation/share/turtlebot4_navigation/maps/maze.pgm
[2.278s] -- Installing: /home/rushiksaiii/Desktop/ROS/rpwr-assignments/06_navigation/install/turtlebot4_navigation/share/turtlebot4_navigation/environment/pythonpath.sh
[2.278s] -- Installing: /home/rushiksaiii/Desktop/ROS/rpwr-assignments/06_navigation/install/turtlebot4_navigation/share/turtlebot4_navigation/environment/pythonpath.dsv
[2.278s] -- Installing: /home/rushiksaiii/Desktop/ROS/rpwr-assignments/06_navigation/install/turtlebot4_navigation/lib/python3.12/site-packages/turtlebot4_navigation-2.0.1-py3.12.egg-info
[2.278s] -- Installing: /home/rushiksaiii/Desktop/ROS/rpwr-assignments/06_navigation/install/turtlebot4_navigation/lib/python3.12/site-packages/turtlebot4_navigation-2.0.1-py3.12.egg-info/dependency_links.txt
[2.278s] -- Installing: /home/rushiksaiii/Desktop/ROS/rpwr-assignments/06_navigation/install/turtlebot4_navigation/lib/python3.12/site-packages/turtlebot4_navigation-2.0.1-py3.12.egg-info/SOURCES.txt
[2.278s] -- Installing: /home/rushiksaiii/Desktop/ROS/rpwr-assignments/06_navigation/install/turtlebot4_navigation/lib/python3.12/site-packages/turtlebot4_navigation-2.0.1-py3.12.egg-info/PKG-INFO
[2.278s] -- Installing: /home/rushiksaiii/Desktop/ROS/rpwr-assignments/06_navigation/install/turtlebot4_navigation/lib/python3.12/site-packages/turtlebot4_navigation-2.0.1-py3.12.egg-info/top_level.txt
[2.278s] -- Installing: /home/rushiksaiii/Desktop/ROS/rpwr-assignments/06_navigation/install/turtlebot4_navigation/lib/python3.12/site-packages/turtlebot4_navigation
[2.278s] -- Installing: /home/rushiksaiii/Desktop/ROS/rpwr-assignments/06_navigation/install/turtlebot4_navigation/lib/python3.12/site-packages/turtlebot4_navigation/turtlebot4_navigator.py
[2.279s] -- Installing: /home/rushiksaiii/Desktop/ROS/rpwr-assignments/06_navigation/install/turtlebot4_navigation/lib/python3.12/site-packages/turtlebot4_navigation/__init__.py
[2.312s] Listing '/home/rushiksaiii/Desktop/ROS/rpwr-assignments/06_navigation/install/turtlebot4_navigation/lib/python3.12/site-packages/turtlebot4_navigation'...
[2.313s] Compiling '/home/rushiksaiii/Desktop/ROS/rpwr-assignments/06_navigation/install/turtlebot4_navigation/lib/python3.12/site-packages/turtlebot4_navigation/__init__.py'...
[2.313s] Compiling '/home/rushiksaiii/Desktop/ROS/rpwr-assignments/06_navigation/install/turtlebot4_navigation/lib/python3.12/site-packages/turtlebot4_navigation/turtlebot4_navigator.py'...
[2.318s] -- Installing: /home/rushiksaiii/Desktop/ROS/rpwr-assignments/06_navigation/install/turtlebot4_navigation/lib/python3.12/site-packages/turtlebot4_navigator.py
[2.354s] Compiling '/home/rushiksaiii/Desktop/ROS/rpwr-assignments/06_navigation/install/turtlebot4_navigation/lib/python3.12/site-packages/turtlebot4_navigator.py'...
[2.359s] -- Installing: /home/rushiksaiii/Desktop/ROS/rpwr-assignments/06_navigation/install/turtlebot4_navigation/share/ament_index/resource_index/package_run_dependencies/turtlebot4_navigation
[2.361s] -- Installing: /home/rushiksaiii/Desktop/ROS/rpwr-assignments/06_navigation/install/turtlebot4_navigation/share/ament_index/resource_index/parent_prefix_path/turtlebot4_navigation
[2.362s] -- Installing: /home/rushiksaiii/Desktop/ROS/rpwr-assignments/06_navigation/install/turtlebot4_navigation/share/turtlebot4_navigation/environment/ament_prefix_path.sh
[2.362s] -- Installing: /home/rushiksaiii/Desktop/ROS/rpwr-assignments/06_navigation/install/turtlebot4_navigation/share/turtlebot4_navigation/environment/ament_prefix_path.dsv
[2.362s] -- Installing: /home/rushiksaiii/Desktop/ROS/rpwr-assignments/06_navigation/install/turtlebot4_navigation/share/turtlebot4_navigation/environment/path.sh
[2.362s] -- Installing: /home/rushiksaiii/Desktop/ROS/rpwr-assignments/06_navigation/install/turtlebot4_navigation/share/turtlebot4_navigation/environment/path.dsv
[2.362s] -- Installing: /home/rushiksaiii/Desktop/ROS/rpwr-assignments/06_navigation/install/turtlebot4_navigation/share/turtlebot4_navigation/local_setup.bash
[2.362s] -- Installing: /home/rushiksaiii/Desktop/ROS/rpwr-assignments/06_navigation/install/turtlebot4_navigation/share/turtlebot4_navigation/local_setup.sh
[2.363s] -- Installing: /home/rushiksaiii/Desktop/ROS/rpwr-assignments/06_navigation/install/turtlebot4_navigation/share/turtlebot4_navigation/local_setup.zsh
[2.363s] -- Installing: /home/rushiksaiii/Desktop/ROS/rpwr-assignments/06_navigation/install/turtlebot4_navigation/share/turtlebot4_navigation/local_setup.dsv
[2.363s] -- Installing: /home/rushiksaiii/Desktop/ROS/rpwr-assignments/06_navigation/install/turtlebot4_navigation/share/turtlebot4_navigation/package.dsv
[2.363s] -- Installing: /home/rushiksaiii/Desktop/ROS/rpwr-assignments/06_navigation/install/turtlebot4_navigation/share/ament_index/resource_index/packages/turtlebot4_navigation
[2.363s] -- Installing: /home/rushiksaiii/Desktop/ROS/rpwr-assignments/06_navigation/install/turtlebot4_navigation/share/turtlebot4_navigation/cmake/turtlebot4_navigationConfig.cmake
[2.364s] -- Installing: /home/rushiksaiii/Desktop/ROS/rpwr-assignments/06_navigation/install/turtlebot4_navigation/share/turtlebot4_navigation/cmake/turtlebot4_navigationConfig-version.cmake
[2.364s] -- Installing: /home/rushiksaiii/Desktop/ROS/rpwr-assignments/06_navigation/install/turtlebot4_navigation/share/turtlebot4_navigation/package.xml
[2.364s] Invoked command in '/home/rushiksaiii/Desktop/ROS/rpwr-assignments/06_navigation/build/turtlebot4_navigation' returned '0': CMAKE_PREFIX_PATH=${CMAKE_PREFIX_PATH}:/home/rushiksaiii/ros2_ws/install/turtle_party:/opt/ros/jazzy DEBUGINFOD_URLS=https://debuginfod.ubuntu.com /usr/bin/cmake --install /home/rushiksaiii/Desktop/ROS/rpwr-assignments/06_navigation/build/turtlebot4_navigation
