-- Found ament_cmake: 2.5.4 (/opt/ros/jazzy/share/ament_cmake/cmake)
-- Override CMake install command with custom implementation using symlinks instead of copying resources
-- Found control_msgs: 5.4.0 (/opt/ros/jazzy/share/control_msgs/cmake)
-- Found rosidl_generator_c: 4.6.5 (/opt/ros/jazzy/share/rosidl_generator_c/cmake)
-- Found rosidl_generator_cpp: 4.6.5 (/opt/ros/jazzy/share/rosidl_generator_cpp/cmake)
-- Using all available rosidl_typesupport_c: rosidl_typesupport_fastrtps_c;rosidl_typesupport_introspection_c
-- Using all available rosidl_typesupport_cpp: rosidl_typesupport_fastrtps_cpp;rosidl_typesupport_introspection_cpp
-- Found nav_msgs: 5.3.6 (/opt/ros/jazzy/share/nav_msgs/cmake)
-- Found irobot_create_msgs: 3.0.0 (/opt/ros/jazzy/share/irobot_create_msgs/cmake)
-- Found rclcpp: 28.1.9 (/opt/ros/jazzy/share/rclcpp/cmake)
-- Found rmw_implementation_cmake: 7.3.2 (/opt/ros/jazzy/share/rmw_implementation_cmake/cmake)
-- Found rmw_fastrtps_cpp: 8.4.2 (/opt/ros/jazzy/share/rmw_fastrtps_cpp/cmake)
-- Using RMW implementation 'rmw_fastrtps_cpp' as default
-- Found rclcpp_action: 28.1.9 (/opt/ros/jazzy/share/rclcpp_action/cmake)
-- Found tf2: 0.36.10 (/opt/ros/jazzy/share/tf2/cmake)
-- Found tf2_geometry_msgs: 0.36.10 (/opt/ros/jazzy/share/tf2_geometry_msgs/cmake)
-- Found eigen3_cmake_module: 0.3.0 (/opt/ros/jazzy/share/eigen3_cmake_module/cmake)
-- Ensuring Eigen3 include directory is part of orocos-kdl CMake target
-- Found irobot_create_toolbox: 3.0.4 (/home/rushiksaiii/Desktop/ROS/rpwr-assignments/06_navigation/ros2_ws/install/irobot_create_toolbox/share/irobot_create_toolbox/cmake)
-- Looking for gz-math7 -- found version 7.5.2
-- Searching for dependencies of gz-math7
-- Looking for gz-utils2 -- found version 2.2.1
-- Searching for dependencies of gz-utils2
-- Found ament_lint_auto: 0.17.2 (/opt/ros/jazzy/share/ament_lint_auto/cmake)
-- Added test 'cppcheck' to perform static code analysis on C / C++ code
-- Configured cppcheck include dirs: /home/rushiksaiii/Desktop/ROS/rpwr-assignments/06_navigation/ros2_ws/src/create3_sim/irobot_create_gz/irobot_create_gz_toolbox/include
-- Configured cppcheck exclude dirs and/or files: 
-- Added test 'cpplint' to check C / C++ code against the Google style
-- Configured cpplint exclude dirs and/or files: 
-- Added test 'lint_cmake' to check CMake code style
-- Added test 'uncrustify' to check C / C++ code style
-- Configured uncrustify additional arguments: 
-- Added test 'xmllint' to check XML markup files
-- Configuring done (1.0s)
-- Generating done (0.1s)
-- Build files have been written to: /home/rushiksaiii/Desktop/ROS/rpwr-assignments/06_navigation/ros2_ws/build/irobot_create_gz_toolbox
[ 44%] Built target irobot_create_gz_sensors_lib
[ 55%] Built target irobot_create_gz_interface_buttons_lib
[ 66%] Built target irobot_create_gz_pose_republisher_lib
[ 77%] Built target sensors_node
[ 88%] Built target pose_republisher_node
[100%] Built target interface_buttons_node
-- Install configuration: ""
-- Execute custom install script
-- Up-to-date symlink: /home/rushiksaiii/Desktop/ROS/rpwr-assignments/06_navigation/ros2_ws/install/irobot_create_gz_toolbox/lib/libirobot_create_gz_pose_republisher_lib.so
-- Up-to-date symlink: /home/rushiksaiii/Desktop/ROS/rpwr-assignments/06_navigation/ros2_ws/install/irobot_create_gz_toolbox/lib/libirobot_create_gz_sensors_lib.so
-- Up-to-date symlink: /home/rushiksaiii/Desktop/ROS/rpwr-assignments/06_navigation/ros2_ws/install/irobot_create_gz_toolbox/lib/libirobot_create_gz_interface_buttons_lib.so
-- Up-to-date symlink: /home/rushiksaiii/Desktop/ROS/rpwr-assignments/06_navigation/ros2_ws/install/irobot_create_gz_toolbox/lib/irobot_create_gz_toolbox/pose_republisher_node
-- Up-to-date symlink: /home/rushiksaiii/Desktop/ROS/rpwr-assignments/06_navigation/ros2_ws/install/irobot_create_gz_toolbox/lib/irobot_create_gz_toolbox/sensors_node
-- Up-to-date symlink: /home/rushiksaiii/Desktop/ROS/rpwr-assignments/06_navigation/ros2_ws/install/irobot_create_gz_toolbox/lib/irobot_create_gz_toolbox/interface_buttons_node
-- Up-to-date symlink: /home/rushiksaiii/Desktop/ROS/rpwr-assignments/06_navigation/ros2_ws/install/irobot_create_gz_toolbox/include/irobot_create_gz_toolbox/interface_buttons/interface_buttons_node.hpp
-- Up-to-date symlink: /home/rushiksaiii/Desktop/ROS/rpwr-assignments/06_navigation/ros2_ws/install/irobot_create_gz_toolbox/include/irobot_create_gz_toolbox/pose_republisher/pose_republisher.hpp
-- Up-to-date symlink: /home/rushiksaiii/Desktop/ROS/rpwr-assignments/06_navigation/ros2_ws/install/irobot_create_gz_toolbox/include/irobot_create_gz_toolbox/sensors/bumper.hpp
-- Up-to-date symlink: /home/rushiksaiii/Desktop/ROS/rpwr-assignments/06_navigation/ros2_ws/install/irobot_create_gz_toolbox/include/irobot_create_gz_toolbox/sensors/cliff.hpp
-- Up-to-date symlink: /home/rushiksaiii/Desktop/ROS/rpwr-assignments/06_navigation/ros2_ws/install/irobot_create_gz_toolbox/include/irobot_create_gz_toolbox/sensors/ir_intensity.hpp
-- Up-to-date symlink: /home/rushiksaiii/Desktop/ROS/rpwr-assignments/06_navigation/ros2_ws/install/irobot_create_gz_toolbox/include/irobot_create_gz_toolbox/sensors/ir_opcode.hpp
-- Up-to-date symlink: /home/rushiksaiii/Desktop/ROS/rpwr-assignments/06_navigation/ros2_ws/install/irobot_create_gz_toolbox/include/irobot_create_gz_toolbox/sensors/mouse.hpp
-- Up-to-date symlink: /home/rushiksaiii/Desktop/ROS/rpwr-assignments/06_navigation/ros2_ws/install/irobot_create_gz_toolbox/include/irobot_create_gz_toolbox/sensors/sensors_node.hpp
-- Up-to-date symlink: /home/rushiksaiii/Desktop/ROS/rpwr-assignments/06_navigation/ros2_ws/install/irobot_create_gz_toolbox/include/irobot_create_gz_toolbox/sensors/wheel_drop.hpp
-- Up-to-date symlink: /home/rushiksaiii/Desktop/ROS/rpwr-assignments/06_navigation/ros2_ws/install/irobot_create_gz_toolbox/include/irobot_create_gz_toolbox/utils.hpp
-- Up-to-date symlink: /home/rushiksaiii/Desktop/ROS/rpwr-assignments/06_navigation/ros2_ws/install/irobot_create_gz_toolbox/share/irobot_create_gz_toolbox/environment/library_path.sh
-- Up-to-date symlink: /home/rushiksaiii/Desktop/ROS/rpwr-assignments/06_navigation/ros2_ws/install/irobot_create_gz_toolbox/share/irobot_create_gz_toolbox/environment/library_path.dsv
-- Up-to-date symlink: /home/rushiksaiii/Desktop/ROS/rpwr-assignments/06_navigation/ros2_ws/install/irobot_create_gz_toolbox/share/ament_index/resource_index/package_run_dependencies/irobot_create_gz_toolbox
-- Up-to-date symlink: /home/rushiksaiii/Desktop/ROS/rpwr-assignments/06_navigation/ros2_ws/install/irobot_create_gz_toolbox/share/ament_index/resource_index/parent_prefix_path/irobot_create_gz_toolbox
-- Up-to-date symlink: /home/rushiksaiii/Desktop/ROS/rpwr-assignments/06_navigation/ros2_ws/install/irobot_create_gz_toolbox/share/irobot_create_gz_toolbox/environment/ament_prefix_path.sh
-- Up-to-date symlink: /home/rushiksaiii/Desktop/ROS/rpwr-assignments/06_navigation/ros2_ws/install/irobot_create_gz_toolbox/share/irobot_create_gz_toolbox/environment/ament_prefix_path.dsv
-- Up-to-date symlink: /home/rushiksaiii/Desktop/ROS/rpwr-assignments/06_navigation/ros2_ws/install/irobot_create_gz_toolbox/share/irobot_create_gz_toolbox/environment/path.sh
-- Up-to-date symlink: /home/rushiksaiii/Desktop/ROS/rpwr-assignments/06_navigation/ros2_ws/install/irobot_create_gz_toolbox/share/irobot_create_gz_toolbox/environment/path.dsv
-- Up-to-date symlink: /home/rushiksaiii/Desktop/ROS/rpwr-assignments/06_navigation/ros2_ws/install/irobot_create_gz_toolbox/share/irobot_create_gz_toolbox/local_setup.bash
-- Up-to-date symlink: /home/rushiksaiii/Desktop/ROS/rpwr-assignments/06_navigation/ros2_ws/install/irobot_create_gz_toolbox/share/irobot_create_gz_toolbox/local_setup.sh
-- Up-to-date symlink: /home/rushiksaiii/Desktop/ROS/rpwr-assignments/06_navigation/ros2_ws/install/irobot_create_gz_toolbox/share/irobot_create_gz_toolbox/local_setup.zsh
-- Up-to-date symlink: /home/rushiksaiii/Desktop/ROS/rpwr-assignments/06_navigation/ros2_ws/install/irobot_create_gz_toolbox/share/irobot_create_gz_toolbox/local_setup.dsv
-- Symlinking: /home/rushiksaiii/Desktop/ROS/rpwr-assignments/06_navigation/ros2_ws/install/irobot_create_gz_toolbox/share/irobot_create_gz_toolbox/package.dsv
-- Up-to-date symlink: /home/rushiksaiii/Desktop/ROS/rpwr-assignments/06_navigation/ros2_ws/install/irobot_create_gz_toolbox/share/ament_index/resource_index/packages/irobot_create_gz_toolbox
-- Up-to-date symlink: /home/rushiksaiii/Desktop/ROS/rpwr-assignments/06_navigation/ros2_ws/install/irobot_create_gz_toolbox/share/irobot_create_gz_toolbox/cmake/ament_cmake_export_include_directories-extras.cmake
-- Up-to-date symlink: /home/rushiksaiii/Desktop/ROS/rpwr-assignments/06_navigation/ros2_ws/install/irobot_create_gz_toolbox/share/irobot_create_gz_toolbox/cmake/ament_cmake_export_libraries-extras.cmake
-- Up-to-date symlink: /home/rushiksaiii/Desktop/ROS/rpwr-assignments/06_navigation/ros2_ws/install/irobot_create_gz_toolbox/share/irobot_create_gz_toolbox/cmake/ament_cmake_export_dependencies-extras.cmake
-- Up-to-date symlink: /home/rushiksaiii/Desktop/ROS/rpwr-assignments/06_navigation/ros2_ws/install/irobot_create_gz_toolbox/share/irobot_create_gz_toolbox/cmake/irobot_create_gz_toolboxConfig.cmake
-- Up-to-date symlink: /home/rushiksaiii/Desktop/ROS/rpwr-assignments/06_navigation/ros2_ws/install/irobot_create_gz_toolbox/share/irobot_create_gz_toolbox/cmake/irobot_create_gz_toolboxConfig-version.cmake
-- Up-to-date symlink: /home/rushiksaiii/Desktop/ROS/rpwr-assignments/06_navigation/ros2_ws/install/irobot_create_gz_toolbox/share/irobot_create_gz_toolbox/package.xml
