running egg_info
creating ../../build/collision_avoid_pkg/collision_avoid_pkg.egg-info
writing ../../build/collision_avoid_pkg/collision_avoid_pkg.egg-info/PKG-INFO
writing dependency_links to ../../build/collision_avoid_pkg/collision_avoid_pkg.egg-info/dependency_links.txt
writing entry points to ../../build/collision_avoid_pkg/collision_avoid_pkg.egg-info/entry_points.txt
writing requirements to ../../build/collision_avoid_pkg/collision_avoid_pkg.egg-info/requires.txt
writing top-level names to ../../build/collision_avoid_pkg/collision_avoid_pkg.egg-info/top_level.txt
writing manifest file '../../build/collision_avoid_pkg/collision_avoid_pkg.egg-info/SOURCES.txt'
reading manifest file '../../build/collision_avoid_pkg/collision_avoid_pkg.egg-info/SOURCES.txt'
writing manifest file '../../build/collision_avoid_pkg/collision_avoid_pkg.egg-info/SOURCES.txt'
running build
running build_py
creating /home/rushiksaiii/Desktop/ROS/rpwr-assignments/06_navigation/ros2_ws/build/collision_avoid_pkg/build
creating /home/rushiksaiii/Desktop/ROS/rpwr-assignments/06_navigation/ros2_ws/build/collision_avoid_pkg/build/lib
creating /home/rushiksaiii/Desktop/ROS/rpwr-assignments/06_navigation/ros2_ws/build/collision_avoid_pkg/build/lib/collision_avoid_pkg
copying collision_avoid_pkg/__init__.py -> /home/rushiksaiii/Desktop/ROS/rpwr-assignments/06_navigation/ros2_ws/build/collision_avoid_pkg/build/lib/collision_avoid_pkg
copying collision_avoid_pkg/collision_avoid_node.py -> /home/rushiksaiii/Desktop/ROS/rpwr-assignments/06_navigation/ros2_ws/build/collision_avoid_pkg/build/lib/collision_avoid_pkg
running install
running install_lib
creating /home/rushiksaiii/Desktop/ROS/rpwr-assignments/06_navigation/ros2_ws/install/collision_avoid_pkg/lib/python3.12/site-packages/collision_avoid_pkg
copying /home/rushiksaiii/Desktop/ROS/rpwr-assignments/06_navigation/ros2_ws/build/collision_avoid_pkg/build/lib/collision_avoid_pkg/__init__.py -> /home/rushiksaiii/Desktop/ROS/rpwr-assignments/06_navigation/ros2_ws/install/collision_avoid_pkg/lib/python3.12/site-packages/collision_avoid_pkg
copying /home/rushiksaiii/Desktop/ROS/rpwr-assignments/06_navigation/ros2_ws/build/collision_avoid_pkg/build/lib/collision_avoid_pkg/collision_avoid_node.py -> /home/rushiksaiii/Desktop/ROS/rpwr-assignments/06_navigation/ros2_ws/install/collision_avoid_pkg/lib/python3.12/site-packages/collision_avoid_pkg
byte-compiling /home/rushiksaiii/Desktop/ROS/rpwr-assignments/06_navigation/ros2_ws/install/collision_avoid_pkg/lib/python3.12/site-packages/collision_avoid_pkg/__init__.py to __init__.cpython-312.pyc
byte-compiling /home/rushiksaiii/Desktop/ROS/rpwr-assignments/06_navigation/ros2_ws/install/collision_avoid_pkg/lib/python3.12/site-packages/collision_avoid_pkg/collision_avoid_node.py to collision_avoid_node.cpython-312.pyc
running install_data
creating /home/rushiksaiii/Desktop/ROS/rpwr-assignments/06_navigation/ros2_ws/install/collision_avoid_pkg/share/ament_index
creating /home/rushiksaiii/Desktop/ROS/rpwr-assignments/06_navigation/ros2_ws/install/collision_avoid_pkg/share/ament_index/resource_index
creating /home/rushiksaiii/Desktop/ROS/rpwr-assignments/06_navigation/ros2_ws/install/collision_avoid_pkg/share/ament_index/resource_index/packages
copying resource/collision_avoid_pkg -> /home/rushiksaiii/Desktop/ROS/rpwr-assignments/06_navigation/ros2_ws/install/collision_avoid_pkg/share/ament_index/resource_index/packages
copying package.xml -> /home/rushiksaiii/Desktop/ROS/rpwr-assignments/06_navigation/ros2_ws/install/collision_avoid_pkg/share/collision_avoid_pkg
running install_egg_info
Copying ../../build/collision_avoid_pkg/collision_avoid_pkg.egg-info to /home/rushiksaiii/Desktop/ROS/rpwr-assignments/06_navigation/ros2_ws/install/collision_avoid_pkg/lib/python3.12/site-packages/collision_avoid_pkg-0.0.0-py3.12.egg-info
running install_scripts
Installing collision_avoid_node script to /home/rushiksaiii/Desktop/ROS/rpwr-assignments/06_navigation/ros2_ws/install/collision_avoid_pkg/lib/collision_avoid_pkg
writing list of installed files to '/home/rushiksaiii/Desktop/ROS/rpwr-assignments/06_navigation/ros2_ws/build/collision_avoid_pkg/install.log'
